This file contains any messages produced by compilers while
running configure, to aid debugging if configure makes a mistake.

It was created by FreeXL configure 1.0.0e, which was
generated by GNU Autoconf 2.68.  Invocation command line was

  $ ./configure 

## --------- ##
## Platform. ##
## --------- ##

hostname = HAF
uname -m = x86_64
uname -r = 3.8.0-29-generic
uname -s = Linux
uname -v = #42-Ubuntu SMP Tue Aug 13 19:40:39 UTC 2013

/usr/bin/uname -p = unknown
/bin/uname -X     = unknown

/bin/arch              = unknown
/usr/bin/arch -k       = unknown
/usr/convex/getsysinfo = unknown
/usr/bin/hostinfo      = unknown
/bin/machine           = unknown
/usr/bin/oslevel       = unknown
/bin/universe          = unknown

PATH: /usr/lib/lightdm/lightdm
PATH: /usr/local/sbin
PATH: /usr/local/bin
PATH: /usr/sbin
PATH: /usr/bin
PATH: /sbin
PATH: /bin
PATH: /usr/games
PATH: /usr/local/games
PATH: /opt/android-ndk-r9
PATH: /opt/android-sdk/tools
PATH: /opt/android-sdk/platform-tools
PATH: /opt/android-studio/bin
PATH: /usr/lib/jvm/jdk1.7.0_25/bin


## ----------- ##
## Core tests. ##
## ----------- ##

configure:2428: checking for a BSD-compatible install
configure:2496: result: /usr/bin/install -c
configure:2507: checking whether build environment is sane
configure:2557: result: yes
configure:2698: checking for a thread-safe mkdir -p
configure:2737: result: /bin/mkdir -p
configure:2750: checking for gawk
configure:2780: result: no
configure:2750: checking for mawk
configure:2766: found /usr/bin/mawk
configure:2777: result: mawk
configure:2788: checking whether make sets $(MAKE)
configure:2810: result: yes
configure:2891: checking whether to enable maintainer-specific portions of Makefiles
configure:2900: result: no
configure:2930: checking for style of include used by make
configure:2958: result: GNU
configure:3029: checking for gcc
configure:3045: found /usr/bin/gcc
configure:3056: result: gcc
configure:3285: checking for C compiler version
configure:3294: gcc --version >&5
gcc (Ubuntu/Linaro 4.7.3-1ubuntu1) 4.7.3
Copyright (C) 2012 Free Software Foundation, Inc.
This is free software; see the source for copying conditions.  There is NO
warranty; not even for MERCHANTABILITY or FITNESS FOR A PARTICULAR PURPOSE.

configure:3305: $? = 0
configure:3294: gcc -v >&5
Using built-in specs.
COLLECT_GCC=gcc
COLLECT_LTO_WRAPPER=/usr/lib/gcc/x86_64-linux-gnu/4.7/lto-wrapper
Target: x86_64-linux-gnu
Configured with: ../src/configure -v --with-pkgversion='Ubuntu/Linaro 4.7.3-1ubuntu1' --with-bugurl=file:///usr/share/doc/gcc-4.7/README.Bugs --enable-languages=c,c++,go,fortran,objc,obj-c++ --prefix=/usr --program-suffix=-4.7 --enable-shared --enable-linker-build-id --libexecdir=/usr/lib --without-included-gettext --enable-threads=posix --with-gxx-include-dir=/usr/include/c++/4.7 --libdir=/usr/lib --enable-nls --with-sysroot=/ --enable-clocale=gnu --enable-libstdcxx-debug --enable-libstdcxx-time=yes --enable-gnu-unique-object --enable-plugin --with-system-zlib --enable-objc-gc --with-cloog --enable-cloog-backend=ppl --disable-cloog-version-check --disable-ppl-version-check --enable-multiarch --disable-werror --with-arch-32=i686 --with-abi=m64 --with-multilib-list=m32,m64,mx32 --with-tune=generic --enable-checking=release --build=x86_64-linux-gnu --host=x86_64-linux-gnu --target=x86_64-linux-gnu
Thread model: posix
gcc version 4.7.3 (Ubuntu/Linaro 4.7.3-1ubuntu1) 
configure:3305: $? = 0
configure:3294: gcc -V >&5
gcc: error: unrecognized command line option '-V'
gcc: fatal error: no input files
compilation terminated.
configure:3305: $? = 4
configure:3294: gcc -qversion >&5
gcc: error: unrecognized command line option '-qversion'
gcc: fatal error: no input files
compilation terminated.
configure:3305: $? = 4
configure:3325: checking whether the C compiler works
configure:3347: gcc    conftest.c  >&5
configure:3351: $? = 0
configure:3399: result: yes
configure:3402: checking for C compiler default output file name
configure:3404: result: a.out
configure:3410: checking for suffix of executables
configure:3417: gcc -o conftest    conftest.c  >&5
configure:3421: $? = 0
configure:3443: result: 
configure:3465: checking whether we are cross compiling
configure:3473: gcc -o conftest    conftest.c  >&5
configure:3477: $? = 0
configure:3484: ./conftest
configure:3488: $? = 0
configure:3503: result: no
configure:3508: checking for suffix of object files
configure:3530: gcc -c   conftest.c >&5
configure:3534: $? = 0
configure:3555: result: o
configure:3559: checking whether we are using the GNU C compiler
configure:3578: gcc -c   conftest.c >&5
configure:3578: $? = 0
configure:3587: result: yes
configure:3596: checking whether gcc accepts -g
configure:3616: gcc -c -g  conftest.c >&5
configure:3616: $? = 0
configure:3657: result: yes
configure:3674: checking for gcc option to accept ISO C89
configure:3738: gcc  -c -g -O2  conftest.c >&5
configure:3738: $? = 0
configure:3751: result: none needed
configure:3773: checking dependency style of gcc
configure:3884: result: gcc3
configure:3905: checking how to run the C preprocessor
configure:3936: gcc -E  conftest.c
configure:3936: $? = 0
configure:3950: gcc -E  conftest.c
conftest.c:11:28: fatal error: ac_nonexistent.h: No such file or directory
compilation terminated.
configure:3950: $? = 1
configure: failed program was:
| /* confdefs.h */
| #define PACKAGE_NAME "FreeXL"
| #define PACKAGE_TARNAME "freexl"
| #define PACKAGE_VERSION "1.0.0e"
| #define PACKAGE_STRING "FreeXL 1.0.0e"
| #define PACKAGE_BUGREPORT "a.furieri@lqt.it"
| #define PACKAGE_URL ""
| #define PACKAGE "freexl"
| #define VERSION "1.0.0e"
| /* end confdefs.h.  */
| #include <ac_nonexistent.h>
configure:3975: result: gcc -E
configure:3995: gcc -E  conftest.c
configure:3995: $? = 0
configure:4009: gcc -E  conftest.c
conftest.c:11:28: fatal error: ac_nonexistent.h: No such file or directory
compilation terminated.
configure:4009: $? = 1
configure: failed program was:
| /* confdefs.h */
| #define PACKAGE_NAME "FreeXL"
| #define PACKAGE_TARNAME "freexl"
| #define PACKAGE_VERSION "1.0.0e"
| #define PACKAGE_STRING "FreeXL 1.0.0e"
| #define PACKAGE_BUGREPORT "a.furieri@lqt.it"
| #define PACKAGE_URL ""
| #define PACKAGE "freexl"
| #define VERSION "1.0.0e"
| /* end confdefs.h.  */
| #include <ac_nonexistent.h>
configure:4038: checking for grep that handles long lines and -e
configure:4096: result: /bin/grep
configure:4101: checking for egrep
configure:4163: result: /bin/grep -E
configure:4168: checking for ANSI C header files
configure:4188: gcc -c -g -O2  conftest.c >&5
configure:4188: $? = 0
configure:4261: gcc -o conftest -g -O2   conftest.c  >&5
configure:4261: $? = 0
configure:4261: ./conftest
configure:4261: $? = 0
configure:4272: result: yes
configure:4285: checking for sys/types.h
configure:4285: gcc -c -g -O2  conftest.c >&5
configure:4285: $? = 0
configure:4285: result: yes
configure:4285: checking for sys/stat.h
configure:4285: gcc -c -g -O2  conftest.c >&5
configure:4285: $? = 0
configure:4285: result: yes
configure:4285: checking for stdlib.h
configure:4285: gcc -c -g -O2  conftest.c >&5
configure:4285: $? = 0
configure:4285: result: yes
configure:4285: checking for string.h
configure:4285: gcc -c -g -O2  conftest.c >&5
configure:4285: $? = 0
configure:4285: result: yes
configure:4285: checking for memory.h
configure:4285: gcc -c -g -O2  conftest.c >&5
configure:4285: $? = 0
configure:4285: result: yes
configure:4285: checking for strings.h
configure:4285: gcc -c -g -O2  conftest.c >&5
configure:4285: $? = 0
configure:4285: result: yes
configure:4285: checking for inttypes.h
configure:4285: gcc -c -g -O2  conftest.c >&5
configure:4285: $? = 0
configure:4285: result: yes
configure:4285: checking for stdint.h
configure:4285: gcc -c -g -O2  conftest.c >&5
configure:4285: $? = 0
configure:4285: result: yes
configure:4285: checking for unistd.h
configure:4285: gcc -c -g -O2  conftest.c >&5
configure:4285: $? = 0
configure:4285: result: yes
configure:4299: checking for stdlib.h
configure:4299: result: yes
configure:4313: checking stdio.h usability
configure:4313: gcc -c -g -O2  conftest.c >&5
configure:4313: $? = 0
configure:4313: result: yes
configure:4313: checking stdio.h presence
configure:4313: gcc -E  conftest.c
configure:4313: $? = 0
configure:4313: result: yes
configure:4313: checking for stdio.h
configure:4313: result: yes
configure:4327: checking for string.h
configure:4327: result: yes
configure:4341: checking math.h usability
configure:4341: gcc -c -g -O2  conftest.c >&5
configure:4341: $? = 0
configure:4341: result: yes
configure:4341: checking math.h presence
configure:4341: gcc -E  conftest.c
configure:4341: $? = 0
configure:4341: result: yes
configure:4341: checking for math.h
configure:4341: result: yes
configure:4414: checking for g++
configure:4430: found /usr/bin/g++
configure:4441: result: g++
configure:4468: checking for C++ compiler version
configure:4477: g++ --version >&5
g++ (Ubuntu/Linaro 4.7.3-1ubuntu1) 4.7.3
Copyright (C) 2012 Free Software Foundation, Inc.
This is free software; see the source for copying conditions.  There is NO
warranty; not even for MERCHANTABILITY or FITNESS FOR A PARTICULAR PURPOSE.

configure:4488: $? = 0
configure:4477: g++ -v >&5
Using built-in specs.
COLLECT_GCC=g++
COLLECT_LTO_WRAPPER=/usr/lib/gcc/x86_64-linux-gnu/4.7/lto-wrapper
Target: x86_64-linux-gnu
Configured with: ../src/configure -v --with-pkgversion='Ubuntu/Linaro 4.7.3-1ubuntu1' --with-bugurl=file:///usr/share/doc/gcc-4.7/README.Bugs --enable-languages=c,c++,go,fortran,objc,obj-c++ --prefix=/usr --program-suffix=-4.7 --enable-shared --enable-linker-build-id --libexecdir=/usr/lib --without-included-gettext --enable-threads=posix --with-gxx-include-dir=/usr/include/c++/4.7 --libdir=/usr/lib --enable-nls --with-sysroot=/ --enable-clocale=gnu --enable-libstdcxx-debug --enable-libstdcxx-time=yes --enable-gnu-unique-object --enable-plugin --with-system-zlib --enable-objc-gc --with-cloog --enable-cloog-backend=ppl --disable-cloog-version-check --disable-ppl-version-check --enable-multiarch --disable-werror --with-arch-32=i686 --with-abi=m64 --with-multilib-list=m32,m64,mx32 --with-tune=generic --enable-checking=release --build=x86_64-linux-gnu --host=x86_64-linux-gnu --target=x86_64-linux-gnu
Thread model: posix
gcc version 4.7.3 (Ubuntu/Linaro 4.7.3-1ubuntu1) 
configure:4488: $? = 0
configure:4477: g++ -V >&5
g++: error: unrecognized command line option '-V'
g++: fatal error: no input files
compilation terminated.
configure:4488: $? = 4
configure:4477: g++ -qversion >&5
g++: error: unrecognized command line option '-qversion'
g++: fatal error: no input files
compilation terminated.
configure:4488: $? = 4
configure:4492: checking whether we are using the GNU C++ compiler
configure:4511: g++ -c   conftest.cpp >&5
configure:4511: $? = 0
configure:4520: result: yes
configure:4529: checking whether g++ accepts -g
configure:4549: g++ -c -g  conftest.cpp >&5
configure:4549: $? = 0
configure:4590: result: yes
configure:4615: checking dependency style of g++
configure:4726: result: gcc3
configure:4789: checking for gcc
configure:4816: result: gcc
configure:5045: checking for C compiler version
configure:5054: gcc --version >&5
gcc (Ubuntu/Linaro 4.7.3-1ubuntu1) 4.7.3
Copyright (C) 2012 Free Software Foundation, Inc.
This is free software; see the source for copying conditions.  There is NO
warranty; not even for MERCHANTABILITY or FITNESS FOR A PARTICULAR PURPOSE.

configure:5065: $? = 0
configure:5054: gcc -v >&5
Using built-in specs.
COLLECT_GCC=gcc
COLLECT_LTO_WRAPPER=/usr/lib/gcc/x86_64-linux-gnu/4.7/lto-wrapper
Target: x86_64-linux-gnu
Configured with: ../src/configure -v --with-pkgversion='Ubuntu/Linaro 4.7.3-1ubuntu1' --with-bugurl=file:///usr/share/doc/gcc-4.7/README.Bugs --enable-languages=c,c++,go,fortran,objc,obj-c++ --prefix=/usr --program-suffix=-4.7 --enable-shared --enable-linker-build-id --libexecdir=/usr/lib --without-included-gettext --enable-threads=posix --with-gxx-include-dir=/usr/include/c++/4.7 --libdir=/usr/lib --enable-nls --with-sysroot=/ --enable-clocale=gnu --enable-libstdcxx-debug --enable-libstdcxx-time=yes --enable-gnu-unique-object --enable-plugin --with-system-zlib --enable-objc-gc --with-cloog --enable-cloog-backend=ppl --disable-cloog-version-check --disable-ppl-version-check --enable-multiarch --disable-werror --with-arch-32=i686 --with-abi=m64 --with-multilib-list=m32,m64,mx32 --with-tune=generic --enable-checking=release --build=x86_64-linux-gnu --host=x86_64-linux-gnu --target=x86_64-linux-gnu
Thread model: posix
gcc version 4.7.3 (Ubuntu/Linaro 4.7.3-1ubuntu1) 
configure:5065: $? = 0
configure:5054: gcc -V >&5
gcc: error: unrecognized command line option '-V'
gcc: fatal error: no input files
compilation terminated.
configure:5065: $? = 4
configure:5054: gcc -qversion >&5
gcc: error: unrecognized command line option '-qversion'
gcc: fatal error: no input files
compilation terminated.
configure:5065: $? = 4
configure:5069: checking whether we are using the GNU C compiler
configure:5097: result: yes
configure:5106: checking whether gcc accepts -g
configure:5167: result: yes
configure:5184: checking for gcc option to accept ISO C89
configure:5261: result: none needed
configure:5283: checking dependency style of gcc
configure:5394: result: gcc3
configure:5414: checking how to run the C preprocessor
configure:5484: result: gcc -E
configure:5504: gcc -E  conftest.c
configure:5504: $? = 0
configure:5518: gcc -E  conftest.c
conftest.c:25:28: fatal error: ac_nonexistent.h: No such file or directory
compilation terminated.
configure:5518: $? = 1
configure: failed program was:
| /* confdefs.h */
| #define PACKAGE_NAME "FreeXL"
| #define PACKAGE_TARNAME "freexl"
| #define PACKAGE_VERSION "1.0.0e"
| #define PACKAGE_STRING "FreeXL 1.0.0e"
| #define PACKAGE_BUGREPORT "a.furieri@lqt.it"
| #define PACKAGE_URL ""
| #define PACKAGE "freexl"
| #define VERSION "1.0.0e"
| #define STDC_HEADERS 1
| #define HAVE_SYS_TYPES_H 1
| #define HAVE_SYS_STAT_H 1
| #define HAVE_STDLIB_H 1
| #define HAVE_STRING_H 1
| #define HAVE_MEMORY_H 1
| #define HAVE_STRINGS_H 1
| #define HAVE_INTTYPES_H 1
| #define HAVE_STDINT_H 1
| #define HAVE_UNISTD_H 1
| #define HAVE_STDLIB_H 1
| #define HAVE_STDIO_H 1
| #define HAVE_STRING_H 1
| #define HAVE_MATH_H 1
| /* end confdefs.h.  */
| #include <ac_nonexistent.h>
configure:5547: checking whether ln -s works
configure:5551: result: yes
configure:5558: checking whether make sets $(MAKE)
configure:5580: result: yes
configure:5593: checking build system type
configure:5607: result: x86_64-unknown-linux-gnu
configure:5627: checking host system type
configure:5640: result: x86_64-unknown-linux-gnu
configure:6009: checking how to print strings
configure:6036: result: printf
configure:6057: checking for a sed that does not truncate output
configure:6121: result: /bin/sed
configure:6139: checking for fgrep
configure:6201: result: /bin/grep -F
configure:6236: checking for ld used by gcc
configure:6303: result: /usr/bin/ld
configure:6310: checking if the linker (/usr/bin/ld) is GNU ld
configure:6325: result: yes
configure:6337: checking for BSD- or MS-compatible name lister (nm)
configure:6386: result: /usr/bin/nm -B
configure:6516: checking the name lister (/usr/bin/nm -B) interface
configure:6523: gcc -c -g -O2  conftest.c >&5
configure:6526: /usr/bin/nm -B "conftest.o"
configure:6529: output
0000000000000000 B some_variable
configure:6536: result: BSD nm
configure:6540: checking the maximum length of command line arguments
configure:6665: result: 1572864
configure:6682: checking whether the shell understands some XSI constructs
configure:6692: result: yes
configure:6696: checking whether the shell understands "+="
configure:6702: result: yes
configure:6737: checking how to convert x86_64-unknown-linux-gnu file names to x86_64-unknown-linux-gnu format
configure:6777: result: func_convert_file_noop
configure:6784: checking how to convert x86_64-unknown-linux-gnu file names to toolchain format
configure:6804: result: func_convert_file_noop
configure:6811: checking for /usr/bin/ld option to reload object files
configure:6818: result: -r
configure:6892: checking for objdump
configure:6919: result: objdump
configure:6948: checking how to recognize dependent libraries
configure:7150: result: pass_all
configure:7235: checking for dlltool
configure:7262: result: dlltool
configure:7292: checking how to associate runtime and link libraries
configure:7319: result: printf %s\n
configure:7379: checking for ar
configure:7395: found /usr/bin/ar
configure:7406: result: ar
configure:7443: checking for archiver @FILE support
configure:7460: gcc -c -g -O2  conftest.c >&5
configure:7460: $? = 0
configure:7463: ar cru libconftest.a @conftest.lst >&5
configure:7466: $? = 0
configure:7471: ar cru libconftest.a @conftest.lst >&5
ar: conftest.o: No such file or directory
configure:7474: $? = 1
configure:7486: result: @
configure:7544: checking for strip
configure:7560: found /usr/bin/strip
configure:7571: result: strip
configure:7643: checking for ranlib
configure:7659: found /usr/bin/ranlib
configure:7670: result: ranlib
configure:7772: checking command to parse /usr/bin/nm -B output from gcc object
configure:7891: gcc -c -g -O2  conftest.c >&5
configure:7894: $? = 0
configure:7898: /usr/bin/nm -B conftest.o \| sed -n -e 's/^.*[ ]\([ABCDGIRSTW][ABCDGIRSTW]*\)[ ][ ]*\([_A-Za-z][_A-Za-z0-9]*\)$/\1 \2 \2/p' | sed '/ __gnu_lto/d' \> conftest.nm
configure:7901: $? = 0
configure:7967: gcc -o conftest -g -O2   conftest.c conftstm.o >&5
configure:7970: $? = 0
configure:8008: result: ok
configure:8045: checking for sysroot
configure:8075: result: no
configure:8152: gcc -c -g -O2  conftest.c >&5
configure:8155: $? = 0
configure:8318: checking for mt
configure:8334: found /bin/mt
configure:8345: result: mt
configure:8368: checking if mt is a manifest tool
configure:8374: mt '-?'
configure:8382: result: no
configure:9011: checking for dlfcn.h
configure:9011: gcc -c -g -O2  conftest.c >&5
configure:9011: $? = 0
configure:9011: result: yes
configure:9207: checking for objdir
configure:9222: result: .libs
configure:9493: checking if gcc supports -fno-rtti -fno-exceptions
configure:9511: gcc -c -g -O2  -fno-rtti -fno-exceptions conftest.c >&5
cc1: warning: command line option '-fno-rtti' is valid for C++/ObjC++ but not for C [enabled by default]
configure:9515: $? = 0
configure:9528: result: no
configure:9838: checking for gcc option to produce PIC
configure:9845: result: -fPIC -DPIC
configure:9853: checking if gcc PIC flag -fPIC -DPIC works
configure:9871: gcc -c -g -O2  -fPIC -DPIC -DPIC conftest.c >&5
configure:9875: $? = 0
configure:9888: result: yes
configure:9917: checking if gcc static flag -static works
configure:9945: result: yes
configure:9960: checking if gcc supports -c -o file.o
configure:9981: gcc -c -g -O2  -o out/conftest2.o conftest.c >&5
configure:9985: $? = 0
configure:10007: result: yes
configure:10015: checking if gcc supports -c -o file.o
configure:10062: result: yes
configure:10095: checking whether the gcc linker (/usr/bin/ld -m elf_x86_64) supports shared libraries
configure:11253: result: yes
configure:11290: checking whether -lc should be explicitly linked in
configure:11298: gcc -c -g -O2  conftest.c >&5
configure:11301: $? = 0
configure:11316: gcc -shared  -fPIC -DPIC conftest.o  -v -Wl,-soname -Wl,conftest -o conftest 2\>\&1 \| /bin/grep  -lc  \>/dev/null 2\>\&1
configure:11319: $? = 0
configure:11333: result: no
configure:11498: checking dynamic linker characteristics
configure:12012: gcc -o conftest -g -O2   -Wl,-rpath -Wl,/foo conftest.c  >&5
configure:12012: $? = 0
configure:12238: result: GNU/Linux ld.so
configure:12345: checking how to hardcode library paths into programs
configure:12370: result: immediate
configure:12910: checking whether stripping libraries is possible
configure:12915: result: yes
configure:12950: checking if libtool supports shared libraries
configure:12952: result: yes
configure:12955: checking whether to build shared libraries
configure:12976: result: yes
configure:12979: checking whether to build static libraries
configure:12983: result: yes
configure:13006: checking how to run the C++ preprocessor
configure:13033: g++ -E  conftest.cpp
configure:13033: $? = 0
configure:13047: g++ -E  conftest.cpp
conftest.cpp:27:28: fatal error: ac_nonexistent.h: No such file or directory
compilation terminated.
configure:13047: $? = 1
configure: failed program was:
| /* confdefs.h */
| #define PACKAGE_NAME "FreeXL"
| #define PACKAGE_TARNAME "freexl"
| #define PACKAGE_VERSION "1.0.0e"
| #define PACKAGE_STRING "FreeXL 1.0.0e"
| #define PACKAGE_BUGREPORT "a.furieri@lqt.it"
| #define PACKAGE_URL ""
| #define PACKAGE "freexl"
| #define VERSION "1.0.0e"
| #define STDC_HEADERS 1
| #define HAVE_SYS_TYPES_H 1
| #define HAVE_SYS_STAT_H 1
| #define HAVE_STDLIB_H 1
| #define HAVE_STRING_H 1
| #define HAVE_MEMORY_H 1
| #define HAVE_STRINGS_H 1
| #define HAVE_INTTYPES_H 1
| #define HAVE_STDINT_H 1
| #define HAVE_UNISTD_H 1
| #define HAVE_STDLIB_H 1
| #define HAVE_STDIO_H 1
| #define HAVE_STRING_H 1
| #define HAVE_MATH_H 1
| #define HAVE_DLFCN_H 1
| #define LT_OBJDIR ".libs/"
| /* end confdefs.h.  */
| #include <ac_nonexistent.h>
configure:13072: result: g++ -E
configure:13092: g++ -E  conftest.cpp
configure:13092: $? = 0
configure:13106: g++ -E  conftest.cpp
conftest.cpp:27:28: fatal error: ac_nonexistent.h: No such file or directory
compilation terminated.
configure:13106: $? = 1
configure: failed program was:
| /* confdefs.h */
| #define PACKAGE_NAME "FreeXL"
| #define PACKAGE_TARNAME "freexl"
| #define PACKAGE_VERSION "1.0.0e"
| #define PACKAGE_STRING "FreeXL 1.0.0e"
| #define PACKAGE_BUGREPORT "a.furieri@lqt.it"
| #define PACKAGE_URL ""
| #define PACKAGE "freexl"
| #define VERSION "1.0.0e"
| #define STDC_HEADERS 1
| #define HAVE_SYS_TYPES_H 1
| #define HAVE_SYS_STAT_H 1
| #define HAVE_STDLIB_H 1
| #define HAVE_STRING_H 1
| #define HAVE_MEMORY_H 1
| #define HAVE_STRINGS_H 1
| #define HAVE_INTTYPES_H 1
| #define HAVE_STDINT_H 1
| #define HAVE_UNISTD_H 1
| #define HAVE_STDLIB_H 1
| #define HAVE_STDIO_H 1
| #define HAVE_STRING_H 1
| #define HAVE_MATH_H 1
| #define HAVE_DLFCN_H 1
| #define LT_OBJDIR ".libs/"
| /* end confdefs.h.  */
| #include <ac_nonexistent.h>
configure:13276: checking for ld used by g++
configure:13343: result: /usr/bin/ld -m elf_x86_64
configure:13350: checking if the linker (/usr/bin/ld -m elf_x86_64) is GNU ld
configure:13365: result: yes
configure:13420: checking whether the g++ linker (/usr/bin/ld -m elf_x86_64) supports shared libraries
configure:14424: result: yes
configure:14459: g++ -c -g -O2  conftest.cpp >&5
configure:14462: $? = 0
configure:14982: checking for g++ option to produce PIC
configure:14989: result: -fPIC -DPIC
configure:14997: checking if g++ PIC flag -fPIC -DPIC works
configure:15015: g++ -c -g -O2  -fPIC -DPIC -DPIC conftest.cpp >&5
configure:15019: $? = 0
configure:15032: result: yes
configure:15055: checking if g++ static flag -static works
configure:15083: result: yes
configure:15095: checking if g++ supports -c -o file.o
configure:15116: g++ -c -g -O2  -o out/conftest2.o conftest.cpp >&5
configure:15120: $? = 0
configure:15142: result: yes
configure:15147: checking if g++ supports -c -o file.o
configure:15194: result: yes
configure:15224: checking whether the g++ linker (/usr/bin/ld -m elf_x86_64) supports shared libraries
configure:15258: result: yes
configure:15401: checking dynamic linker characteristics
configure:16075: result: GNU/Linux ld.so
configure:16128: checking how to hardcode library paths into programs
configure:16153: result: immediate
configure:16214: checking for an ANSI C-conforming const
configure:16279: gcc -c -g -O2  conftest.c >&5
configure:16279: $? = 0
configure:16286: result: yes
configure:16294: checking for off_t
configure:16294: gcc -c -g -O2  conftest.c >&5
configure:16294: $? = 0
configure:16294: gcc -c -g -O2  conftest.c >&5
conftest.c: In function 'main':
conftest.c:63:20: error: expected expression before ')' token
configure:16294: $? = 1
configure: failed program was:
| /* confdefs.h */
| #define PACKAGE_NAME "FreeXL"
| #define PACKAGE_TARNAME "freexl"
| #define PACKAGE_VERSION "1.0.0e"
| #define PACKAGE_STRING "FreeXL 1.0.0e"
| #define PACKAGE_BUGREPORT "a.furieri@lqt.it"
| #define PACKAGE_URL ""
| #define PACKAGE "freexl"
| #define VERSION "1.0.0e"
| #define STDC_HEADERS 1
| #define HAVE_SYS_TYPES_H 1
| #define HAVE_SYS_STAT_H 1
| #define HAVE_STDLIB_H 1
| #define HAVE_STRING_H 1
| #define HAVE_MEMORY_H 1
| #define HAVE_STRINGS_H 1
| #define HAVE_INTTYPES_H 1
| #define HAVE_STDINT_H 1
| #define HAVE_UNISTD_H 1
| #define HAVE_STDLIB_H 1
| #define HAVE_STDIO_H 1
| #define HAVE_STRING_H 1
| #define HAVE_MATH_H 1
| #define HAVE_DLFCN_H 1
| #define LT_OBJDIR ".libs/"
| /* end confdefs.h.  */
| #include <stdio.h>
| #ifdef HAVE_SYS_TYPES_H
| # include <sys/types.h>
| #endif
| #ifdef HAVE_SYS_STAT_H
| # include <sys/stat.h>
| #endif
| #ifdef STDC_HEADERS
| # include <stdlib.h>
| # include <stddef.h>
| #else
| # ifdef HAVE_STDLIB_H
| #  include <stdlib.h>
| # endif
| #endif
| #ifdef HAVE_STRING_H
| # if !defined STDC_HEADERS && defined HAVE_MEMORY_H
| #  include <memory.h>
| # endif
| # include <string.h>
| #endif
| #ifdef HAVE_STRINGS_H
| # include <strings.h>
| #endif
| #ifdef HAVE_INTTYPES_H
| # include <inttypes.h>
| #endif
| #ifdef HAVE_STDINT_H
| # include <stdint.h>
| #endif
| #ifdef HAVE_UNISTD_H
| # include <unistd.h>
| #endif
| int
| main ()
| {
| if (sizeof ((off_t)))
| 	    return 0;
|   ;
|   return 0;
| }
configure:16294: result: yes
configure:16305: checking for size_t
configure:16305: gcc -c -g -O2  conftest.c >&5
configure:16305: $? = 0
configure:16305: gcc -c -g -O2  conftest.c >&5
conftest.c: In function 'main':
conftest.c:63:21: error: expected expression before ')' token
configure:16305: $? = 1
configure: failed program was:
| /* confdefs.h */
| #define PACKAGE_NAME "FreeXL"
| #define PACKAGE_TARNAME "freexl"
| #define PACKAGE_VERSION "1.0.0e"
| #define PACKAGE_STRING "FreeXL 1.0.0e"
| #define PACKAGE_BUGREPORT "a.furieri@lqt.it"
| #define PACKAGE_URL ""
| #define PACKAGE "freexl"
| #define VERSION "1.0.0e"
| #define STDC_HEADERS 1
| #define HAVE_SYS_TYPES_H 1
| #define HAVE_SYS_STAT_H 1
| #define HAVE_STDLIB_H 1
| #define HAVE_STRING_H 1
| #define HAVE_MEMORY_H 1
| #define HAVE_STRINGS_H 1
| #define HAVE_INTTYPES_H 1
| #define HAVE_STDINT_H 1
| #define HAVE_UNISTD_H 1
| #define HAVE_STDLIB_H 1
| #define HAVE_STDIO_H 1
| #define HAVE_STRING_H 1
| #define HAVE_MATH_H 1
| #define HAVE_DLFCN_H 1
| #define LT_OBJDIR ".libs/"
| /* end confdefs.h.  */
| #include <stdio.h>
| #ifdef HAVE_SYS_TYPES_H
| # include <sys/types.h>
| #endif
| #ifdef HAVE_SYS_STAT_H
| # include <sys/stat.h>
| #endif
| #ifdef STDC_HEADERS
| # include <stdlib.h>
| # include <stddef.h>
| #else
| # ifdef HAVE_STDLIB_H
| #  include <stdlib.h>
| # endif
| #endif
| #ifdef HAVE_STRING_H
| # if !defined STDC_HEADERS && defined HAVE_MEMORY_H
| #  include <memory.h>
| # endif
| # include <string.h>
| #endif
| #ifdef HAVE_STRINGS_H
| # include <strings.h>
| #endif
| #ifdef HAVE_INTTYPES_H
| # include <inttypes.h>
| #endif
| #ifdef HAVE_STDINT_H
| # include <stdint.h>
| #endif
| #ifdef HAVE_UNISTD_H
| # include <unistd.h>
| #endif
| int
| main ()
| {
| if (sizeof ((size_t)))
| 	    return 0;
|   ;
|   return 0;
| }
configure:16305: result: yes
configure:16316: checking whether time.h and sys/time.h may both be included
configure:16336: gcc -c -g -O2  conftest.c >&5
configure:16336: $? = 0
configure:16343: result: yes
configure:16351: checking whether struct tm is in sys/time.h or time.h
configure:16371: gcc -c -g -O2  conftest.c >&5
configure:16371: $? = 0
configure:16378: result: time.h
configure:16386: checking for working volatile
configure:16405: gcc -c -g -O2  conftest.c >&5
configure:16405: $? = 0
configure:16412: result: yes
configure:16422: checking whether lstat correctly handles trailing slash
configure:16448: gcc -o conftest -g -O2   conftest.c  >&5
configure:16448: $? = 0
configure:16448: ./conftest
configure:16448: $? = 0
configure:16465: result: yes
configure:16484: checking whether lstat accepts an empty string
configure:16504: gcc -o conftest -g -O2   conftest.c  >&5
configure:16504: $? = 0
configure:16504: ./conftest
configure:16504: $? = 0
configure:16514: result: no
configure:16530: checking whether lstat correctly handles trailing slash
configure:16573: result: yes
configure:16592: checking for working memcmp
configure:16635: gcc -o conftest -g -O2   conftest.c  >&5
configure:16635: $? = 0
configure:16635: ./conftest
configure:16635: $? = 0
configure:16645: result: yes
configure:16654: checking whether stat accepts an empty string
configure:16674: gcc -o conftest -g -O2   conftest.c  >&5
configure:16674: $? = 0
configure:16674: ./conftest
configure:16674: $? = 0
configure:16684: result: no
configure:16702: checking for strftime
configure:16702: gcc -o conftest -g -O2   conftest.c  >&5
conftest.c:53:6: warning: conflicting types for built-in function 'strftime' [enabled by default]
configure:16702: $? = 0
configure:16702: result: yes
configure:16758: checking for sqrt
configure:16758: gcc -o conftest -g -O2   conftest.c  >&5
conftest.c:54:6: warning: conflicting types for built-in function 'sqrt' [enabled by default]
/tmp/ccZZDKtc.o: In function `main':
/home/sevar/workspace/freexl-1.0.0e/conftest.c:65: undefined reference to `sqrt'
collect2: error: ld returned 1 exit status
configure:16758: $? = 1
configure: failed program was:
| /* confdefs.h */
| #define PACKAGE_NAME "FreeXL"
| #define PACKAGE_TARNAME "freexl"
| #define PACKAGE_VERSION "1.0.0e"
| #define PACKAGE_STRING "FreeXL 1.0.0e"
| #define PACKAGE_BUGREPORT "a.furieri@lqt.it"
| #define PACKAGE_URL ""
| #define PACKAGE "freexl"
| #define VERSION "1.0.0e"
| #define STDC_HEADERS 1
| #define HAVE_SYS_TYPES_H 1
| #define HAVE_SYS_STAT_H 1
| #define HAVE_STDLIB_H 1
| #define HAVE_STRING_H 1
| #define HAVE_MEMORY_H 1
| #define HAVE_STRINGS_H 1
| #define HAVE_INTTYPES_H 1
| #define HAVE_STDINT_H 1
| #define HAVE_UNISTD_H 1
| #define HAVE_STDLIB_H 1
| #define HAVE_STDIO_H 1
| #define HAVE_STRING_H 1
| #define HAVE_MATH_H 1
| #define HAVE_DLFCN_H 1
| #define LT_OBJDIR ".libs/"
| #define TIME_WITH_SYS_TIME 1
| #define LSTAT_FOLLOWS_SLASHED_SYMLINK 1
| #define LSTAT_FOLLOWS_SLASHED_SYMLINK 1
| #define HAVE_STRFTIME 1
| /* end confdefs.h.  */
| /* Define sqrt to an innocuous variant, in case <limits.h> declares sqrt.
|    For example, HP-UX 11i <limits.h> declares gettimeofday.  */
| #define sqrt innocuous_sqrt
| 
| /* System header to define __stub macros and hopefully few prototypes,
|     which can conflict with char sqrt (); below.
|     Prefer <limits.h> to <assert.h> if __STDC__ is defined, since
|     <limits.h> exists even on freestanding compilers.  */
| 
| #ifdef __STDC__
| # include <limits.h>
| #else
| # include <assert.h>
| #endif
| 
| #undef sqrt
| 
| /* Override any GCC internal prototype to avoid an error.
|    Use char because int might match the return type of a GCC
|    builtin and then its argument prototype would still apply.  */
| #ifdef __cplusplus
| extern "C"
| #endif
| char sqrt ();
| /* The GNU C library defines this for functions which it implements
|     to always fail with ENOSYS.  Some functions are actually named
|     something starting with __ and the normal name is an alias.  */
| #if defined __stub_sqrt || defined __stub___sqrt
| choke me
| #endif
| 
| int
| main ()
| {
| return sqrt ();
|   ;
|   return 0;
| }
configure:16758: result: no
configure:16758: checking for strcasecmp
configure:16758: gcc -o conftest -g -O2   conftest.c  >&5
conftest.c:54:6: warning: conflicting types for built-in function 'strcasecmp' [enabled by default]
configure:16758: $? = 0
configure:16758: result: yes
configure:16758: checking for strerror
configure:16758: gcc -o conftest -g -O2   conftest.c  >&5
configure:16758: $? = 0
configure:16758: result: yes
configure:16758: checking for strncasecmp
configure:16758: gcc -o conftest -g -O2   conftest.c  >&5
conftest.c:56:6: warning: conflicting types for built-in function 'strncasecmp' [enabled by default]
configure:16758: $? = 0
configure:16758: result: yes
configure:16758: checking for strstr
configure:16758: gcc -o conftest -g -O2   conftest.c  >&5
conftest.c:57:6: warning: conflicting types for built-in function 'strstr' [enabled by default]
configure:16758: $? = 0
configure:16758: result: yes
configure:16758: checking for strerror
configure:16758: result: yes
configure:16784: checking iconv.h usability
configure:16784: gcc -c -g -O2  conftest.c >&5
configure:16784: $? = 0
configure:16784: result: yes
configure:16784: checking iconv.h presence
configure:16784: gcc -E  conftest.c
configure:16784: $? = 0
configure:16784: result: yes
configure:16784: checking for iconv.h
configure:16784: result: yes
configure:16798: checking for library containing iconv
configure:16829: gcc -o conftest -g -O2   conftest.c  >&5
configure:16829: $? = 0
configure:16846: result: none required
configure:16913: checking for library containing locale_charset
configure:16944: gcc -o conftest -g -O2   conftest.c  >&5
/tmp/cc9IeUxB.o: In function `main':
/home/sevar/workspace/freexl-1.0.0e/conftest.c:48: undefined reference to `locale_charset'
collect2: error: ld returned 1 exit status
configure:16944: $? = 1
configure: failed program was:
| /* confdefs.h */
| #define PACKAGE_NAME "FreeXL"
| #define PACKAGE_TARNAME "freexl"
| #define PACKAGE_VERSION "1.0.0e"
| #define PACKAGE_STRING "FreeXL 1.0.0e"
| #define PACKAGE_BUGREPORT "a.furieri@lqt.it"
| #define PACKAGE_URL ""
| #define PACKAGE "freexl"
| #define VERSION "1.0.0e"
| #define STDC_HEADERS 1
| #define HAVE_SYS_TYPES_H 1
| #define HAVE_SYS_STAT_H 1
| #define HAVE_STDLIB_H 1
| #define HAVE_STRING_H 1
| #define HAVE_MEMORY_H 1
| #define HAVE_STRINGS_H 1
| #define HAVE_INTTYPES_H 1
| #define HAVE_STDINT_H 1
| #define HAVE_UNISTD_H 1
| #define HAVE_STDLIB_H 1
| #define HAVE_STDIO_H 1
| #define HAVE_STRING_H 1
| #define HAVE_MATH_H 1
| #define HAVE_DLFCN_H 1
| #define LT_OBJDIR ".libs/"
| #define TIME_WITH_SYS_TIME 1
| #define LSTAT_FOLLOWS_SLASHED_SYMLINK 1
| #define LSTAT_FOLLOWS_SLASHED_SYMLINK 1
| #define HAVE_STRFTIME 1
| #define HAVE_STRCASECMP 1
| #define HAVE_STRERROR 1
| #define HAVE_STRNCASECMP 1
| #define HAVE_STRSTR 1
| #define HAVE_STRERROR 1
| #define HAVE_ICONV_H 1
| /* end confdefs.h.  */
| 
| /* Override any GCC internal prototype to avoid an error.
|    Use char because int might match the return type of a GCC
|    builtin and then its argument prototype would still apply.  */
| #ifdef __cplusplus
| extern "C"
| #endif
| char locale_charset ();
| int
| main ()
| {
| return locale_charset ();
|   ;
|   return 0;
| }
configure:16944: gcc -o conftest -g -O2   conftest.c -lcharset   >&5
/usr/bin/ld: cannot find -lcharset
collect2: error: ld returned 1 exit status
configure:16944: $? = 1
configure: failed program was:
| /* confdefs.h */
| #define PACKAGE_NAME "FreeXL"
| #define PACKAGE_TARNAME "freexl"
| #define PACKAGE_VERSION "1.0.0e"
| #define PACKAGE_STRING "FreeXL 1.0.0e"
| #define PACKAGE_BUGREPORT "a.furieri@lqt.it"
| #define PACKAGE_URL ""
| #define PACKAGE "freexl"
| #define VERSION "1.0.0e"
| #define STDC_HEADERS 1
| #define HAVE_SYS_TYPES_H 1
| #define HAVE_SYS_STAT_H 1
| #define HAVE_STDLIB_H 1
| #define HAVE_STRING_H 1
| #define HAVE_MEMORY_H 1
| #define HAVE_STRINGS_H 1
| #define HAVE_INTTYPES_H 1
| #define HAVE_STDINT_H 1
| #define HAVE_UNISTD_H 1
| #define HAVE_STDLIB_H 1
| #define HAVE_STDIO_H 1
| #define HAVE_STRING_H 1
| #define HAVE_MATH_H 1
| #define HAVE_DLFCN_H 1
| #define LT_OBJDIR ".libs/"
| #define TIME_WITH_SYS_TIME 1
| #define LSTAT_FOLLOWS_SLASHED_SYMLINK 1
| #define LSTAT_FOLLOWS_SLASHED_SYMLINK 1
| #define HAVE_STRFTIME 1
| #define HAVE_STRCASECMP 1
| #define HAVE_STRERROR 1
| #define HAVE_STRNCASECMP 1
| #define HAVE_STRSTR 1
| #define HAVE_STRERROR 1
| #define HAVE_ICONV_H 1
| /* end confdefs.h.  */
| 
| /* Override any GCC internal prototype to avoid an error.
|    Use char because int might match the return type of a GCC
|    builtin and then its argument prototype would still apply.  */
| #ifdef __cplusplus
| extern "C"
| #endif
| char locale_charset ();
| int
| main ()
| {
| return locale_charset ();
|   ;
|   return 0;
| }
configure:16961: result: no
configure:16968: checking for library containing nl_langinfo
configure:16999: gcc -o conftest -g -O2   conftest.c  >&5
configure:16999: $? = 0
configure:17016: result: none required
configure:17171: creating ./config.status

## ---------------------- ##
## Running config.status. ##
## ---------------------- ##

This file was extended by FreeXL config.status 1.0.0e, which was
generated by GNU Autoconf 2.68.  Invocation command line was

  CONFIG_FILES    = 
  CONFIG_HEADERS  = 
  CONFIG_LINKS    = 
  CONFIG_COMMANDS = 
  $ ./config.status 

on HAF

config.status:1177: creating Makefile
config.status:1177: creating headers/Makefile
config.status:1177: creating src/Makefile
config.status:1177: creating tests/Makefile
config.status:1177: creating examples/Makefile
config.status:1177: creating Doxyfile
config.status:1177: creating freexl.pc
config.status:1177: creating config.h
config.status:1406: executing depfiles commands
config.status:1406: executing libtool commands

## ---------------- ##
## Cache variables. ##
## ---------------- ##

ac_cv_build=x86_64-unknown-linux-gnu
ac_cv_c_compiler_gnu=yes
ac_cv_c_const=yes
ac_cv_c_volatile=yes
ac_cv_cxx_compiler_gnu=yes
ac_cv_env_CCC_set=
ac_cv_env_CCC_value=
ac_cv_env_CC_set=
ac_cv_env_CC_value=
ac_cv_env_CFLAGS_set=
ac_cv_env_CFLAGS_value=
ac_cv_env_CPPFLAGS_set=
ac_cv_env_CPPFLAGS_value=
ac_cv_env_CPP_set=
ac_cv_env_CPP_value=
ac_cv_env_CXXCPP_set=
ac_cv_env_CXXCPP_value=
ac_cv_env_CXXFLAGS_set=
ac_cv_env_CXXFLAGS_value=
ac_cv_env_CXX_set=
ac_cv_env_CXX_value=
ac_cv_env_LDFLAGS_set=
ac_cv_env_LDFLAGS_value=
ac_cv_env_LIBS_set=
ac_cv_env_LIBS_value=
ac_cv_env_build_alias_set=
ac_cv_env_build_alias_value=
ac_cv_env_host_alias_set=
ac_cv_env_host_alias_value=
ac_cv_env_target_alias_set=
ac_cv_env_target_alias_value=
ac_cv_func_lstat_dereferences_slashed_symlink=yes
ac_cv_func_lstat_empty_string_bug=no
ac_cv_func_memcmp_working=yes
ac_cv_func_sqrt=no
ac_cv_func_stat_empty_string_bug=no
ac_cv_func_strcasecmp=yes
ac_cv_func_strerror=yes
ac_cv_func_strftime=yes
ac_cv_func_strncasecmp=yes
ac_cv_func_strstr=yes
ac_cv_header_dlfcn_h=yes
ac_cv_header_iconv_h=yes
ac_cv_header_inttypes_h=yes
ac_cv_header_math_h=yes
ac_cv_header_memory_h=yes
ac_cv_header_stdc=yes
ac_cv_header_stdint_h=yes
ac_cv_header_stdio_h=yes
ac_cv_header_stdlib_h=yes
ac_cv_header_string_h=yes
ac_cv_header_strings_h=yes
ac_cv_header_sys_stat_h=yes
ac_cv_header_sys_types_h=yes
ac_cv_header_time=yes
ac_cv_header_unistd_h=yes
ac_cv_host=x86_64-unknown-linux-gnu
ac_cv_objext=o
ac_cv_path_EGREP='/bin/grep -E'
ac_cv_path_FGREP='/bin/grep -F'
ac_cv_path_GREP=/bin/grep
ac_cv_path_SED=/bin/sed
ac_cv_path_install='/usr/bin/install -c'
ac_cv_path_mkdir=/bin/mkdir
ac_cv_prog_AWK=mawk
ac_cv_prog_CPP='gcc -E'
ac_cv_prog_CXXCPP='g++ -E'
ac_cv_prog_ac_ct_AR=ar
ac_cv_prog_ac_ct_CC=gcc
ac_cv_prog_ac_ct_CXX=g++
ac_cv_prog_ac_ct_DLLTOOL=dlltool
ac_cv_prog_ac_ct_MANIFEST_TOOL=mt
ac_cv_prog_ac_ct_OBJDUMP=objdump
ac_cv_prog_ac_ct_RANLIB=ranlib
ac_cv_prog_ac_ct_STRIP=strip
ac_cv_prog_cc_c89=
ac_cv_prog_cc_g=yes
ac_cv_prog_cxx_g=yes
ac_cv_prog_make_make_set=yes
ac_cv_search_iconv='none required'
ac_cv_search_locale_charset=no
ac_cv_search_nl_langinfo='none required'
ac_cv_struct_tm=time.h
ac_cv_type_off_t=yes
ac_cv_type_size_t=yes
am_cv_CC_dependencies_compiler_type=gcc3
am_cv_CXX_dependencies_compiler_type=gcc3
lt_cv_ar_at_file=@
lt_cv_archive_cmds_need_lc=no
lt_cv_deplibs_check_method=pass_all
lt_cv_file_magic_cmd='$MAGIC_CMD'
lt_cv_file_magic_test_file=
lt_cv_ld_reload_flag=-r
lt_cv_nm_interface='BSD nm'
lt_cv_objdir=.libs
lt_cv_path_LD=/usr/bin/ld
lt_cv_path_LDCXX='/usr/bin/ld -m elf_x86_64'
lt_cv_path_NM='/usr/bin/nm -B'
lt_cv_path_mainfest_tool=no
lt_cv_prog_compiler_c_o=yes
lt_cv_prog_compiler_c_o_CXX=yes
lt_cv_prog_compiler_pic='-fPIC -DPIC'
lt_cv_prog_compiler_pic_CXX='-fPIC -DPIC'
lt_cv_prog_compiler_pic_works=yes
lt_cv_prog_compiler_pic_works_CXX=yes
lt_cv_prog_compiler_rtti_exceptions=no
lt_cv_prog_compiler_static_works=yes
lt_cv_prog_compiler_static_works_CXX=yes
lt_cv_prog_gnu_ld=yes
lt_cv_prog_gnu_ldcxx=yes
lt_cv_sharedlib_from_linklib_cmd='printf %s\n'
lt_cv_shlibpath_overrides_runpath=no
lt_cv_sys_global_symbol_pipe='sed -n -e '\''s/^.*[	 ]\([ABCDGIRSTW][ABCDGIRSTW]*\)[	 ][	 ]*\([_A-Za-z][_A-Za-z0-9]*\)$/\1 \2 \2/p'\'' | sed '\''/ __gnu_lto/d'\'''
lt_cv_sys_global_symbol_to_c_name_address='sed -n -e '\''s/^: \([^ ]*\)[ ]*$/  {\"\1\", (void *) 0},/p'\'' -e '\''s/^[ABCDGIRSTW]* \([^ ]*\) \([^ ]*\)$/  {"\2", (void *) \&\2},/p'\'''
lt_cv_sys_global_symbol_to_c_name_address_lib_prefix='sed -n -e '\''s/^: \([^ ]*\)[ ]*$/  {\"\1\", (void *) 0},/p'\'' -e '\''s/^[ABCDGIRSTW]* \([^ ]*\) \(lib[^ ]*\)$/  {"\2", (void *) \&\2},/p'\'' -e '\''s/^[ABCDGIRSTW]* \([^ ]*\) \([^ ]*\)$/  {"lib\2", (void *) \&\2},/p'\'''
lt_cv_sys_global_symbol_to_cdecl='sed -n -e '\''s/^T .* \(.*\)$/extern int \1();/p'\'' -e '\''s/^[ABCDGIRSTW]* .* \(.*\)$/extern char \1;/p'\'''
lt_cv_sys_max_cmd_len=1572864
lt_cv_to_host_file_cmd=func_convert_file_noop
lt_cv_to_tool_file_cmd=func_convert_file_noop

## ----------------- ##
## Output variables. ##
## ----------------- ##

ACLOCAL='${SHELL} /home/sevar/workspace/freexl-1.0.0e/missing --run aclocal-1.11'
AMDEPBACKSLASH='\'
AMDEP_FALSE='#'
AMDEP_TRUE=''
AMTAR='$${TAR-tar}'
AR='ar'
AS='as'
AUTOCONF='${SHELL} /home/sevar/workspace/freexl-1.0.0e/missing --run autoconf'
AUTOHEADER='${SHELL} /home/sevar/workspace/freexl-1.0.0e/missing --run autoheader'
AUTOMAKE='${SHELL} /home/sevar/workspace/freexl-1.0.0e/missing --run automake-1.11'
AWK='mawk'
CC='gcc'
CCDEPMODE='depmode=gcc3'
CFLAGS='-g -O2'
CPP='gcc -E'
CPPFLAGS=''
CXX='g++'
CXXCPP='g++ -E'
CXXDEPMODE='depmode=gcc3'
CXXFLAGS='-g -O2'
CYGPATH_W='echo'
DEFS='-DHAVE_CONFIG_H'
DEPDIR='.deps'
DLLTOOL='dlltool'
DSYMUTIL=''
DUMPBIN=''
ECHO_C=''
ECHO_N='-n'
ECHO_T=''
EGREP='/bin/grep -E'
EXEEXT=''
FGREP='/bin/grep -F'
GREP='/bin/grep'
INSTALL_DATA='${INSTALL} -m 644'
INSTALL_PROGRAM='${INSTALL}'
INSTALL_SCRIPT='${INSTALL}'
INSTALL_STRIP_PROGRAM='$(install_sh) -c -s'
LD='/usr/bin/ld -m elf_x86_64'
LDFLAGS=''
LIBOBJS=''
LIBS=''
LIBTOOL='$(SHELL) $(top_builddir)/libtool'
LIPO=''
LN_S='ln -s'
LTLIBOBJS=''
MAINT='#'
MAINTAINER_MODE_FALSE=''
MAINTAINER_MODE_TRUE='#'
MAKEINFO='${SHELL} /home/sevar/workspace/freexl-1.0.0e/missing --run makeinfo'
MANIFEST_TOOL=':'
MKDIR_P='/bin/mkdir -p'
NM='/usr/bin/nm -B'
NMEDIT=''
OBJDUMP='objdump'
OBJEXT='o'
OTOOL64=''
OTOOL=''
PACKAGE='freexl'
PACKAGE_BUGREPORT='a.furieri@lqt.it'
PACKAGE_NAME='FreeXL'
PACKAGE_STRING='FreeXL 1.0.0e'
PACKAGE_TARNAME='freexl'
PACKAGE_URL=''
PACKAGE_VERSION='1.0.0e'
PATH_SEPARATOR=':'
RANLIB='ranlib'
SED='/bin/sed'
SET_MAKE=''
SHELL='/bin/bash'
STRIP='strip'
VERSION='1.0.0e'
ac_ct_AR='ar'
ac_ct_CC='gcc'
ac_ct_CXX='g++'
ac_ct_DUMPBIN=''
am__EXEEXT_FALSE=''
am__EXEEXT_TRUE='#'
am__fastdepCC_FALSE='#'
am__fastdepCC_TRUE=''
am__fastdepCXX_FALSE='#'
am__fastdepCXX_TRUE=''
am__include='include'
am__isrc=''
am__leading_dot='.'
am__nodep='_no'
am__quote=''
am__tar='$${TAR-tar} chof - "$$tardir"'
am__untar='$${TAR-tar} xf -'
bindir='${exec_prefix}/bin'
build='x86_64-unknown-linux-gnu'
build_alias=''
build_cpu='x86_64'
build_os='linux-gnu'
build_vendor='unknown'
datadir='${datarootdir}'
datarootdir='${prefix}/share'
docdir='${datarootdir}/doc/${PACKAGE_TARNAME}'
dvidir='${docdir}'
exec_prefix='${prefix}'
host='x86_64-unknown-linux-gnu'
host_alias=''
host_cpu='x86_64'
host_os='linux-gnu'
host_vendor='unknown'
htmldir='${docdir}'
includedir='${prefix}/include'
infodir='${datarootdir}/info'
install_sh='${SHELL} /home/sevar/workspace/freexl-1.0.0e/install-sh'
libdir='${exec_prefix}/lib'
libexecdir='${exec_prefix}/libexec'
localedir='${datarootdir}/locale'
localstatedir='${prefix}/var'
mandir='${datarootdir}/man'
mkdir_p='/bin/mkdir -p'
oldincludedir='/usr/include'
pdfdir='${docdir}'
prefix='/usr/local'
program_transform_name='s,x,x,'
psdir='${docdir}'
sbindir='${exec_prefix}/sbin'
sharedstatedir='${prefix}/com'
sysconfdir='${prefix}/etc'
target_alias=''

## ----------- ##
## confdefs.h. ##
## ----------- ##

/* confdefs.h */
#define PACKAGE_NAME "FreeXL"
#define PACKAGE_TARNAME "freexl"
#define PACKAGE_VERSION "1.0.0e"
#define PACKAGE_STRING "FreeXL 1.0.0e"
#define PACKAGE_BUGREPORT "a.furieri@lqt.it"
#define PACKAGE_URL ""
#define PACKAGE "freexl"
#define VERSION "1.0.0e"
#define STDC_HEADERS 1
#define HAVE_SYS_TYPES_H 1
#define HAVE_SYS_STAT_H 1
#define HAVE_STDLIB_H 1
#define HAVE_STRING_H 1
#define HAVE_MEMORY_H 1
#define HAVE_STRINGS_H 1
#define HAVE_INTTYPES_H 1
#define HAVE_STDINT_H 1
#define HAVE_UNISTD_H 1
#define HAVE_STDLIB_H 1
#define HAVE_STDIO_H 1
#define HAVE_STRING_H 1
#define HAVE_MATH_H 1
#define HAVE_DLFCN_H 1
#define LT_OBJDIR ".libs/"
#define TIME_WITH_SYS_TIME 1
#define LSTAT_FOLLOWS_SLASHED_SYMLINK 1
#define LSTAT_FOLLOWS_SLASHED_SYMLINK 1
#define HAVE_STRFTIME 1
#define HAVE_STRCASECMP 1
#define HAVE_STRERROR 1
#define HAVE_STRNCASECMP 1
#define HAVE_STRSTR 1
#define HAVE_STRERROR 1
#define HAVE_ICONV_H 1

configure: exit 0
