This file contains any messages produced by compilers while
running configure, to aid debugging if configure makes a mistake.

It was created by libspatialite configure 4.2.1-rc1, which was
generated by GNU Autoconf 2.69.  Invocation command line was

  $ ./configure --build=x86_64-pc-linux-gnu --host=arm-linux-eabi --enable-geosadvanced=yes --enable-geostrunk=yes

## --------- ##
## Platform. ##
## --------- ##

hostname = HAF
uname -m = x86_64
uname -r = 3.11.0-14-generic
uname -s = Linux
uname -v = #21-Ubuntu SMP Tue Nov 12 17:04:55 UTC 2013

/usr/bin/uname -p = unknown
/bin/uname -X     = unknown

/bin/arch              = unknown
/usr/bin/arch -k       = unknown
/usr/convex/getsysinfo = unknown
/usr/bin/hostinfo      = unknown
/bin/machine           = unknown
/usr/bin/oslevel       = unknown
/bin/universe          = unknown

PATH: /home/sevar/bin
PATH: /usr/lib/lightdm/lightdm
PATH: /usr/local/sbin
PATH: /usr/local/bin
PATH: /usr/sbin
PATH: /usr/bin
PATH: /sbin
PATH: /bin
PATH: /usr/games
PATH: /usr/local/games
PATH: /home/sevar/bin
PATH: /usr/local/java/jdk1.7.0_65/bin
PATH: /home/sevar/bin
PATH: /usr/local/java/jre1.7.0_65/bin
PATH: /opt/android-ndk-r9
PATH: /opt/android-sdk/tools
PATH: /opt/android-sdk/platform-tools
PATH: /opt/android-studio/bin
PATH: /bin


## ----------- ##
## Core tests. ##
## ----------- ##

configure:2514: checking for a BSD-compatible install
configure:2582: result: /usr/bin/install -c
configure:2593: checking whether build environment is sane
configure:2648: result: yes
configure:2686: WARNING: 'missing' script is too old or missing
configure:2707: checking for arm-linux-eabi-strip
configure:2737: result: no
configure:2747: checking for strip
configure:2763: found /usr/bin/strip
configure:2774: result: strip
configure:2786: WARNING: using cross tools not prefixed with host triplet
configure:2799: checking for a thread-safe mkdir -p
configure:2838: result: /bin/mkdir -p
configure:2845: checking for gawk
configure:2861: found /usr/bin/gawk
configure:2872: result: gawk
configure:2883: checking whether make sets $(MAKE)
configure:2905: result: yes
configure:2934: checking whether make supports nested variables
configure:2951: result: yes
configure:3036: checking whether to enable maintainer-specific portions of Makefiles
configure:3045: result: no
configure:3106: checking for style of include used by make
configure:3134: result: GNU
configure:3165: checking for arm-linux-eabi-gcc
configure:3195: result: no
configure:3205: checking for gcc
configure:3221: found /usr/bin/gcc
configure:3232: result: gcc
configure:3461: checking for C compiler version
configure:3470: gcc --version >&5
gcc (Ubuntu/Linaro 4.8.1-10ubuntu9) 4.8.1
Copyright (C) 2013 Free Software Foundation, Inc.
This is free software; see the source for copying conditions.  There is NO
warranty; not even for MERCHANTABILITY or FITNESS FOR A PARTICULAR PURPOSE.

configure:3481: $? = 0
configure:3470: gcc -v >&5
Using built-in specs.
COLLECT_GCC=gcc
COLLECT_LTO_WRAPPER=/usr/lib/gcc/x86_64-linux-gnu/4.8/lto-wrapper
Target: x86_64-linux-gnu
Configured with: ../src/configure -v --with-pkgversion='Ubuntu/Linaro 4.8.1-10ubuntu9' --with-bugurl=file:///usr/share/doc/gcc-4.8/README.Bugs --enable-languages=c,c++,java,go,d,fortran,objc,obj-c++ --prefix=/usr --program-suffix=-4.8 --enable-shared --enable-linker-build-id --libexecdir=/usr/lib --without-included-gettext --enable-threads=posix --with-gxx-include-dir=/usr/include/c++/4.8 --libdir=/usr/lib --enable-nls --with-sysroot=/ --enable-clocale=gnu --enable-libstdcxx-debug --enable-libstdcxx-time=yes --enable-gnu-unique-object --enable-plugin --with-system-zlib --disable-browser-plugin --enable-java-awt=gtk --enable-gtk-cairo --with-java-home=/usr/lib/jvm/java-1.5.0-gcj-4.8-amd64/jre --enable-java-home --with-jvm-root-dir=/usr/lib/jvm/java-1.5.0-gcj-4.8-amd64 --with-jvm-jar-dir=/usr/lib/jvm-exports/java-1.5.0-gcj-4.8-amd64 --with-arch-directory=amd64 --with-ecj-jar=/usr/share/java/eclipse-ecj.jar --enable-objc-gc --enable-multiarch --disable-werror --with-arch-32=i686 --with-abi=m64 --with-multilib-list=m32,m64,mx32 --with-tune=generic --enable-checking=release --build=x86_64-linux-gnu --host=x86_64-linux-gnu --target=x86_64-linux-gnu
Thread model: posix
gcc version 4.8.1 (Ubuntu/Linaro 4.8.1-10ubuntu9) 
configure:3481: $? = 0
configure:3470: gcc -V >&5
gcc: error: unrecognized command line option '-V'
gcc: fatal error: no input files
compilation terminated.
configure:3481: $? = 4
configure:3470: gcc -qversion >&5
gcc: error: unrecognized command line option '-qversion'
gcc: fatal error: no input files
compilation terminated.
configure:3481: $? = 4
configure:3501: checking whether the C compiler works
configure:3523: gcc    conftest.c  >&5
configure:3527: $? = 0
configure:3575: result: yes
configure:3578: checking for C compiler default output file name
configure:3580: result: a.out
configure:3586: checking for suffix of executables
configure:3593: gcc -o conftest    conftest.c  >&5
configure:3597: $? = 0
configure:3619: result: 
configure:3641: checking whether we are cross compiling
configure:3679: result: yes
configure:3684: checking for suffix of object files
configure:3706: gcc -c   conftest.c >&5
configure:3710: $? = 0
configure:3731: result: o
configure:3735: checking whether we are using the GNU C compiler
configure:3754: gcc -c   conftest.c >&5
configure:3754: $? = 0
configure:3763: result: yes
configure:3772: checking whether gcc accepts -g
configure:3792: gcc -c -g  conftest.c >&5
configure:3792: $? = 0
configure:3833: result: yes
configure:3850: checking for gcc option to accept ISO C89
configure:3913: gcc  -c -g -O2  conftest.c >&5
configure:3913: $? = 0
configure:3926: result: none needed
configure:3948: checking dependency style of gcc
configure:4059: result: gcc3
configure:4080: checking how to run the C preprocessor
configure:4111: gcc -E  conftest.c
configure:4111: $? = 0
configure:4125: gcc -E  conftest.c
conftest.c:15:28: fatal error: ac_nonexistent.h: No such file or directory
 #include <ac_nonexistent.h>
                            ^
compilation terminated.
configure:4125: $? = 1
configure: failed program was:
| /* confdefs.h */
| #define PACKAGE_NAME "libspatialite"
| #define PACKAGE_TARNAME "libspatialite"
| #define PACKAGE_VERSION "4.2.1-rc1"
| #define PACKAGE_STRING "libspatialite 4.2.1-rc1"
| #define PACKAGE_BUGREPORT "a.furieri@lqt.it"
| #define PACKAGE_URL ""
| #define PACKAGE "libspatialite"
| #define VERSION "4.2.1-rc1"
| #define _LARGE_FILE 1
| #define _FILE_OFFSET_BITS 64
| #define _LARGEFILE_SOURCE 1
| #define NDEBUG 1
| /* end confdefs.h.  */
| #include <ac_nonexistent.h>
configure:4150: result: gcc -E
configure:4170: gcc -E  conftest.c
configure:4170: $? = 0
configure:4184: gcc -E  conftest.c
conftest.c:15:28: fatal error: ac_nonexistent.h: No such file or directory
 #include <ac_nonexistent.h>
                            ^
compilation terminated.
configure:4184: $? = 1
configure: failed program was:
| /* confdefs.h */
| #define PACKAGE_NAME "libspatialite"
| #define PACKAGE_TARNAME "libspatialite"
| #define PACKAGE_VERSION "4.2.1-rc1"
| #define PACKAGE_STRING "libspatialite 4.2.1-rc1"
| #define PACKAGE_BUGREPORT "a.furieri@lqt.it"
| #define PACKAGE_URL ""
| #define PACKAGE "libspatialite"
| #define VERSION "4.2.1-rc1"
| #define _LARGE_FILE 1
| #define _FILE_OFFSET_BITS 64
| #define _LARGEFILE_SOURCE 1
| #define NDEBUG 1
| /* end confdefs.h.  */
| #include <ac_nonexistent.h>
configure:4213: checking for grep that handles long lines and -e
configure:4271: result: /bin/grep
configure:4276: checking for egrep
configure:4338: result: /bin/grep -E
configure:4343: checking for ANSI C header files
configure:4363: gcc -c -g -O2  conftest.c >&5
configure:4363: $? = 0
configure:4447: result: yes
configure:4460: checking for sys/types.h
configure:4460: gcc -c -g -O2  conftest.c >&5
configure:4460: $? = 0
configure:4460: result: yes
configure:4460: checking for sys/stat.h
configure:4460: gcc -c -g -O2  conftest.c >&5
configure:4460: $? = 0
configure:4460: result: yes
configure:4460: checking for stdlib.h
configure:4460: gcc -c -g -O2  conftest.c >&5
configure:4460: $? = 0
configure:4460: result: yes
configure:4460: checking for string.h
configure:4460: gcc -c -g -O2  conftest.c >&5
configure:4460: $? = 0
configure:4460: result: yes
configure:4460: checking for memory.h
configure:4460: gcc -c -g -O2  conftest.c >&5
configure:4460: $? = 0
configure:4460: result: yes
configure:4460: checking for strings.h
configure:4460: gcc -c -g -O2  conftest.c >&5
configure:4460: $? = 0
configure:4460: result: yes
configure:4460: checking for inttypes.h
configure:4460: gcc -c -g -O2  conftest.c >&5
configure:4460: $? = 0
configure:4460: result: yes
configure:4460: checking for stdint.h
configure:4460: gcc -c -g -O2  conftest.c >&5
configure:4460: $? = 0
configure:4460: result: yes
configure:4460: checking for unistd.h
configure:4460: gcc -c -g -O2  conftest.c >&5
configure:4460: $? = 0
configure:4460: result: yes
configure:4474: checking for stdlib.h
configure:4474: result: yes
configure:4488: checking stdio.h usability
configure:4488: gcc -c -g -O2  conftest.c >&5
configure:4488: $? = 0
configure:4488: result: yes
configure:4488: checking stdio.h presence
configure:4488: gcc -E  conftest.c
configure:4488: $? = 0
configure:4488: result: yes
configure:4488: checking for stdio.h
configure:4488: result: yes
configure:4502: checking for string.h
configure:4502: result: yes
configure:4516: checking for memory.h
configure:4516: result: yes
configure:4530: checking math.h usability
configure:4530: gcc -c -g -O2  conftest.c >&5
configure:4530: $? = 0
configure:4530: result: yes
configure:4530: checking math.h presence
configure:4530: gcc -E  conftest.c
configure:4530: $? = 0
configure:4530: result: yes
configure:4530: checking for math.h
configure:4530: result: yes
configure:4544: checking float.h usability
configure:4544: gcc -c -g -O2  conftest.c >&5
configure:4544: $? = 0
configure:4544: result: yes
configure:4544: checking float.h presence
configure:4544: gcc -E  conftest.c
configure:4544: $? = 0
configure:4544: result: yes
configure:4544: checking for float.h
configure:4544: result: yes
configure:4558: checking fcntl.h usability
configure:4558: gcc -c -g -O2  conftest.c >&5
configure:4558: $? = 0
configure:4558: result: yes
configure:4558: checking fcntl.h presence
configure:4558: gcc -E  conftest.c
configure:4558: $? = 0
configure:4558: result: yes
configure:4558: checking for fcntl.h
configure:4558: result: yes
configure:4572: checking for inttypes.h
configure:4572: result: yes
configure:4586: checking stddef.h usability
configure:4586: gcc -c -g -O2  conftest.c >&5
configure:4586: $? = 0
configure:4586: result: yes
configure:4586: checking stddef.h presence
configure:4586: gcc -E  conftest.c
configure:4586: $? = 0
configure:4586: result: yes
configure:4586: checking for stddef.h
configure:4586: result: yes
configure:4600: checking for stdint.h
configure:4600: result: yes
configure:4614: checking sys/time.h usability
configure:4614: gcc -c -g -O2  conftest.c >&5
configure:4614: $? = 0
configure:4614: result: yes
configure:4614: checking sys/time.h presence
configure:4614: gcc -E  conftest.c
configure:4614: $? = 0
configure:4614: result: yes
configure:4614: checking for sys/time.h
configure:4614: result: yes
configure:4628: checking for unistd.h
configure:4628: result: yes
configure:4642: checking sqlite3.h usability
configure:4642: gcc -c -g -O2  conftest.c >&5
configure:4642: $? = 0
configure:4642: result: yes
configure:4642: checking sqlite3.h presence
configure:4642: gcc -E  conftest.c
configure:4642: $? = 0
configure:4642: result: yes
configure:4642: checking for sqlite3.h
configure:4642: result: yes
configure:4656: checking sqlite3ext.h usability
configure:4656: gcc -c -g -O2  conftest.c >&5
configure:4656: $? = 0
configure:4656: result: yes
configure:4656: checking sqlite3ext.h presence
configure:4656: gcc -E  conftest.c
configure:4656: $? = 0
configure:4656: result: yes
configure:4656: checking for sqlite3ext.h
configure:4656: result: yes
configure:4670: checking zlib.h usability
configure:4670: gcc -c -g -O2  conftest.c >&5
configure:4670: $? = 0
configure:4670: result: yes
configure:4670: checking zlib.h presence
configure:4670: gcc -E  conftest.c
configure:4670: $? = 0
configure:4670: result: yes
configure:4670: checking for zlib.h
configure:4670: result: yes
configure:4699: checking for arm-linux-eabi-g++
configure:4729: result: no
configure:4699: checking for arm-linux-eabi-c++
configure:4729: result: no
configure:4699: checking for arm-linux-eabi-gpp
configure:4729: result: no
configure:4699: checking for arm-linux-eabi-aCC
configure:4729: result: no
configure:4699: checking for arm-linux-eabi-CC
configure:4729: result: no
configure:4699: checking for arm-linux-eabi-cxx
configure:4729: result: no
configure:4699: checking for arm-linux-eabi-cc++
configure:4729: result: no
configure:4699: checking for arm-linux-eabi-cl.exe
configure:4729: result: no
configure:4699: checking for arm-linux-eabi-FCC
configure:4729: result: no
configure:4699: checking for arm-linux-eabi-KCC
configure:4729: result: no
configure:4699: checking for arm-linux-eabi-RCC
configure:4729: result: no
configure:4699: checking for arm-linux-eabi-xlC_r
configure:4729: result: no
configure:4699: checking for arm-linux-eabi-xlC
configure:4729: result: no
configure:4743: checking for g++
configure:4759: found /usr/bin/g++
configure:4770: result: g++
configure:4797: checking for C++ compiler version
configure:4806: g++ --version >&5
g++ (Ubuntu/Linaro 4.8.1-10ubuntu9) 4.8.1
Copyright (C) 2013 Free Software Foundation, Inc.
This is free software; see the source for copying conditions.  There is NO
warranty; not even for MERCHANTABILITY or FITNESS FOR A PARTICULAR PURPOSE.

configure:4817: $? = 0
configure:4806: g++ -v >&5
Using built-in specs.
COLLECT_GCC=g++
COLLECT_LTO_WRAPPER=/usr/lib/gcc/x86_64-linux-gnu/4.8/lto-wrapper
Target: x86_64-linux-gnu
Configured with: ../src/configure -v --with-pkgversion='Ubuntu/Linaro 4.8.1-10ubuntu9' --with-bugurl=file:///usr/share/doc/gcc-4.8/README.Bugs --enable-languages=c,c++,java,go,d,fortran,objc,obj-c++ --prefix=/usr --program-suffix=-4.8 --enable-shared --enable-linker-build-id --libexecdir=/usr/lib --without-included-gettext --enable-threads=posix --with-gxx-include-dir=/usr/include/c++/4.8 --libdir=/usr/lib --enable-nls --with-sysroot=/ --enable-clocale=gnu --enable-libstdcxx-debug --enable-libstdcxx-time=yes --enable-gnu-unique-object --enable-plugin --with-system-zlib --disable-browser-plugin --enable-java-awt=gtk --enable-gtk-cairo --with-java-home=/usr/lib/jvm/java-1.5.0-gcj-4.8-amd64/jre --enable-java-home --with-jvm-root-dir=/usr/lib/jvm/java-1.5.0-gcj-4.8-amd64 --with-jvm-jar-dir=/usr/lib/jvm-exports/java-1.5.0-gcj-4.8-amd64 --with-arch-directory=amd64 --with-ecj-jar=/usr/share/java/eclipse-ecj.jar --enable-objc-gc --enable-multiarch --disable-werror --with-arch-32=i686 --with-abi=m64 --with-multilib-list=m32,m64,mx32 --with-tune=generic --enable-checking=release --build=x86_64-linux-gnu --host=x86_64-linux-gnu --target=x86_64-linux-gnu
Thread model: posix
gcc version 4.8.1 (Ubuntu/Linaro 4.8.1-10ubuntu9) 
configure:4817: $? = 0
configure:4806: g++ -V >&5
g++: error: unrecognized command line option '-V'
g++: fatal error: no input files
compilation terminated.
configure:4817: $? = 4
configure:4806: g++ -qversion >&5
g++: error: unrecognized command line option '-qversion'
g++: fatal error: no input files
compilation terminated.
configure:4817: $? = 4
configure:4821: checking whether we are using the GNU C++ compiler
configure:4840: g++ -c   conftest.cpp >&5
configure:4840: $? = 0
configure:4849: result: yes
configure:4858: checking whether g++ accepts -g
configure:4878: g++ -c -g  conftest.cpp >&5
configure:4878: $? = 0
configure:4919: result: yes
configure:4944: checking dependency style of g++
configure:5055: result: gcc3
configure:5078: checking for arm-linux-eabi-gcc
configure:5105: result: gcc
configure:5374: checking for C compiler version
configure:5383: gcc --version >&5
gcc (Ubuntu/Linaro 4.8.1-10ubuntu9) 4.8.1
Copyright (C) 2013 Free Software Foundation, Inc.
This is free software; see the source for copying conditions.  There is NO
warranty; not even for MERCHANTABILITY or FITNESS FOR A PARTICULAR PURPOSE.

configure:5394: $? = 0
configure:5383: gcc -v >&5
Using built-in specs.
COLLECT_GCC=gcc
COLLECT_LTO_WRAPPER=/usr/lib/gcc/x86_64-linux-gnu/4.8/lto-wrapper
Target: x86_64-linux-gnu
Configured with: ../src/configure -v --with-pkgversion='Ubuntu/Linaro 4.8.1-10ubuntu9' --with-bugurl=file:///usr/share/doc/gcc-4.8/README.Bugs --enable-languages=c,c++,java,go,d,fortran,objc,obj-c++ --prefix=/usr --program-suffix=-4.8 --enable-shared --enable-linker-build-id --libexecdir=/usr/lib --without-included-gettext --enable-threads=posix --with-gxx-include-dir=/usr/include/c++/4.8 --libdir=/usr/lib --enable-nls --with-sysroot=/ --enable-clocale=gnu --enable-libstdcxx-debug --enable-libstdcxx-time=yes --enable-gnu-unique-object --enable-plugin --with-system-zlib --disable-browser-plugin --enable-java-awt=gtk --enable-gtk-cairo --with-java-home=/usr/lib/jvm/java-1.5.0-gcj-4.8-amd64/jre --enable-java-home --with-jvm-root-dir=/usr/lib/jvm/java-1.5.0-gcj-4.8-amd64 --with-jvm-jar-dir=/usr/lib/jvm-exports/java-1.5.0-gcj-4.8-amd64 --with-arch-directory=amd64 --with-ecj-jar=/usr/share/java/eclipse-ecj.jar --enable-objc-gc --enable-multiarch --disable-werror --with-arch-32=i686 --with-abi=m64 --with-multilib-list=m32,m64,mx32 --with-tune=generic --enable-checking=release --build=x86_64-linux-gnu --host=x86_64-linux-gnu --target=x86_64-linux-gnu
Thread model: posix
gcc version 4.8.1 (Ubuntu/Linaro 4.8.1-10ubuntu9) 
configure:5394: $? = 0
configure:5383: gcc -V >&5
gcc: error: unrecognized command line option '-V'
gcc: fatal error: no input files
compilation terminated.
configure:5394: $? = 4
configure:5383: gcc -qversion >&5
gcc: error: unrecognized command line option '-qversion'
gcc: fatal error: no input files
compilation terminated.
configure:5394: $? = 4
configure:5398: checking whether we are using the GNU C compiler
configure:5426: result: yes
configure:5435: checking whether gcc accepts -g
configure:5496: result: yes
configure:5513: checking for gcc option to accept ISO C89
configure:5589: result: none needed
configure:5611: checking dependency style of gcc
configure:5722: result: gcc3
configure:5742: checking how to run the C preprocessor
configure:5812: result: gcc -E
configure:5832: gcc -E  conftest.c
configure:5832: $? = 0
configure:5846: gcc -E  conftest.c
conftest.c:40:28: fatal error: ac_nonexistent.h: No such file or directory
 #include <ac_nonexistent.h>
                            ^
compilation terminated.
configure:5846: $? = 1
configure: failed program was:
| /* confdefs.h */
| #define PACKAGE_NAME "libspatialite"
| #define PACKAGE_TARNAME "libspatialite"
| #define PACKAGE_VERSION "4.2.1-rc1"
| #define PACKAGE_STRING "libspatialite 4.2.1-rc1"
| #define PACKAGE_BUGREPORT "a.furieri@lqt.it"
| #define PACKAGE_URL ""
| #define PACKAGE "libspatialite"
| #define VERSION "4.2.1-rc1"
| #define _LARGE_FILE 1
| #define _FILE_OFFSET_BITS 64
| #define _LARGEFILE_SOURCE 1
| #define NDEBUG 1
| #define STDC_HEADERS 1
| #define HAVE_SYS_TYPES_H 1
| #define HAVE_SYS_STAT_H 1
| #define HAVE_STDLIB_H 1
| #define HAVE_STRING_H 1
| #define HAVE_MEMORY_H 1
| #define HAVE_STRINGS_H 1
| #define HAVE_INTTYPES_H 1
| #define HAVE_STDINT_H 1
| #define HAVE_UNISTD_H 1
| #define HAVE_STDLIB_H 1
| #define HAVE_STDIO_H 1
| #define HAVE_STRING_H 1
| #define HAVE_MEMORY_H 1
| #define HAVE_MATH_H 1
| #define HAVE_FLOAT_H 1
| #define HAVE_FCNTL_H 1
| #define HAVE_INTTYPES_H 1
| #define HAVE_STDDEF_H 1
| #define HAVE_STDINT_H 1
| #define HAVE_SYS_TIME_H 1
| #define HAVE_UNISTD_H 1
| #define HAVE_SQLITE3_H 1
| #define HAVE_SQLITE3EXT_H 1
| #define HAVE_ZLIB_H 1
| /* end confdefs.h.  */
| #include <ac_nonexistent.h>
configure:5875: checking whether ln -s works
configure:5879: result: yes
configure:5886: checking whether make sets $(MAKE)
configure:5908: result: yes
configure:5921: checking build system type
configure:5935: result: x86_64-pc-linux-gnu
configure:5955: checking host system type
configure:5968: result: arm-linux-eabi
configure:6337: checking how to print strings
configure:6364: result: printf
configure:6385: checking for a sed that does not truncate output
configure:6449: result: /bin/sed
configure:6467: checking for fgrep
configure:6529: result: /bin/grep -F
configure:6564: checking for ld used by gcc
configure:6631: result: /usr/bin/ld
configure:6638: checking if the linker (/usr/bin/ld) is GNU ld
configure:6653: result: yes
configure:6665: checking for BSD- or MS-compatible name lister (nm)
configure:6714: result: no
configure:6728: checking for arm-linux-eabi-dumpbin
configure:6758: result: no
configure:6728: checking for arm-linux-eabi-link
configure:6758: result: no
configure:6772: checking for dumpbin
configure:6802: result: no
configure:6772: checking for link
configure:6788: found /usr/bin/link
configure:6799: result: link -dump
configure:6844: checking the name lister (nm) interface
configure:6851: gcc -c -g -O2  conftest.c >&5
configure:6854: nm "conftest.o"
configure:6857: output
0000000000000000 B some_variable
configure:6864: result: BSD nm
configure:6868: checking the maximum length of command line arguments
configure:6993: result: 1572864
configure:7010: checking whether the shell understands some XSI constructs
configure:7020: result: yes
configure:7024: checking whether the shell understands "+="
configure:7030: result: yes
configure:7065: checking how to convert x86_64-pc-linux-gnu file names to arm-linux-eabi format
configure:7105: result: func_convert_file_noop
configure:7112: checking how to convert x86_64-pc-linux-gnu file names to toolchain format
configure:7132: result: func_convert_file_noop
configure:7139: checking for /usr/bin/ld option to reload object files
configure:7146: result: -r
configure:7180: checking for arm-linux-eabi-objdump
configure:7207: result: objdump
configure:7276: checking how to recognize dependent libraries
configure:7478: result: unknown
configure:7523: checking for arm-linux-eabi-dlltool
configure:7550: result: dlltool
configure:7620: checking how to associate runtime and link libraries
configure:7647: result: printf %s\n
configure:7663: checking for arm-linux-eabi-ar
configure:7693: result: no
configure:7707: checking for ar
configure:7723: found /usr/bin/ar
configure:7734: result: ar
configure:7771: checking for archiver @FILE support
configure:7788: gcc -c -g -O2  conftest.c >&5
configure:7788: $? = 0
configure:7791: ar cru libconftest.a @conftest.lst >&5
configure:7794: $? = 0
configure:7799: ar cru libconftest.a @conftest.lst >&5
ar: conftest.o: No such file or directory
configure:7802: $? = 1
configure:7814: result: @
configure:7832: checking for arm-linux-eabi-strip
configure:7859: result: strip
configure:7931: checking for arm-linux-eabi-ranlib
configure:7961: result: no
configure:7971: checking for ranlib
configure:7987: found /usr/bin/ranlib
configure:7998: result: ranlib
configure:8100: checking command to parse nm output from gcc object
configure:8219: gcc -c -g -O2  conftest.c >&5
configure:8222: $? = 0
configure:8226: nm conftest.o \| sed -n -e 's/^.*[ ]\([ABCDGIRSTW][ABCDGIRSTW]*\)[ ][ ]*\([_A-Za-z][_A-Za-z0-9]*\)$/\1 \2 \2/p' | sed '/ __gnu_lto/d' \> conftest.nm
configure:8229: $? = 0
configure:8295: gcc -o conftest -g -O2   conftest.c conftstm.o >&5
configure:8298: $? = 0
configure:8336: result: ok
configure:8373: checking for sysroot
configure:8403: result: no
configure:8606: checking for arm-linux-eabi-mt
configure:8636: result: no
configure:8646: checking for mt
configure:8662: found /bin/mt
configure:8673: result: mt
configure:8696: checking if mt is a manifest tool
configure:8702: mt '-?'
configure:8710: result: no
configure:9339: checking for dlfcn.h
configure:9339: gcc -c -g -O2  conftest.c >&5
configure:9339: $? = 0
configure:9339: result: yes
configure:9535: checking for objdir
configure:9550: result: .libs
configure:9821: checking if gcc supports -fno-rtti -fno-exceptions
configure:9839: gcc -c -g -O2  -fno-rtti -fno-exceptions conftest.c >&5
cc1: warning: command line option '-fno-rtti' is valid for C++/ObjC++ but not for C [enabled by default]
configure:9843: $? = 0
configure:9856: result: no
configure:10166: checking for gcc option to produce PIC
configure:10173: result: -fPIC -DPIC
configure:10181: checking if gcc PIC flag -fPIC -DPIC works
configure:10199: gcc -c -g -O2  -fPIC -DPIC -DPIC conftest.c >&5
configure:10203: $? = 0
configure:10216: result: yes
configure:10245: checking if gcc static flag -static works
configure:10273: result: yes
configure:10288: checking if gcc supports -c -o file.o
configure:10309: gcc -c -g -O2  -o out/conftest2.o conftest.c >&5
configure:10313: $? = 0
configure:10335: result: yes
configure:10343: checking if gcc supports -c -o file.o
configure:10390: result: yes
configure:10423: checking whether the gcc linker (/usr/bin/ld) supports shared libraries
configure:11581: result: yes
configure:11618: checking whether -lc should be explicitly linked in
configure:11626: gcc -c -g -O2  conftest.c >&5
configure:11629: $? = 0
configure:11644: gcc -shared  -fPIC -DPIC conftest.o  -v -Wl,-soname -Wl,conftest -o conftest 2\>\&1 \| /bin/grep  -lc  \>/dev/null 2\>\&1
configure:11647: $? = 0
configure:11661: result: no
configure:11826: checking dynamic linker characteristics
configure:12566: result: no
configure:12673: checking how to hardcode library paths into programs
configure:12698: result: immediate
configure:13238: checking whether stripping libraries is possible
configure:13243: result: yes
configure:13278: checking if libtool supports shared libraries
configure:13280: result: no
configure:13283: checking whether to build shared libraries
configure:13304: result: no
configure:13307: checking whether to build static libraries
configure:13311: result: yes
configure:13334: checking how to run the C++ preprocessor
configure:13361: g++ -E  conftest.cpp
configure:13361: $? = 0
configure:13375: g++ -E  conftest.cpp
conftest.cpp:42:28: fatal error: ac_nonexistent.h: No such file or directory
 #include <ac_nonexistent.h>
                            ^
compilation terminated.
configure:13375: $? = 1
configure: failed program was:
| /* confdefs.h */
| #define PACKAGE_NAME "libspatialite"
| #define PACKAGE_TARNAME "libspatialite"
| #define PACKAGE_VERSION "4.2.1-rc1"
| #define PACKAGE_STRING "libspatialite 4.2.1-rc1"
| #define PACKAGE_BUGREPORT "a.furieri@lqt.it"
| #define PACKAGE_URL ""
| #define PACKAGE "libspatialite"
| #define VERSION "4.2.1-rc1"
| #define _LARGE_FILE 1
| #define _FILE_OFFSET_BITS 64
| #define _LARGEFILE_SOURCE 1
| #define NDEBUG 1
| #define STDC_HEADERS 1
| #define HAVE_SYS_TYPES_H 1
| #define HAVE_SYS_STAT_H 1
| #define HAVE_STDLIB_H 1
| #define HAVE_STRING_H 1
| #define HAVE_MEMORY_H 1
| #define HAVE_STRINGS_H 1
| #define HAVE_INTTYPES_H 1
| #define HAVE_STDINT_H 1
| #define HAVE_UNISTD_H 1
| #define HAVE_STDLIB_H 1
| #define HAVE_STDIO_H 1
| #define HAVE_STRING_H 1
| #define HAVE_MEMORY_H 1
| #define HAVE_MATH_H 1
| #define HAVE_FLOAT_H 1
| #define HAVE_FCNTL_H 1
| #define HAVE_INTTYPES_H 1
| #define HAVE_STDDEF_H 1
| #define HAVE_STDINT_H 1
| #define HAVE_SYS_TIME_H 1
| #define HAVE_UNISTD_H 1
| #define HAVE_SQLITE3_H 1
| #define HAVE_SQLITE3EXT_H 1
| #define HAVE_ZLIB_H 1
| #define HAVE_DLFCN_H 1
| #define LT_OBJDIR ".libs/"
| /* end confdefs.h.  */
| #include <ac_nonexistent.h>
configure:13400: result: g++ -E
configure:13420: g++ -E  conftest.cpp
configure:13420: $? = 0
configure:13434: g++ -E  conftest.cpp
conftest.cpp:42:28: fatal error: ac_nonexistent.h: No such file or directory
 #include <ac_nonexistent.h>
                            ^
compilation terminated.
configure:13434: $? = 1
configure: failed program was:
| /* confdefs.h */
| #define PACKAGE_NAME "libspatialite"
| #define PACKAGE_TARNAME "libspatialite"
| #define PACKAGE_VERSION "4.2.1-rc1"
| #define PACKAGE_STRING "libspatialite 4.2.1-rc1"
| #define PACKAGE_BUGREPORT "a.furieri@lqt.it"
| #define PACKAGE_URL ""
| #define PACKAGE "libspatialite"
| #define VERSION "4.2.1-rc1"
| #define _LARGE_FILE 1
| #define _FILE_OFFSET_BITS 64
| #define _LARGEFILE_SOURCE 1
| #define NDEBUG 1
| #define STDC_HEADERS 1
| #define HAVE_SYS_TYPES_H 1
| #define HAVE_SYS_STAT_H 1
| #define HAVE_STDLIB_H 1
| #define HAVE_STRING_H 1
| #define HAVE_MEMORY_H 1
| #define HAVE_STRINGS_H 1
| #define HAVE_INTTYPES_H 1
| #define HAVE_STDINT_H 1
| #define HAVE_UNISTD_H 1
| #define HAVE_STDLIB_H 1
| #define HAVE_STDIO_H 1
| #define HAVE_STRING_H 1
| #define HAVE_MEMORY_H 1
| #define HAVE_MATH_H 1
| #define HAVE_FLOAT_H 1
| #define HAVE_FCNTL_H 1
| #define HAVE_INTTYPES_H 1
| #define HAVE_STDDEF_H 1
| #define HAVE_STDINT_H 1
| #define HAVE_SYS_TIME_H 1
| #define HAVE_UNISTD_H 1
| #define HAVE_SQLITE3_H 1
| #define HAVE_SQLITE3EXT_H 1
| #define HAVE_ZLIB_H 1
| #define HAVE_DLFCN_H 1
| #define LT_OBJDIR ".libs/"
| /* end confdefs.h.  */
| #include <ac_nonexistent.h>
configure:13604: checking for ld used by g++
configure:13671: result: /usr/bin/ld
configure:13678: checking if the linker (/usr/bin/ld) is GNU ld
configure:13693: result: yes
configure:13748: checking whether the g++ linker (/usr/bin/ld) supports shared libraries
configure:14752: result: no
configure:14787: g++ -c -g -O2  conftest.cpp >&5
configure:14790: $? = 0
configure:15310: checking for g++ option to produce PIC
configure:15317: result: -fPIC -DPIC
configure:15325: checking if g++ PIC flag -fPIC -DPIC works
configure:15343: g++ -c -g -O2  -fPIC -DPIC -DPIC conftest.cpp >&5
configure:15347: $? = 0
configure:15360: result: yes
configure:15383: checking if g++ static flag -static works
configure:15411: result: yes
configure:15423: checking if g++ supports -c -o file.o
configure:15444: g++ -c -g -O2  -o out/conftest2.o conftest.cpp >&5
configure:15448: $? = 0
configure:15470: result: yes
configure:15475: checking if g++ supports -c -o file.o
configure:15522: result: yes
configure:15552: checking whether the g++ linker (/usr/bin/ld) supports shared libraries
configure:15586: result: no
configure:15729: checking dynamic linker characteristics
configure:16403: result: no
configure:16456: checking how to hardcode library paths into programs
configure:16481: result: immediate
configure:16542: checking for an ANSI C-conforming const
configure:16608: gcc -c -g -O2  conftest.c >&5
configure:16608: $? = 0
configure:16615: result: yes
configure:16623: checking for off_t
configure:16623: gcc -c -g -O2  conftest.c >&5
configure:16623: $? = 0
configure:16623: gcc -c -g -O2  conftest.c >&5
conftest.c: In function 'main':
conftest.c:78:20: error: expected expression before ')' token
 if (sizeof ((off_t)))
                    ^
configure:16623: $? = 1
configure: failed program was:
| /* confdefs.h */
| #define PACKAGE_NAME "libspatialite"
| #define PACKAGE_TARNAME "libspatialite"
| #define PACKAGE_VERSION "4.2.1-rc1"
| #define PACKAGE_STRING "libspatialite 4.2.1-rc1"
| #define PACKAGE_BUGREPORT "a.furieri@lqt.it"
| #define PACKAGE_URL ""
| #define PACKAGE "libspatialite"
| #define VERSION "4.2.1-rc1"
| #define _LARGE_FILE 1
| #define _FILE_OFFSET_BITS 64
| #define _LARGEFILE_SOURCE 1
| #define NDEBUG 1
| #define STDC_HEADERS 1
| #define HAVE_SYS_TYPES_H 1
| #define HAVE_SYS_STAT_H 1
| #define HAVE_STDLIB_H 1
| #define HAVE_STRING_H 1
| #define HAVE_MEMORY_H 1
| #define HAVE_STRINGS_H 1
| #define HAVE_INTTYPES_H 1
| #define HAVE_STDINT_H 1
| #define HAVE_UNISTD_H 1
| #define HAVE_STDLIB_H 1
| #define HAVE_STDIO_H 1
| #define HAVE_STRING_H 1
| #define HAVE_MEMORY_H 1
| #define HAVE_MATH_H 1
| #define HAVE_FLOAT_H 1
| #define HAVE_FCNTL_H 1
| #define HAVE_INTTYPES_H 1
| #define HAVE_STDDEF_H 1
| #define HAVE_STDINT_H 1
| #define HAVE_SYS_TIME_H 1
| #define HAVE_UNISTD_H 1
| #define HAVE_SQLITE3_H 1
| #define HAVE_SQLITE3EXT_H 1
| #define HAVE_ZLIB_H 1
| #define HAVE_DLFCN_H 1
| #define LT_OBJDIR ".libs/"
| /* end confdefs.h.  */
| #include <stdio.h>
| #ifdef HAVE_SYS_TYPES_H
| # include <sys/types.h>
| #endif
| #ifdef HAVE_SYS_STAT_H
| # include <sys/stat.h>
| #endif
| #ifdef STDC_HEADERS
| # include <stdlib.h>
| # include <stddef.h>
| #else
| # ifdef HAVE_STDLIB_H
| #  include <stdlib.h>
| # endif
| #endif
| #ifdef HAVE_STRING_H
| # if !defined STDC_HEADERS && defined HAVE_MEMORY_H
| #  include <memory.h>
| # endif
| # include <string.h>
| #endif
| #ifdef HAVE_STRINGS_H
| # include <strings.h>
| #endif
| #ifdef HAVE_INTTYPES_H
| # include <inttypes.h>
| #endif
| #ifdef HAVE_STDINT_H
| # include <stdint.h>
| #endif
| #ifdef HAVE_UNISTD_H
| # include <unistd.h>
| #endif
| int
| main ()
| {
| if (sizeof ((off_t)))
| 	    return 0;
|   ;
|   return 0;
| }
configure:16623: result: yes
configure:16634: checking for size_t
configure:16634: gcc -c -g -O2  conftest.c >&5
configure:16634: $? = 0
configure:16634: gcc -c -g -O2  conftest.c >&5
conftest.c: In function 'main':
conftest.c:78:21: error: expected expression before ')' token
 if (sizeof ((size_t)))
                     ^
configure:16634: $? = 1
configure: failed program was:
| /* confdefs.h */
| #define PACKAGE_NAME "libspatialite"
| #define PACKAGE_TARNAME "libspatialite"
| #define PACKAGE_VERSION "4.2.1-rc1"
| #define PACKAGE_STRING "libspatialite 4.2.1-rc1"
| #define PACKAGE_BUGREPORT "a.furieri@lqt.it"
| #define PACKAGE_URL ""
| #define PACKAGE "libspatialite"
| #define VERSION "4.2.1-rc1"
| #define _LARGE_FILE 1
| #define _FILE_OFFSET_BITS 64
| #define _LARGEFILE_SOURCE 1
| #define NDEBUG 1
| #define STDC_HEADERS 1
| #define HAVE_SYS_TYPES_H 1
| #define HAVE_SYS_STAT_H 1
| #define HAVE_STDLIB_H 1
| #define HAVE_STRING_H 1
| #define HAVE_MEMORY_H 1
| #define HAVE_STRINGS_H 1
| #define HAVE_INTTYPES_H 1
| #define HAVE_STDINT_H 1
| #define HAVE_UNISTD_H 1
| #define HAVE_STDLIB_H 1
| #define HAVE_STDIO_H 1
| #define HAVE_STRING_H 1
| #define HAVE_MEMORY_H 1
| #define HAVE_MATH_H 1
| #define HAVE_FLOAT_H 1
| #define HAVE_FCNTL_H 1
| #define HAVE_INTTYPES_H 1
| #define HAVE_STDDEF_H 1
| #define HAVE_STDINT_H 1
| #define HAVE_SYS_TIME_H 1
| #define HAVE_UNISTD_H 1
| #define HAVE_SQLITE3_H 1
| #define HAVE_SQLITE3EXT_H 1
| #define HAVE_ZLIB_H 1
| #define HAVE_DLFCN_H 1
| #define LT_OBJDIR ".libs/"
| /* end confdefs.h.  */
| #include <stdio.h>
| #ifdef HAVE_SYS_TYPES_H
| # include <sys/types.h>
| #endif
| #ifdef HAVE_SYS_STAT_H
| # include <sys/stat.h>
| #endif
| #ifdef STDC_HEADERS
| # include <stdlib.h>
| # include <stddef.h>
| #else
| # ifdef HAVE_STDLIB_H
| #  include <stdlib.h>
| # endif
| #endif
| #ifdef HAVE_STRING_H
| # if !defined STDC_HEADERS && defined HAVE_MEMORY_H
| #  include <memory.h>
| # endif
| # include <string.h>
| #endif
| #ifdef HAVE_STRINGS_H
| # include <strings.h>
| #endif
| #ifdef HAVE_INTTYPES_H
| # include <inttypes.h>
| #endif
| #ifdef HAVE_STDINT_H
| # include <stdint.h>
| #endif
| #ifdef HAVE_UNISTD_H
| # include <unistd.h>
| #endif
| int
| main ()
| {
| if (sizeof ((size_t)))
| 	    return 0;
|   ;
|   return 0;
| }
configure:16634: result: yes
configure:16645: checking whether time.h and sys/time.h may both be included
configure:16665: gcc -c -g -O2  conftest.c >&5
configure:16665: $? = 0
configure:16672: result: yes
configure:16680: checking whether struct tm is in sys/time.h or time.h
configure:16700: gcc -c -g -O2  conftest.c >&5
configure:16700: $? = 0
configure:16707: result: time.h
configure:16715: checking for working volatile
configure:16734: gcc -c -g -O2  conftest.c >&5
configure:16734: $? = 0
configure:16741: result: yes
configure:16751: checking whether lstat correctly handles trailing slash
configure:16794: result: no
configure:16813: checking whether lstat accepts an empty string
configure:16843: result: yes
configure:16859: checking whether lstat correctly handles trailing slash
configure:16902: result: no
configure:16921: checking for working memcmp
configure:16974: result: no
configure:16983: checking whether stat accepts an empty string
configure:17013: result: yes
configure:17031: checking for strftime
configure:17031: gcc -o conftest -g -O2   conftest.c  >&5
conftest.c:68:6: warning: conflicting types for built-in function 'strftime' [enabled by default]
 char strftime ();
      ^
configure:17031: $? = 0
configure:17031: result: yes
configure:17087: checking for memset
configure:17087: gcc -o conftest -g -O2   conftest.c  >&5
conftest.c:69:6: warning: conflicting types for built-in function 'memset' [enabled by default]
 char memset ();
      ^
configure:17087: $? = 0
configure:17087: result: yes
configure:17087: checking for sqrt
configure:17087: gcc -o conftest -g -O2   conftest.c  >&5
conftest.c:70:6: warning: conflicting types for built-in function 'sqrt' [enabled by default]
 char sqrt ();
      ^
/tmp/ccK6vfqf.o: In function `main':
/home/sevar/workspace/android-studio/geoworld/androidspatialite421/src/main/jni/ndk-modules/libspatialite/libspatialite-4.2.1-rc1/conftest.c:81: undefined reference to `sqrt'
collect2: error: ld returned 1 exit status
configure:17087: $? = 1
configure: failed program was:
| /* confdefs.h */
| #define PACKAGE_NAME "libspatialite"
| #define PACKAGE_TARNAME "libspatialite"
| #define PACKAGE_VERSION "4.2.1-rc1"
| #define PACKAGE_STRING "libspatialite 4.2.1-rc1"
| #define PACKAGE_BUGREPORT "a.furieri@lqt.it"
| #define PACKAGE_URL ""
| #define PACKAGE "libspatialite"
| #define VERSION "4.2.1-rc1"
| #define _LARGE_FILE 1
| #define _FILE_OFFSET_BITS 64
| #define _LARGEFILE_SOURCE 1
| #define NDEBUG 1
| #define STDC_HEADERS 1
| #define HAVE_SYS_TYPES_H 1
| #define HAVE_SYS_STAT_H 1
| #define HAVE_STDLIB_H 1
| #define HAVE_STRING_H 1
| #define HAVE_MEMORY_H 1
| #define HAVE_STRINGS_H 1
| #define HAVE_INTTYPES_H 1
| #define HAVE_STDINT_H 1
| #define HAVE_UNISTD_H 1
| #define HAVE_STDLIB_H 1
| #define HAVE_STDIO_H 1
| #define HAVE_STRING_H 1
| #define HAVE_MEMORY_H 1
| #define HAVE_MATH_H 1
| #define HAVE_FLOAT_H 1
| #define HAVE_FCNTL_H 1
| #define HAVE_INTTYPES_H 1
| #define HAVE_STDDEF_H 1
| #define HAVE_STDINT_H 1
| #define HAVE_SYS_TIME_H 1
| #define HAVE_UNISTD_H 1
| #define HAVE_SQLITE3_H 1
| #define HAVE_SQLITE3EXT_H 1
| #define HAVE_ZLIB_H 1
| #define HAVE_DLFCN_H 1
| #define LT_OBJDIR ".libs/"
| #define TIME_WITH_SYS_TIME 1
| #define HAVE_LSTAT_EMPTY_STRING_BUG 1
| #define HAVE_STAT_EMPTY_STRING_BUG 1
| #define HAVE_STRFTIME 1
| #define HAVE_MEMSET 1
| /* end confdefs.h.  */
| /* Define sqrt to an innocuous variant, in case <limits.h> declares sqrt.
|    For example, HP-UX 11i <limits.h> declares gettimeofday.  */
| #define sqrt innocuous_sqrt
| 
| /* System header to define __stub macros and hopefully few prototypes,
|     which can conflict with char sqrt (); below.
|     Prefer <limits.h> to <assert.h> if __STDC__ is defined, since
|     <limits.h> exists even on freestanding compilers.  */
| 
| #ifdef __STDC__
| # include <limits.h>
| #else
| # include <assert.h>
| #endif
| 
| #undef sqrt
| 
| /* Override any GCC internal prototype to avoid an error.
|    Use char because int might match the return type of a GCC
|    builtin and then its argument prototype would still apply.  */
| #ifdef __cplusplus
| extern "C"
| #endif
| char sqrt ();
| /* The GNU C library defines this for functions which it implements
|     to always fail with ENOSYS.  Some functions are actually named
|     something starting with __ and the normal name is an alias.  */
| #if defined __stub_sqrt || defined __stub___sqrt
| choke me
| #endif
| 
| int
| main ()
| {
| return sqrt ();
|   ;
|   return 0;
| }
configure:17087: result: no
configure:17087: checking for strcasecmp
configure:17087: gcc -o conftest -g -O2   conftest.c  >&5
conftest.c:70:6: warning: conflicting types for built-in function 'strcasecmp' [enabled by default]
 char strcasecmp ();
      ^
configure:17087: $? = 0
configure:17087: result: yes
configure:17087: checking for strerror
configure:17087: gcc -o conftest -g -O2   conftest.c  >&5
configure:17087: $? = 0
configure:17087: result: yes
configure:17087: checking for strncasecmp
configure:17087: gcc -o conftest -g -O2   conftest.c  >&5
conftest.c:72:6: warning: conflicting types for built-in function 'strncasecmp' [enabled by default]
 char strncasecmp ();
      ^
configure:17087: $? = 0
configure:17087: result: yes
configure:17087: checking for strstr
configure:17087: gcc -o conftest -g -O2   conftest.c  >&5
conftest.c:73:6: warning: conflicting types for built-in function 'strstr' [enabled by default]
 char strstr ();
      ^
configure:17087: $? = 0
configure:17087: result: yes
configure:17087: checking for fdatasync
configure:17087: gcc -o conftest -g -O2   conftest.c  >&5
configure:17087: $? = 0
configure:17087: result: yes
configure:17087: checking for ftruncate
configure:17087: gcc -o conftest -g -O2   conftest.c  >&5
configure:17087: $? = 0
configure:17087: result: yes
configure:17087: checking for getcwd
configure:17087: gcc -o conftest -g -O2   conftest.c  >&5
configure:17087: $? = 0
configure:17087: result: yes
configure:17087: checking for gettimeofday
configure:17087: gcc -o conftest -g -O2   conftest.c  >&5
configure:17087: $? = 0
configure:17087: result: yes
configure:17087: checking for localtime_r
configure:17087: gcc -o conftest -g -O2   conftest.c  >&5
configure:17087: $? = 0
configure:17087: result: yes
configure:17087: checking for memmove
configure:17087: gcc -o conftest -g -O2   conftest.c  >&5
conftest.c:79:6: warning: conflicting types for built-in function 'memmove' [enabled by default]
 char memmove ();
      ^
configure:17087: $? = 0
configure:17087: result: yes
configure:17087: checking for strerror
configure:17087: result: yes
configure:17098: checking for sqlite3_prepare_v2 in -lsqlite3
configure:17123: gcc -o conftest -g -O2   conftest.c -lsqlite3 -lm  >&5
/usr/bin/ld: cannot find -lsqlite3
collect2: error: ld returned 1 exit status
configure:17123: $? = 1
configure: failed program was:
| /* confdefs.h */
| #define PACKAGE_NAME "libspatialite"
| #define PACKAGE_TARNAME "libspatialite"
| #define PACKAGE_VERSION "4.2.1-rc1"
| #define PACKAGE_STRING "libspatialite 4.2.1-rc1"
| #define PACKAGE_BUGREPORT "a.furieri@lqt.it"
| #define PACKAGE_URL ""
| #define PACKAGE "libspatialite"
| #define VERSION "4.2.1-rc1"
| #define _LARGE_FILE 1
| #define _FILE_OFFSET_BITS 64
| #define _LARGEFILE_SOURCE 1
| #define NDEBUG 1
| #define STDC_HEADERS 1
| #define HAVE_SYS_TYPES_H 1
| #define HAVE_SYS_STAT_H 1
| #define HAVE_STDLIB_H 1
| #define HAVE_STRING_H 1
| #define HAVE_MEMORY_H 1
| #define HAVE_STRINGS_H 1
| #define HAVE_INTTYPES_H 1
| #define HAVE_STDINT_H 1
| #define HAVE_UNISTD_H 1
| #define HAVE_STDLIB_H 1
| #define HAVE_STDIO_H 1
| #define HAVE_STRING_H 1
| #define HAVE_MEMORY_H 1
| #define HAVE_MATH_H 1
| #define HAVE_FLOAT_H 1
| #define HAVE_FCNTL_H 1
| #define HAVE_INTTYPES_H 1
| #define HAVE_STDDEF_H 1
| #define HAVE_STDINT_H 1
| #define HAVE_SYS_TIME_H 1
| #define HAVE_UNISTD_H 1
| #define HAVE_SQLITE3_H 1
| #define HAVE_SQLITE3EXT_H 1
| #define HAVE_ZLIB_H 1
| #define HAVE_DLFCN_H 1
| #define LT_OBJDIR ".libs/"
| #define TIME_WITH_SYS_TIME 1
| #define HAVE_LSTAT_EMPTY_STRING_BUG 1
| #define HAVE_STAT_EMPTY_STRING_BUG 1
| #define HAVE_STRFTIME 1
| #define HAVE_MEMSET 1
| #define HAVE_STRCASECMP 1
| #define HAVE_STRERROR 1
| #define HAVE_STRNCASECMP 1
| #define HAVE_STRSTR 1
| #define HAVE_FDATASYNC 1
| #define HAVE_FTRUNCATE 1
| #define HAVE_GETCWD 1
| #define HAVE_GETTIMEOFDAY 1
| #define HAVE_LOCALTIME_R 1
| #define HAVE_MEMMOVE 1
| #define HAVE_STRERROR 1
| /* end confdefs.h.  */
| 
| /* Override any GCC internal prototype to avoid an error.
|    Use char because int might match the return type of a GCC
|    builtin and then its argument prototype would still apply.  */
| #ifdef __cplusplus
| extern "C"
| #endif
| char sqlite3_prepare_v2 ();
| int
| main ()
| {
| return sqlite3_prepare_v2 ();
|   ;
|   return 0;
| }
configure:17132: result: no
configure:17142: error: 'libsqlite3' is required but it doesn't seem to be installed on this system.

## ---------------- ##
## Cache variables. ##
## ---------------- ##

ac_cv_build=x86_64-pc-linux-gnu
ac_cv_c_compiler_gnu=yes
ac_cv_c_const=yes
ac_cv_c_volatile=yes
ac_cv_cxx_compiler_gnu=yes
ac_cv_env_CCC_set=
ac_cv_env_CCC_value=
ac_cv_env_CC_set=
ac_cv_env_CC_value=
ac_cv_env_CFLAGS_set=
ac_cv_env_CFLAGS_value=
ac_cv_env_CPPFLAGS_set=
ac_cv_env_CPPFLAGS_value=
ac_cv_env_CPP_set=
ac_cv_env_CPP_value=
ac_cv_env_CXXCPP_set=
ac_cv_env_CXXCPP_value=
ac_cv_env_CXXFLAGS_set=
ac_cv_env_CXXFLAGS_value=
ac_cv_env_CXX_set=
ac_cv_env_CXX_value=
ac_cv_env_LDFLAGS_set=
ac_cv_env_LDFLAGS_value=
ac_cv_env_LIBS_set=
ac_cv_env_LIBS_value=
ac_cv_env_LIBXML2_CFLAGS_set=
ac_cv_env_LIBXML2_CFLAGS_value=
ac_cv_env_LIBXML2_LIBS_set=
ac_cv_env_LIBXML2_LIBS_value=
ac_cv_env_PKG_CONFIG_LIBDIR_set=
ac_cv_env_PKG_CONFIG_LIBDIR_value=
ac_cv_env_PKG_CONFIG_PATH_set=
ac_cv_env_PKG_CONFIG_PATH_value=
ac_cv_env_PKG_CONFIG_set=
ac_cv_env_PKG_CONFIG_value=
ac_cv_env_build_alias_set=set
ac_cv_env_build_alias_value=x86_64-pc-linux-gnu
ac_cv_env_host_alias_set=set
ac_cv_env_host_alias_value=arm-linux-eabi
ac_cv_env_target_alias_set=
ac_cv_env_target_alias_value=
ac_cv_func_fdatasync=yes
ac_cv_func_ftruncate=yes
ac_cv_func_getcwd=yes
ac_cv_func_gettimeofday=yes
ac_cv_func_localtime_r=yes
ac_cv_func_lstat_dereferences_slashed_symlink=no
ac_cv_func_lstat_empty_string_bug=yes
ac_cv_func_memcmp_working=no
ac_cv_func_memmove=yes
ac_cv_func_memset=yes
ac_cv_func_sqrt=no
ac_cv_func_stat_empty_string_bug=yes
ac_cv_func_strcasecmp=yes
ac_cv_func_strerror=yes
ac_cv_func_strftime=yes
ac_cv_func_strncasecmp=yes
ac_cv_func_strstr=yes
ac_cv_header_dlfcn_h=yes
ac_cv_header_fcntl_h=yes
ac_cv_header_float_h=yes
ac_cv_header_inttypes_h=yes
ac_cv_header_math_h=yes
ac_cv_header_memory_h=yes
ac_cv_header_sqlite3_h=yes
ac_cv_header_sqlite3ext_h=yes
ac_cv_header_stdc=yes
ac_cv_header_stddef_h=yes
ac_cv_header_stdint_h=yes
ac_cv_header_stdio_h=yes
ac_cv_header_stdlib_h=yes
ac_cv_header_string_h=yes
ac_cv_header_strings_h=yes
ac_cv_header_sys_stat_h=yes
ac_cv_header_sys_time_h=yes
ac_cv_header_sys_types_h=yes
ac_cv_header_time=yes
ac_cv_header_unistd_h=yes
ac_cv_header_zlib_h=yes
ac_cv_host=arm-linux-eabi
ac_cv_lib_sqlite3_sqlite3_prepare_v2=no
ac_cv_objext=o
ac_cv_path_EGREP='/bin/grep -E'
ac_cv_path_FGREP='/bin/grep -F'
ac_cv_path_GREP=/bin/grep
ac_cv_path_SED=/bin/sed
ac_cv_path_install='/usr/bin/install -c'
ac_cv_path_mkdir=/bin/mkdir
ac_cv_prog_AWK=gawk
ac_cv_prog_CC=gcc
ac_cv_prog_CPP='gcc -E'
ac_cv_prog_CXXCPP='g++ -E'
ac_cv_prog_DLLTOOL=dlltool
ac_cv_prog_OBJDUMP=objdump
ac_cv_prog_STRIP=strip
ac_cv_prog_ac_ct_AR=ar
ac_cv_prog_ac_ct_CC=gcc
ac_cv_prog_ac_ct_CXX=g++
ac_cv_prog_ac_ct_DUMPBIN='link -dump'
ac_cv_prog_ac_ct_MANIFEST_TOOL=mt
ac_cv_prog_ac_ct_RANLIB=ranlib
ac_cv_prog_ac_ct_STRIP=strip
ac_cv_prog_cc_c89=
ac_cv_prog_cc_g=yes
ac_cv_prog_cxx_g=yes
ac_cv_prog_make_make_set=yes
ac_cv_struct_tm=time.h
ac_cv_type_off_t=yes
ac_cv_type_size_t=yes
am_cv_CC_dependencies_compiler_type=gcc3
am_cv_CXX_dependencies_compiler_type=gcc3
am_cv_make_support_nested_variables=yes
lt_cv_ar_at_file=@
lt_cv_archive_cmds_need_lc=no
lt_cv_deplibs_check_method=unknown
lt_cv_file_magic_cmd='$MAGIC_CMD'
lt_cv_file_magic_test_file=
lt_cv_ld_reload_flag=-r
lt_cv_nm_interface='BSD nm'
lt_cv_objdir=.libs
lt_cv_path_LD=/usr/bin/ld
lt_cv_path_LDCXX=/usr/bin/ld
lt_cv_path_NM=no
lt_cv_path_mainfest_tool=no
lt_cv_prog_compiler_c_o=yes
lt_cv_prog_compiler_c_o_CXX=yes
lt_cv_prog_compiler_pic='-fPIC -DPIC'
lt_cv_prog_compiler_pic_CXX='-fPIC -DPIC'
lt_cv_prog_compiler_pic_works=yes
lt_cv_prog_compiler_pic_works_CXX=yes
lt_cv_prog_compiler_rtti_exceptions=no
lt_cv_prog_compiler_static_works=yes
lt_cv_prog_compiler_static_works_CXX=yes
lt_cv_prog_gnu_ld=yes
lt_cv_prog_gnu_ldcxx=yes
lt_cv_sharedlib_from_linklib_cmd='printf %s\n'
lt_cv_sys_global_symbol_pipe='sed -n -e '\''s/^.*[	 ]\([ABCDGIRSTW][ABCDGIRSTW]*\)[	 ][	 ]*\([_A-Za-z][_A-Za-z0-9]*\)$/\1 \2 \2/p'\'' | sed '\''/ __gnu_lto/d'\'''
lt_cv_sys_global_symbol_to_c_name_address='sed -n -e '\''s/^: \([^ ]*\)[ ]*$/  {\"\1\", (void *) 0},/p'\'' -e '\''s/^[ABCDGIRSTW]* \([^ ]*\) \([^ ]*\)$/  {"\2", (void *) \&\2},/p'\'''
lt_cv_sys_global_symbol_to_c_name_address_lib_prefix='sed -n -e '\''s/^: \([^ ]*\)[ ]*$/  {\"\1\", (void *) 0},/p'\'' -e '\''s/^[ABCDGIRSTW]* \([^ ]*\) \(lib[^ ]*\)$/  {"\2", (void *) \&\2},/p'\'' -e '\''s/^[ABCDGIRSTW]* \([^ ]*\) \([^ ]*\)$/  {"lib\2", (void *) \&\2},/p'\'''
lt_cv_sys_global_symbol_to_cdecl='sed -n -e '\''s/^T .* \(.*\)$/extern int \1();/p'\'' -e '\''s/^[ABCDGIRSTW]* .* \(.*\)$/extern char \1;/p'\'''
lt_cv_sys_max_cmd_len=1572864
lt_cv_to_host_file_cmd=func_convert_file_noop
lt_cv_to_tool_file_cmd=func_convert_file_noop

## ----------------- ##
## Output variables. ##
## ----------------- ##

ACLOCAL='aclocal-1.13'
AMDEPBACKSLASH='\'
AMDEP_FALSE='#'
AMDEP_TRUE=''
AMTAR='$${TAR-tar}'
AM_BACKSLASH='\'
AM_DEFAULT_V='$(AM_DEFAULT_VERBOSITY)'
AM_DEFAULT_VERBOSITY='1'
AM_V='$(V)'
ANDROID_FALSE=''
ANDROID_TRUE=''
AR='ar'
AS='as'
AUTOCONF='autoconf'
AUTOHEADER='autoheader'
AUTOMAKE='automake-1.13'
AWK='gawk'
CC='gcc'
CCDEPMODE='depmode=gcc3'
CFLAGS='-g -O2'
CPP='gcc -E'
CPPFLAGS=''
CXX='g++'
CXXCPP='g++ -E'
CXXDEPMODE='depmode=gcc3'
CXXFLAGS='-g -O2'
CYGPATH_W='echo'
DEFS=''
DEPDIR='.deps'
DLLTOOL='dlltool'
DSYMUTIL=''
DUMPBIN=':'
ECHO_C=''
ECHO_N='-n'
ECHO_T=''
EGREP='/bin/grep -E'
ENABLE_EXAMPLES_FALSE=''
ENABLE_EXAMPLES_TRUE=''
ENABLE_GEOPACKAGE_FALSE=''
ENABLE_GEOPACKAGE_TRUE=''
EXEEXT=''
FGREP='/bin/grep -F'
GEOSCONFIG=''
GEOS_CFLAGS=''
GEOS_LDFLAGS=''
GREP='/bin/grep'
INSTALL_DATA='${INSTALL} -m 644'
INSTALL_PROGRAM='${INSTALL}'
INSTALL_SCRIPT='${INSTALL}'
INSTALL_STRIP_PROGRAM='$(install_sh) -c -s'
LD='/usr/bin/ld'
LDFLAGS=''
LIBOBJS=' lstat.o memcmp.o stat.o'
LIBS=''
LIBTOOL='$(SHELL) $(top_builddir)/libtool'
LIBXML2_CFLAGS=''
LIBXML2_LIBS=''
LIPO=''
LN_S='ln -s'
LTLIBOBJS=''
MACOSX_FALSE=''
MACOSX_TRUE=''
MAINT='#'
MAINTAINER_MODE_FALSE=''
MAINTAINER_MODE_TRUE='#'
MAKEINFO='makeinfo'
MANIFEST_TOOL=':'
MINGW_FALSE=''
MINGW_TRUE=''
MKDIR_P='/bin/mkdir -p'
NM='nm'
NMEDIT=''
OBJDUMP='objdump'
OBJEXT='o'
OTOOL64=''
OTOOL=''
PACKAGE='libspatialite'
PACKAGE_BUGREPORT='a.furieri@lqt.it'
PACKAGE_NAME='libspatialite'
PACKAGE_STRING='libspatialite 4.2.1-rc1'
PACKAGE_TARNAME='libspatialite'
PACKAGE_URL=''
PACKAGE_VERSION='4.2.1-rc1'
PATH_SEPARATOR=':'
PKG_CONFIG=''
PKG_CONFIG_LIBDIR=''
PKG_CONFIG_PATH=''
RANLIB='ranlib'
SED='/bin/sed'
SET_MAKE=''
SHELL='/bin/bash'
STRIP='strip'
VERSION='4.2.1-rc1'
ac_ct_AR='ar'
ac_ct_CC='gcc'
ac_ct_CXX='g++'
ac_ct_DUMPBIN='link -dump'
am__EXEEXT_FALSE=''
am__EXEEXT_TRUE=''
am__fastdepCC_FALSE='#'
am__fastdepCC_TRUE=''
am__fastdepCXX_FALSE='#'
am__fastdepCXX_TRUE=''
am__include='include'
am__isrc=''
am__leading_dot='.'
am__nodep='_no'
am__quote=''
am__tar='$${TAR-tar} chof - "$$tardir"'
am__untar='$${TAR-tar} xf -'
bindir='${exec_prefix}/bin'
build='x86_64-pc-linux-gnu'
build_alias='x86_64-pc-linux-gnu'
build_cpu='x86_64'
build_os='linux-gnu'
build_vendor='pc'
datadir='${datarootdir}'
datarootdir='${prefix}/share'
docdir='${datarootdir}/doc/${PACKAGE_TARNAME}'
dvidir='${docdir}'
exec_prefix='NONE'
host='arm-linux-eabi'
host_alias='arm-linux-eabi'
host_cpu='arm'
host_os='eabi'
host_vendor='linux'
htmldir='${docdir}'
includedir='${prefix}/include'
infodir='${datarootdir}/info'
install_sh='${SHELL} /home/sevar/workspace/android-studio/geoworld/androidspatialite421/src/main/jni/ndk-modules/libspatialite/libspatialite-4.2.1-rc1/install-sh'
libdir='${exec_prefix}/lib'
libexecdir='${exec_prefix}/libexec'
localedir='${datarootdir}/locale'
localstatedir='${prefix}/var'
mandir='${datarootdir}/man'
mkdir_p='$(MKDIR_P)'
oldincludedir='/usr/include'
pdfdir='${docdir}'
prefix='NONE'
program_transform_name='s,x,x,'
psdir='${docdir}'
sbindir='${exec_prefix}/sbin'
sharedstatedir='${prefix}/com'
sysconfdir='${prefix}/etc'
target_alias=''

## ----------- ##
## confdefs.h. ##
## ----------- ##

/* confdefs.h */
#define PACKAGE_NAME "libspatialite"
#define PACKAGE_TARNAME "libspatialite"
#define PACKAGE_VERSION "4.2.1-rc1"
#define PACKAGE_STRING "libspatialite 4.2.1-rc1"
#define PACKAGE_BUGREPORT "a.furieri@lqt.it"
#define PACKAGE_URL ""
#define PACKAGE "libspatialite"
#define VERSION "4.2.1-rc1"
#define _LARGE_FILE 1
#define _FILE_OFFSET_BITS 64
#define _LARGEFILE_SOURCE 1
#define NDEBUG 1
#define STDC_HEADERS 1
#define HAVE_SYS_TYPES_H 1
#define HAVE_SYS_STAT_H 1
#define HAVE_STDLIB_H 1
#define HAVE_STRING_H 1
#define HAVE_MEMORY_H 1
#define HAVE_STRINGS_H 1
#define HAVE_INTTYPES_H 1
#define HAVE_STDINT_H 1
#define HAVE_UNISTD_H 1
#define HAVE_STDLIB_H 1
#define HAVE_STDIO_H 1
#define HAVE_STRING_H 1
#define HAVE_MEMORY_H 1
#define HAVE_MATH_H 1
#define HAVE_FLOAT_H 1
#define HAVE_FCNTL_H 1
#define HAVE_INTTYPES_H 1
#define HAVE_STDDEF_H 1
#define HAVE_STDINT_H 1
#define HAVE_SYS_TIME_H 1
#define HAVE_UNISTD_H 1
#define HAVE_SQLITE3_H 1
#define HAVE_SQLITE3EXT_H 1
#define HAVE_ZLIB_H 1
#define HAVE_DLFCN_H 1
#define LT_OBJDIR ".libs/"
#define TIME_WITH_SYS_TIME 1
#define HAVE_LSTAT_EMPTY_STRING_BUG 1
#define HAVE_STAT_EMPTY_STRING_BUG 1
#define HAVE_STRFTIME 1
#define HAVE_MEMSET 1
#define HAVE_STRCASECMP 1
#define HAVE_STRERROR 1
#define HAVE_STRNCASECMP 1
#define HAVE_STRSTR 1
#define HAVE_FDATASYNC 1
#define HAVE_FTRUNCATE 1
#define HAVE_GETCWD 1
#define HAVE_GETTIMEOFDAY 1
#define HAVE_LOCALTIME_R 1
#define HAVE_MEMMOVE 1
#define HAVE_STRERROR 1

configure: exit 1
