This file contains any messages produced by compilers while
running configure, to aid debugging if configure makes a mistake.

It was created by PROJ.4 Projections configure 4.9.3, which was
generated by GNU Autoconf 2.69.  Invocation command line was

  $ ./configure --build=x86_64-pc-linux-gnu --host=arm-linux-eabi

## --------- ##
## Platform. ##
## --------- ##

hostname = HAF
uname -m = x86_64
uname -r = 5.0.0-25-generic
uname -s = Linux
uname -v = #26~18.04.1-Ubuntu SMP Thu Aug 1 13:51:02 UTC 2019

/usr/bin/uname -p = unknown
/bin/uname -X     = unknown

/bin/arch              = unknown
/usr/bin/arch -k       = unknown
/usr/convex/getsysinfo = unknown
/usr/bin/hostinfo      = unknown
/bin/machine           = unknown
/usr/bin/oslevel       = unknown
/bin/universe          = unknown

PATH: /usr/local/sbin
PATH: /usr/local/bin
PATH: /usr/sbin
PATH: /usr/bin
PATH: /sbin
PATH: /bin
PATH: /usr/games
PATH: /usr/local/games
PATH: /snap/bin


## ----------- ##
## Core tests. ##
## ----------- ##

configure:2332: checking for a BSD-compatible install
configure:2400: result: /usr/bin/install -c
configure:2411: checking whether build environment is sane
configure:2466: result: yes
configure:2525: checking for arm-linux-eabi-strip
configure:2555: result: no
configure:2565: checking for strip
configure:2581: found /usr/bin/strip
configure:2592: result: strip
configure:2604: WARNING: using cross tools not prefixed with host triplet
configure:2617: checking for a thread-safe mkdir -p
configure:2656: result: /bin/mkdir -p
configure:2663: checking for gawk
configure:2693: result: no
configure:2663: checking for mawk
configure:2679: found /usr/bin/mawk
configure:2690: result: mawk
configure:2701: checking whether make sets $(MAKE)
configure:2723: result: yes
configure:2752: checking whether make supports nested variables
configure:2769: result: yes
configure:2910: checking for style of include used by make
configure:2938: result: GNU
configure:2969: checking for arm-linux-eabi-gcc
configure:2999: result: no
configure:3009: checking for gcc
configure:3025: found /usr/bin/gcc
configure:3036: result: gcc
configure:3265: checking for C compiler version
configure:3274: gcc --version >&5
gcc (Ubuntu 7.4.0-1ubuntu1~18.04.1) 7.4.0
Copyright (C) 2017 Free Software Foundation, Inc.
This is free software; see the source for copying conditions.  There is NO
warranty; not even for MERCHANTABILITY or FITNESS FOR A PARTICULAR PURPOSE.

configure:3285: $? = 0
configure:3274: gcc -v >&5
Using built-in specs.
COLLECT_GCC=gcc
COLLECT_LTO_WRAPPER=/usr/lib/gcc/x86_64-linux-gnu/7/lto-wrapper
OFFLOAD_TARGET_NAMES=nvptx-none
OFFLOAD_TARGET_DEFAULT=1
Target: x86_64-linux-gnu
Configured with: ../src/configure -v --with-pkgversion='Ubuntu 7.4.0-1ubuntu1~18.04.1' --with-bugurl=file:///usr/share/doc/gcc-7/README.Bugs --enable-languages=c,ada,c++,go,brig,d,fortran,objc,obj-c++ --prefix=/usr --with-gcc-major-version-only --program-suffix=-7 --program-prefix=x86_64-linux-gnu- --enable-shared --enable-linker-build-id --libexecdir=/usr/lib --without-included-gettext --enable-threads=posix --libdir=/usr/lib --enable-nls --with-sysroot=/ --enable-clocale=gnu --enable-libstdcxx-debug --enable-libstdcxx-time=yes --with-default-libstdcxx-abi=new --enable-gnu-unique-object --disable-vtable-verify --enable-libmpx --enable-plugin --enable-default-pie --with-system-zlib --with-target-system-zlib --enable-objc-gc=auto --enable-multiarch --disable-werror --with-arch-32=i686 --with-abi=m64 --with-multilib-list=m32,m64,mx32 --enable-multilib --with-tune=generic --enable-offload-targets=nvptx-none --without-cuda-driver --enable-checking=release --build=x86_64-linux-gnu --host=x86_64-linux-gnu --target=x86_64-linux-gnu
Thread model: posix
gcc version 7.4.0 (Ubuntu 7.4.0-1ubuntu1~18.04.1) 
configure:3285: $? = 0
configure:3274: gcc -V >&5
gcc: error: unrecognized command line option '-V'
gcc: fatal error: no input files
compilation terminated.
configure:3285: $? = 1
configure:3274: gcc -qversion >&5
gcc: error: unrecognized command line option '-qversion'; did you mean '--version'?
gcc: fatal error: no input files
compilation terminated.
configure:3285: $? = 1
configure:3305: checking whether the C compiler works
configure:3327: gcc    conftest.c  >&5
configure:3331: $? = 0
configure:3379: result: yes
configure:3382: checking for C compiler default output file name
configure:3384: result: a.out
configure:3390: checking for suffix of executables
configure:3397: gcc -o conftest    conftest.c  >&5
configure:3401: $? = 0
configure:3423: result: 
configure:3445: checking whether we are cross compiling
configure:3483: result: yes
configure:3488: checking for suffix of object files
configure:3510: gcc -c   conftest.c >&5
configure:3514: $? = 0
configure:3535: result: o
configure:3539: checking whether we are using the GNU C compiler
configure:3558: gcc -c   conftest.c >&5
configure:3558: $? = 0
configure:3567: result: yes
configure:3576: checking whether gcc accepts -g
configure:3596: gcc -c -g  conftest.c >&5
configure:3596: $? = 0
configure:3637: result: yes
configure:3654: checking for gcc option to accept ISO C89
configure:3717: gcc  -c -g -O2  conftest.c >&5
configure:3717: $? = 0
configure:3730: result: none needed
configure:3755: checking whether gcc understands -c and -o together
configure:3777: gcc -c conftest.c -o conftest2.o
configure:3780: $? = 0
configure:3777: gcc -c conftest.c -o conftest2.o
configure:3780: $? = 0
configure:3792: result: yes
configure:3811: checking dependency style of gcc
configure:3922: result: gcc3
configure:3938: checking C_WFLAGS for maximum warnings
configure:3965: gcc -c -g -O2 -pedantic -Wdeclaration-after-statement  -Wall -Wdeclaration-after-statement  conftest.c >&5
configure:3965: $? = 0
configure:3979: result: -Wall -Wdeclaration-after-statement
configure:3992: : C_WFLAGS="$C_WFLAGS $ac_cv_cflags_warn_all"
configure:3995: $? = 0
configure:4013: checking for arm-linux-eabi-gcc
configure:4040: result: gcc
configure:4309: checking for C compiler version
configure:4318: gcc --version >&5
gcc (Ubuntu 7.4.0-1ubuntu1~18.04.1) 7.4.0
Copyright (C) 2017 Free Software Foundation, Inc.
This is free software; see the source for copying conditions.  There is NO
warranty; not even for MERCHANTABILITY or FITNESS FOR A PARTICULAR PURPOSE.

configure:4329: $? = 0
configure:4318: gcc -v >&5
Using built-in specs.
COLLECT_GCC=gcc
COLLECT_LTO_WRAPPER=/usr/lib/gcc/x86_64-linux-gnu/7/lto-wrapper
OFFLOAD_TARGET_NAMES=nvptx-none
OFFLOAD_TARGET_DEFAULT=1
Target: x86_64-linux-gnu
Configured with: ../src/configure -v --with-pkgversion='Ubuntu 7.4.0-1ubuntu1~18.04.1' --with-bugurl=file:///usr/share/doc/gcc-7/README.Bugs --enable-languages=c,ada,c++,go,brig,d,fortran,objc,obj-c++ --prefix=/usr --with-gcc-major-version-only --program-suffix=-7 --program-prefix=x86_64-linux-gnu- --enable-shared --enable-linker-build-id --libexecdir=/usr/lib --without-included-gettext --enable-threads=posix --libdir=/usr/lib --enable-nls --with-sysroot=/ --enable-clocale=gnu --enable-libstdcxx-debug --enable-libstdcxx-time=yes --with-default-libstdcxx-abi=new --enable-gnu-unique-object --disable-vtable-verify --enable-libmpx --enable-plugin --enable-default-pie --with-system-zlib --with-target-system-zlib --enable-objc-gc=auto --enable-multiarch --disable-werror --with-arch-32=i686 --with-abi=m64 --with-multilib-list=m32,m64,mx32 --enable-multilib --with-tune=generic --enable-offload-targets=nvptx-none --without-cuda-driver --enable-checking=release --build=x86_64-linux-gnu --host=x86_64-linux-gnu --target=x86_64-linux-gnu
Thread model: posix
gcc version 7.4.0 (Ubuntu 7.4.0-1ubuntu1~18.04.1) 
configure:4329: $? = 0
configure:4318: gcc -V >&5
gcc: error: unrecognized command line option '-V'
gcc: fatal error: no input files
compilation terminated.
configure:4329: $? = 1
configure:4318: gcc -qversion >&5
gcc: error: unrecognized command line option '-qversion'; did you mean '--version'?
gcc: fatal error: no input files
compilation terminated.
configure:4329: $? = 1
configure:4333: checking whether we are using the GNU C compiler
configure:4361: result: yes
configure:4370: checking whether gcc accepts -g
configure:4431: result: yes
configure:4448: checking for gcc option to accept ISO C89
configure:4524: result: none needed
configure:4549: checking whether gcc understands -c and -o together
configure:4586: result: yes
configure:4605: checking dependency style of gcc
configure:4716: result: gcc3
configure:4732: checking whether ln -s works
configure:4736: result: yes
configure:4743: checking whether make sets $(MAKE)
configure:4765: result: yes
configure:4803: checking build system type
configure:4817: result: x86_64-pc-linux-gnu
configure:4837: checking host system type
configure:4850: result: arm-linux-eabi
configure:4891: checking how to print strings
configure:4918: result: printf
configure:4939: checking for a sed that does not truncate output
configure:5003: result: /bin/sed
configure:5021: checking for grep that handles long lines and -e
configure:5079: result: /bin/grep
configure:5084: checking for egrep
configure:5146: result: /bin/grep -E
configure:5151: checking for fgrep
configure:5213: result: /bin/grep -F
configure:5248: checking for ld used by gcc
configure:5315: result: /usr/bin/ld
configure:5322: checking if the linker (/usr/bin/ld) is GNU ld
configure:5337: result: yes
configure:5349: checking for BSD- or MS-compatible name lister (nm)
configure:5403: result: no
configure:5417: checking for arm-linux-eabi-dumpbin
configure:5447: result: no
configure:5417: checking for arm-linux-eabi-link
configure:5447: result: no
configure:5461: checking for dumpbin
configure:5491: result: no
configure:5461: checking for link
configure:5477: found /usr/bin/link
configure:5488: result: link -dump
configure:5533: checking the name lister (nm) interface
configure:5540: gcc -c -g -O2  conftest.c >&5
configure:5543: nm "conftest.o"
configure:5546: output
0000000000000000 B some_variable
configure:5553: result: BSD nm
configure:5557: checking the maximum length of command line arguments
configure:5688: result: 1572864
configure:5736: checking how to convert x86_64-pc-linux-gnu file names to arm-linux-eabi format
configure:5776: result: func_convert_file_noop
configure:5783: checking how to convert x86_64-pc-linux-gnu file names to toolchain format
configure:5803: result: func_convert_file_noop
configure:5810: checking for /usr/bin/ld option to reload object files
configure:5817: result: -r
configure:5851: checking for arm-linux-eabi-objdump
configure:5881: result: no
configure:5891: checking for objdump
configure:5907: found /usr/bin/objdump
configure:5918: result: objdump
configure:5950: checking how to recognize dependent libraries
configure:6150: result: unknown
configure:6195: checking for arm-linux-eabi-dlltool
configure:6225: result: no
configure:6235: checking for dlltool
configure:6265: result: no
configure:6295: checking how to associate runtime and link libraries
configure:6322: result: printf %s\n
configure:6338: checking for arm-linux-eabi-ar
configure:6368: result: no
configure:6382: checking for ar
configure:6398: found /usr/bin/ar
configure:6409: result: ar
configure:6446: checking for archiver @FILE support
configure:6463: gcc -c -g -O2  conftest.c >&5
configure:6463: $? = 0
configure:6466: ar cru libconftest.a @conftest.lst >&5
ar: `u' modifier ignored since `D' is the default (see `U')
configure:6469: $? = 0
configure:6474: ar cru libconftest.a @conftest.lst >&5
ar: `u' modifier ignored since `D' is the default (see `U')
ar: conftest.o: No such file or directory
configure:6477: $? = 1
configure:6489: result: @
configure:6507: checking for arm-linux-eabi-strip
configure:6534: result: strip
configure:6606: checking for arm-linux-eabi-ranlib
configure:6636: result: no
configure:6646: checking for ranlib
configure:6662: found /usr/bin/ranlib
configure:6673: result: ranlib
configure:6775: checking command to parse nm output from gcc object
configure:6928: gcc -c -g -O2  conftest.c >&5
configure:6931: $? = 0
configure:6935: nm conftest.o \| sed -n -e 's/^.*[ ]\([ABCDGIRSTW][ABCDGIRSTW]*\)[ ][ ]*\([_A-Za-z][_A-Za-z0-9]*\)$/\1 \2 \2/p' | sed '/ __gnu_lto/d' \> conftest.nm
configure:6938: $? = 0
configure:7004: gcc -o conftest -g -O2   conftest.c conftstm.o >&5
configure:7007: $? = 0
configure:7045: result: ok
configure:7092: checking for sysroot
configure:7122: result: no
configure:7129: checking for a working dd
configure:7167: result: /bin/dd
configure:7171: checking how to truncate binary pipes
configure:7186: result: /bin/dd bs=4096 count=1
configure:7475: checking for arm-linux-eabi-mt
configure:7505: result: no
configure:7515: checking for mt
configure:7531: found /bin/mt
configure:7542: result: mt
configure:7565: checking if mt is a manifest tool
configure:7571: mt '-?'
configure:7579: result: no
configure:8256: checking how to run the C preprocessor
configure:8287: gcc -E  conftest.c
configure:8287: $? = 0
configure:8301: gcc -E  conftest.c
conftest.c:11:10: fatal error: ac_nonexistent.h: No such file or directory
 #include <ac_nonexistent.h>
          ^~~~~~~~~~~~~~~~~~
compilation terminated.
configure:8301: $? = 1
configure: failed program was:
| /* confdefs.h */
| #define PACKAGE_NAME "PROJ.4 Projections"
| #define PACKAGE_TARNAME "proj"
| #define PACKAGE_VERSION "4.9.3"
| #define PACKAGE_STRING "PROJ.4 Projections 4.9.3"
| #define PACKAGE_BUGREPORT "warmerdam@pobox.com"
| #define PACKAGE_URL ""
| #define PACKAGE "proj"
| #define VERSION "4.9.3"
| /* end confdefs.h.  */
| #include <ac_nonexistent.h>
configure:8326: result: gcc -E
configure:8346: gcc -E  conftest.c
configure:8346: $? = 0
configure:8360: gcc -E  conftest.c
conftest.c:11:10: fatal error: ac_nonexistent.h: No such file or directory
 #include <ac_nonexistent.h>
          ^~~~~~~~~~~~~~~~~~
compilation terminated.
configure:8360: $? = 1
configure: failed program was:
| /* confdefs.h */
| #define PACKAGE_NAME "PROJ.4 Projections"
| #define PACKAGE_TARNAME "proj"
| #define PACKAGE_VERSION "4.9.3"
| #define PACKAGE_STRING "PROJ.4 Projections 4.9.3"
| #define PACKAGE_BUGREPORT "warmerdam@pobox.com"
| #define PACKAGE_URL ""
| #define PACKAGE "proj"
| #define VERSION "4.9.3"
| /* end confdefs.h.  */
| #include <ac_nonexistent.h>
configure:8389: checking for ANSI C header files
configure:8409: gcc -c -g -O2  conftest.c >&5
configure:8409: $? = 0
configure:8493: result: yes
configure:8506: checking for sys/types.h
configure:8506: gcc -c -g -O2  conftest.c >&5
configure:8506: $? = 0
configure:8506: result: yes
configure:8506: checking for sys/stat.h
configure:8506: gcc -c -g -O2  conftest.c >&5
configure:8506: $? = 0
configure:8506: result: yes
configure:8506: checking for stdlib.h
configure:8506: gcc -c -g -O2  conftest.c >&5
configure:8506: $? = 0
configure:8506: result: yes
configure:8506: checking for string.h
configure:8506: gcc -c -g -O2  conftest.c >&5
configure:8506: $? = 0
configure:8506: result: yes
configure:8506: checking for memory.h
configure:8506: gcc -c -g -O2  conftest.c >&5
configure:8506: $? = 0
configure:8506: result: yes
configure:8506: checking for strings.h
configure:8506: gcc -c -g -O2  conftest.c >&5
configure:8506: $? = 0
configure:8506: result: yes
configure:8506: checking for inttypes.h
configure:8506: gcc -c -g -O2  conftest.c >&5
configure:8506: $? = 0
configure:8506: result: yes
configure:8506: checking for stdint.h
configure:8506: gcc -c -g -O2  conftest.c >&5
configure:8506: $? = 0
configure:8506: result: yes
configure:8506: checking for unistd.h
configure:8506: gcc -c -g -O2  conftest.c >&5
configure:8506: $? = 0
configure:8506: result: yes
configure:8520: checking for dlfcn.h
configure:8520: gcc -c -g -O2  conftest.c >&5
configure:8520: $? = 0
configure:8520: result: yes
configure:8776: checking for objdir
configure:8791: result: .libs
configure:9055: checking if gcc supports -fno-rtti -fno-exceptions
configure:9073: gcc -c -g -O2  -fno-rtti -fno-exceptions conftest.c >&5
cc1: warning: command line option '-fno-rtti' is valid for C++/ObjC++ but not for C
configure:9077: $? = 0
configure:9090: result: no
configure:9448: checking for gcc option to produce PIC
configure:9455: result: -fPIC -DPIC
configure:9463: checking if gcc PIC flag -fPIC -DPIC works
configure:9481: gcc -c -g -O2  -fPIC -DPIC -DPIC conftest.c >&5
configure:9485: $? = 0
configure:9498: result: yes
configure:9527: checking if gcc static flag -static works
configure:9555: result: yes
configure:9570: checking if gcc supports -c -o file.o
configure:9591: gcc -c -g -O2  -o out/conftest2.o conftest.c >&5
configure:9595: $? = 0
configure:9617: result: yes
configure:9625: checking if gcc supports -c -o file.o
configure:9672: result: yes
configure:9705: checking whether the gcc linker (/usr/bin/ld) supports shared libraries
configure:10968: result: yes
configure:11005: checking whether -lc should be explicitly linked in
configure:11013: gcc -c -g -O2  conftest.c >&5
configure:11016: $? = 0
configure:11031: gcc -shared  -fPIC -DPIC conftest.o  -v -Wl,-soname -Wl,conftest -o conftest 2\>\&1 \| /bin/grep  -lc  \>/dev/null 2\>\&1
configure:11034: $? = 0
configure:11048: result: no
configure:11208: checking dynamic linker characteristics
configure:12038: result: no
configure:12160: checking how to hardcode library paths into programs
configure:12185: result: immediate
configure:12733: checking whether stripping libraries is possible
configure:12738: result: yes
configure:12773: checking if libtool supports shared libraries
configure:12775: result: no
configure:12778: checking whether to build shared libraries
configure:12803: result: no
configure:12806: checking whether to build static libraries
configure:12810: result: yes
configure:12848: checking for exp in -lm
configure:12873: gcc -o conftest -g -O2   conftest.c -lm   >&5
conftest.c:30:6: warning: conflicting types for built-in function 'exp' [-Wbuiltin-declaration-mismatch]
 char exp ();
      ^~~
configure:12873: $? = 0
configure:12882: result: yes
configure:12894: checking for ANSI C header files
configure:12998: result: yes
configure:13007: checking for localeconv
configure:13007: gcc -o conftest -g -O2   conftest.c -lm  >&5
configure:13007: $? = 0
configure:13007: result: yes
configure:13059: checking jni.h usability
configure:13059: gcc -c -g -O2  conftest.c >&5
conftest.c:59:10: fatal error: jni.h: No such file or directory
 #include <jni.h>
          ^~~~~~~
compilation terminated.
configure:13059: $? = 1
configure: failed program was:
| /* confdefs.h */
| #define PACKAGE_NAME "PROJ.4 Projections"
| #define PACKAGE_TARNAME "proj"
| #define PACKAGE_VERSION "4.9.3"
| #define PACKAGE_STRING "PROJ.4 Projections 4.9.3"
| #define PACKAGE_BUGREPORT "warmerdam@pobox.com"
| #define PACKAGE_URL ""
| #define PACKAGE "proj"
| #define VERSION "4.9.3"
| #define STDC_HEADERS 1
| #define HAVE_SYS_TYPES_H 1
| #define HAVE_SYS_STAT_H 1
| #define HAVE_STDLIB_H 1
| #define HAVE_STRING_H 1
| #define HAVE_MEMORY_H 1
| #define HAVE_STRINGS_H 1
| #define HAVE_INTTYPES_H 1
| #define HAVE_STDINT_H 1
| #define HAVE_UNISTD_H 1
| #define HAVE_DLFCN_H 1
| #define LT_OBJDIR ".libs/"
| #define HAVE_LIBM 1
| #define STDC_HEADERS 1
| #define HAVE_LOCALECONV 1
| /* end confdefs.h.  */
| #include <stdio.h>
| #ifdef HAVE_SYS_TYPES_H
| # include <sys/types.h>
| #endif
| #ifdef HAVE_SYS_STAT_H
| # include <sys/stat.h>
| #endif
| #ifdef STDC_HEADERS
| # include <stdlib.h>
| # include <stddef.h>
| #else
| # ifdef HAVE_STDLIB_H
| #  include <stdlib.h>
| # endif
| #endif
| #ifdef HAVE_STRING_H
| # if !defined STDC_HEADERS && defined HAVE_MEMORY_H
| #  include <memory.h>
| # endif
| # include <string.h>
| #endif
| #ifdef HAVE_STRINGS_H
| # include <strings.h>
| #endif
| #ifdef HAVE_INTTYPES_H
| # include <inttypes.h>
| #endif
| #ifdef HAVE_STDINT_H
| # include <stdint.h>
| #endif
| #ifdef HAVE_UNISTD_H
| # include <unistd.h>
| #endif
| #include <jni.h>
configure:13059: result: no
configure:13059: checking jni.h presence
configure:13059: gcc -E  conftest.c
conftest.c:26:10: fatal error: jni.h: No such file or directory
 #include <jni.h>
          ^~~~~~~
compilation terminated.
configure:13059: $? = 1
configure: failed program was:
| /* confdefs.h */
| #define PACKAGE_NAME "PROJ.4 Projections"
| #define PACKAGE_TARNAME "proj"
| #define PACKAGE_VERSION "4.9.3"
| #define PACKAGE_STRING "PROJ.4 Projections 4.9.3"
| #define PACKAGE_BUGREPORT "warmerdam@pobox.com"
| #define PACKAGE_URL ""
| #define PACKAGE "proj"
| #define VERSION "4.9.3"
| #define STDC_HEADERS 1
| #define HAVE_SYS_TYPES_H 1
| #define HAVE_SYS_STAT_H 1
| #define HAVE_STDLIB_H 1
| #define HAVE_STRING_H 1
| #define HAVE_MEMORY_H 1
| #define HAVE_STRINGS_H 1
| #define HAVE_INTTYPES_H 1
| #define HAVE_STDINT_H 1
| #define HAVE_UNISTD_H 1
| #define HAVE_DLFCN_H 1
| #define LT_OBJDIR ".libs/"
| #define HAVE_LIBM 1
| #define STDC_HEADERS 1
| #define HAVE_LOCALECONV 1
| /* end confdefs.h.  */
| #include <jni.h>
configure:13059: result: no
configure:13059: checking for jni.h
configure:13059: result: no
configure:13070: checking whether to enable Java/JNI support
configure:13074: result: disabled
configure:13103: checking for mutexes
configure:13108: checking for pthread_create in -lpthread
configure:13133: gcc -o conftest -g -O2   conftest.c -lpthread  -lm  >&5
configure:13133: $? = 0
configure:13142: result: yes
configure:13151: checking for pthread_mutexattr_settype in -lpthread
configure:13176: gcc -o conftest -g -O2   conftest.c -lpthread  -lm  >&5
configure:13176: $? = 0
configure:13185: result: yes
configure:13196: checking whether PTHREAD_MUTEX_RECURSIVE is declared
configure:13196: gcc -c -g -O2  conftest.c >&5
configure:13196: $? = 0
configure:13196: result: yes
configure:13204: result: enabled, pthread
configure:13333: checking that generated files are newer than configure
configure:13339: result: done
configure:13366: creating ./config.status

## ---------------------- ##
## Running config.status. ##
## ---------------------- ##

This file was extended by PROJ.4 Projections config.status 4.9.3, which was
generated by GNU Autoconf 2.69.  Invocation command line was

  CONFIG_FILES    = 
  CONFIG_HEADERS  = 
  CONFIG_LINKS    = 
  CONFIG_COMMANDS = 
  $ ./config.status 

on HAF

config.status:1101: creating Makefile
config.status:1101: creating cmake/Makefile
config.status:1101: creating src/Makefile
config.status:1101: creating man/Makefile
config.status:1101: creating man/man1/Makefile
config.status:1101: creating man/man3/Makefile
config.status:1101: creating nad/Makefile
config.status:1101: creating jniwrap/Makefile
config.status:1101: creating jniwrap/org/Makefile
config.status:1101: creating jniwrap/org/proj4/Makefile
config.status:1101: creating nad/install
config.status:1101: creating proj.pc
config.status:1101: creating src/proj_config.h
config.status:1330: executing depfiles commands
config.status:1330: executing libtool commands

## ---------------- ##
## Cache variables. ##
## ---------------- ##

ac_cv_build=x86_64-pc-linux-gnu
ac_cv_c_compiler_gnu=yes
ac_cv_cflags_warn_all='-Wall -Wdeclaration-after-statement'
ac_cv_env_CC_set=
ac_cv_env_CC_value=
ac_cv_env_CFLAGS_set=
ac_cv_env_CFLAGS_value=
ac_cv_env_CPPFLAGS_set=
ac_cv_env_CPPFLAGS_value=
ac_cv_env_CPP_set=
ac_cv_env_CPP_value=
ac_cv_env_LDFLAGS_set=
ac_cv_env_LDFLAGS_value=
ac_cv_env_LIBS_set=
ac_cv_env_LIBS_value=
ac_cv_env_LT_SYS_LIBRARY_PATH_set=
ac_cv_env_LT_SYS_LIBRARY_PATH_value=
ac_cv_env_build_alias_set=set
ac_cv_env_build_alias_value=x86_64-pc-linux-gnu
ac_cv_env_host_alias_set=set
ac_cv_env_host_alias_value=arm-linux-eabi
ac_cv_env_target_alias_set=
ac_cv_env_target_alias_value=
ac_cv_func_localeconv=yes
ac_cv_have_decl_PTHREAD_MUTEX_RECURSIVE=yes
ac_cv_header_dlfcn_h=yes
ac_cv_header_inttypes_h=yes
ac_cv_header_jni_h=no
ac_cv_header_memory_h=yes
ac_cv_header_stdc=yes
ac_cv_header_stdint_h=yes
ac_cv_header_stdlib_h=yes
ac_cv_header_string_h=yes
ac_cv_header_strings_h=yes
ac_cv_header_sys_stat_h=yes
ac_cv_header_sys_types_h=yes
ac_cv_header_unistd_h=yes
ac_cv_host=arm-linux-eabi
ac_cv_lib_m_exp=yes
ac_cv_lib_pthread_pthread_create=yes
ac_cv_lib_pthread_pthread_mutexattr_settype=yes
ac_cv_objext=o
ac_cv_path_EGREP='/bin/grep -E'
ac_cv_path_FGREP='/bin/grep -F'
ac_cv_path_GREP=/bin/grep
ac_cv_path_SED=/bin/sed
ac_cv_path_install='/usr/bin/install -c'
ac_cv_path_lt_DD=/bin/dd
ac_cv_path_mkdir=/bin/mkdir
ac_cv_prog_AWK=mawk
ac_cv_prog_CC=gcc
ac_cv_prog_CPP='gcc -E'
ac_cv_prog_STRIP=strip
ac_cv_prog_ac_ct_AR=ar
ac_cv_prog_ac_ct_CC=gcc
ac_cv_prog_ac_ct_DUMPBIN='link -dump'
ac_cv_prog_ac_ct_MANIFEST_TOOL=mt
ac_cv_prog_ac_ct_OBJDUMP=objdump
ac_cv_prog_ac_ct_RANLIB=ranlib
ac_cv_prog_ac_ct_STRIP=strip
ac_cv_prog_cc_c89=
ac_cv_prog_cc_g=yes
ac_cv_prog_make_make_set=yes
am_cv_CC_dependencies_compiler_type=gcc3
am_cv_make_support_nested_variables=yes
am_cv_prog_cc_c_o=yes
lt_cv_ar_at_file=@
lt_cv_archive_cmds_need_lc=no
lt_cv_deplibs_check_method=unknown
lt_cv_file_magic_cmd='$MAGIC_CMD'
lt_cv_file_magic_test_file=
lt_cv_ld_reload_flag=-r
lt_cv_nm_interface='BSD nm'
lt_cv_objdir=.libs
lt_cv_path_LD=/usr/bin/ld
lt_cv_path_NM=no
lt_cv_path_mainfest_tool=no
lt_cv_prog_compiler_c_o=yes
lt_cv_prog_compiler_pic='-fPIC -DPIC'
lt_cv_prog_compiler_pic_works=yes
lt_cv_prog_compiler_rtti_exceptions=no
lt_cv_prog_compiler_static_works=yes
lt_cv_prog_gnu_ld=yes
lt_cv_sharedlib_from_linklib_cmd='printf %s\n'
lt_cv_sys_global_symbol_pipe='sed -n -e '\''s/^.*[	 ]\([ABCDGIRSTW][ABCDGIRSTW]*\)[	 ][	 ]*\([_A-Za-z][_A-Za-z0-9]*\)$/\1 \2 \2/p'\'' | sed '\''/ __gnu_lto/d'\'''
lt_cv_sys_global_symbol_to_c_name_address='sed -n -e '\''s/^: \(.*\) .*$/  {"\1", (void *) 0},/p'\'' -e '\''s/^[ABCDGIRSTW][ABCDGIRSTW]* .* \(.*\)$/  {"\1", (void *) \&\1},/p'\'''
lt_cv_sys_global_symbol_to_c_name_address_lib_prefix='sed -n -e '\''s/^: \(.*\) .*$/  {"\1", (void *) 0},/p'\'' -e '\''s/^[ABCDGIRSTW][ABCDGIRSTW]* .* \(lib.*\)$/  {"\1", (void *) \&\1},/p'\'' -e '\''s/^[ABCDGIRSTW][ABCDGIRSTW]* .* \(.*\)$/  {"lib\1", (void *) \&\1},/p'\'''
lt_cv_sys_global_symbol_to_cdecl='sed -n -e '\''s/^T .* \(.*\)$/extern int \1();/p'\'' -e '\''s/^[ABCDGIRSTW][ABCDGIRSTW]* .* \(.*\)$/extern char \1;/p'\'''
lt_cv_sys_global_symbol_to_import=
lt_cv_sys_max_cmd_len=1572864
lt_cv_to_host_file_cmd=func_convert_file_noop
lt_cv_to_tool_file_cmd=func_convert_file_noop
lt_cv_truncate_bin='/bin/dd bs=4096 count=1'

## ----------------- ##
## Output variables. ##
## ----------------- ##

ACLOCAL='${SHELL} /home/sevar/workspace/android-spatialite/lib/src/main/jni/ndk-modules/proj.4/proj-4.9.3/missing aclocal-1.15'
AMDEPBACKSLASH='\'
AMDEP_FALSE='#'
AMDEP_TRUE=''
AMTAR='$${TAR-tar}'
AM_BACKSLASH='\'
AM_DEFAULT_V='$(AM_DEFAULT_VERBOSITY)'
AM_DEFAULT_VERBOSITY='1'
AM_V='$(V)'
AR='ar'
AUTOCONF='${SHELL} /home/sevar/workspace/android-spatialite/lib/src/main/jni/ndk-modules/proj.4/proj-4.9.3/missing autoconf'
AUTOHEADER='${SHELL} /home/sevar/workspace/android-spatialite/lib/src/main/jni/ndk-modules/proj.4/proj-4.9.3/missing autoheader'
AUTOMAKE='${SHELL} /home/sevar/workspace/android-spatialite/lib/src/main/jni/ndk-modules/proj.4/proj-4.9.3/missing automake-1.15'
AWK='mawk'
CC='gcc'
CCDEPMODE='depmode=gcc3'
CFLAGS='-g -O2'
CPP='gcc -E'
CPPFLAGS=''
CYGPATH_W='echo'
C_WFLAGS=' -Wall -Wdeclaration-after-statement'
DEFS='-DHAVE_CONFIG_H'
DEPDIR='.deps'
DLLTOOL='false'
DSYMUTIL=''
DUMPBIN=':'
ECHO_C=''
ECHO_N='-n'
ECHO_T=''
EGREP='/bin/grep -E'
EXEEXT=''
FGREP='/bin/grep -F'
GREP='/bin/grep'
INSTALL_DATA='${INSTALL} -m 644'
INSTALL_PROGRAM='${INSTALL}'
INSTALL_SCRIPT='${INSTALL}'
INSTALL_STRIP_PROGRAM='$(install_sh) -c -s'
JNI_INCLUDE=''
LD='/usr/bin/ld'
LDFLAGS=''
LIBOBJS=''
LIBS='-lpthread -lm '
LIBTOOL='$(SHELL) $(top_builddir)/libtool'
LIPO=''
LN_S='ln -s'
LTLIBOBJS=''
LT_SYS_LIBRARY_PATH=''
MAKEINFO='${SHELL} /home/sevar/workspace/android-spatialite/lib/src/main/jni/ndk-modules/proj.4/proj-4.9.3/missing makeinfo'
MANIFEST_TOOL=':'
MKDIR_P='/bin/mkdir -p'
MUTEX_SETTING='pthread'
NM='nm'
NMEDIT=''
OBJDUMP='objdump'
OBJEXT='o'
OTOOL64=''
OTOOL=''
PACKAGE='proj'
PACKAGE_BUGREPORT='warmerdam@pobox.com'
PACKAGE_NAME='PROJ.4 Projections'
PACKAGE_STRING='PROJ.4 Projections 4.9.3'
PACKAGE_TARNAME='proj'
PACKAGE_URL=''
PACKAGE_VERSION='4.9.3'
PATH_SEPARATOR=':'
RANLIB='ranlib'
SED='/bin/sed'
SET_MAKE=''
SHELL='/bin/bash'
STRIP='strip'
THREAD_LIB='-lpthread'
VERSION='4.9.3'
ac_ct_AR='ar'
ac_ct_CC='gcc'
ac_ct_DUMPBIN='link -dump'
am__EXEEXT_FALSE=''
am__EXEEXT_TRUE='#'
am__fastdepCC_FALSE='#'
am__fastdepCC_TRUE=''
am__include='include'
am__isrc=''
am__leading_dot='.'
am__nodep='_no'
am__quote=''
am__tar='$${TAR-tar} chof - "$$tardir"'
am__untar='$${TAR-tar} xf -'
bindir='${exec_prefix}/bin'
build='x86_64-pc-linux-gnu'
build_alias='x86_64-pc-linux-gnu'
build_cpu='x86_64'
build_os='linux-gnu'
build_vendor='pc'
datadir='${datarootdir}'
datarootdir='${prefix}/share'
docdir='${datarootdir}/doc/${PACKAGE_TARNAME}'
dvidir='${docdir}'
exec_prefix='${prefix}'
host='arm-linux-eabi'
host_alias='arm-linux-eabi'
host_cpu='arm'
host_os='eabi'
host_vendor='linux'
htmldir='${docdir}'
includedir='${prefix}/include'
infodir='${datarootdir}/info'
install_sh='${SHELL} /home/sevar/workspace/android-spatialite/lib/src/main/jni/ndk-modules/proj.4/proj-4.9.3/install-sh'
libdir='${exec_prefix}/lib'
libexecdir='${exec_prefix}/libexec'
localedir='${datarootdir}/locale'
localstatedir='${prefix}/var'
mandir='${datarootdir}/man'
mkdir_p='$(MKDIR_P)'
oldincludedir='/usr/include'
pdfdir='${docdir}'
prefix='/usr/local'
program_transform_name='s,x,x,'
psdir='${docdir}'
runstatedir='${localstatedir}/run'
sbindir='${exec_prefix}/sbin'
sharedstatedir='${prefix}/com'
sysconfdir='${prefix}/etc'
target_alias=''

## ----------- ##
## confdefs.h. ##
## ----------- ##

/* confdefs.h */
#define PACKAGE_NAME "PROJ.4 Projections"
#define PACKAGE_TARNAME "proj"
#define PACKAGE_VERSION "4.9.3"
#define PACKAGE_STRING "PROJ.4 Projections 4.9.3"
#define PACKAGE_BUGREPORT "warmerdam@pobox.com"
#define PACKAGE_URL ""
#define PACKAGE "proj"
#define VERSION "4.9.3"
#define STDC_HEADERS 1
#define HAVE_SYS_TYPES_H 1
#define HAVE_SYS_STAT_H 1
#define HAVE_STDLIB_H 1
#define HAVE_STRING_H 1
#define HAVE_MEMORY_H 1
#define HAVE_STRINGS_H 1
#define HAVE_INTTYPES_H 1
#define HAVE_STDINT_H 1
#define HAVE_UNISTD_H 1
#define HAVE_DLFCN_H 1
#define LT_OBJDIR ".libs/"
#define HAVE_LIBM 1
#define STDC_HEADERS 1
#define HAVE_LOCALECONV 1
#define HAVE_LIBPTHREAD 1
#define HAVE_PTHREAD_MUTEX_RECURSIVE /**/

configure: exit 0
