This file contains any messages produced by compilers while
running configure, to aid debugging if configure makes a mistake.

It was created by configure, which was
generated by GNU Autoconf 2.69.  Invocation command line was

  $ ./configure --build=x86_64-pc-linux-gnu --host=arm-linux-eabi

## --------- ##
## Platform. ##
## --------- ##

hostname = HAF
uname -m = x86_64
uname -r = 3.8.0-29-generic
uname -s = Linux
uname -v = #42-Ubuntu SMP Tue Aug 13 19:40:39 UTC 2013

/usr/bin/uname -p = unknown
/bin/uname -X     = unknown

/bin/arch              = unknown
/usr/bin/arch -k       = unknown
/usr/convex/getsysinfo = unknown
/usr/bin/hostinfo      = unknown
/bin/machine           = unknown
/usr/bin/oslevel       = unknown
/bin/universe          = unknown

PATH: /usr/lib/lightdm/lightdm
PATH: /usr/local/sbin
PATH: /usr/local/bin
PATH: /usr/sbin
PATH: /usr/bin
PATH: /sbin
PATH: /bin
PATH: /usr/games
PATH: /usr/local/games
PATH: /opt/android-ndk-r9
PATH: /opt/android-sdk/tools
PATH: /opt/android-sdk/platform-tools
PATH: /opt/android-studio/bin
PATH: /usr/lib/jvm/jdk1.7.0_25/bin


## ----------- ##
## Core tests. ##
## ----------- ##

configure:2492: checking build system type
configure:2506: result: x86_64-pc-linux-gnu
configure:2526: checking host system type
configure:2539: result: arm-linux-eabi
configure:2559: checking target system type
configure:2572: result: arm-linux-eabi
configure:2634: checking for a BSD-compatible install
configure:2702: result: /usr/bin/install -c
configure:2713: checking whether build environment is sane
configure:2763: result: yes
configure:2812: checking for arm-linux-eabi-strip
configure:2842: result: no
configure:2852: checking for strip
configure:2868: found /usr/bin/strip
configure:2879: result: strip
configure:2891: WARNING: using cross tools not prefixed with host triplet
configure:2904: checking for a thread-safe mkdir -p
configure:2943: result: /bin/mkdir -p
configure:2956: checking for gawk
configure:2986: result: no
configure:2956: checking for mawk
configure:2972: found /usr/bin/mawk
configure:2983: result: mawk
configure:2994: checking whether make sets $(MAKE)
configure:3016: result: yes
configure:3088: checking whether to enable maintainer-specific portions of Makefiles
configure:3097: result: no
configure:3120: checking for arm-linux-eabi-gcc
configure:3150: result: no
configure:3160: checking for gcc
configure:3176: found /usr/bin/gcc
configure:3187: result: gcc
configure:3416: checking for C compiler version
configure:3425: gcc --version >&5
gcc (Ubuntu/Linaro 4.7.3-1ubuntu1) 4.7.3
Copyright (C) 2012 Free Software Foundation, Inc.
This is free software; see the source for copying conditions.  There is NO
warranty; not even for MERCHANTABILITY or FITNESS FOR A PARTICULAR PURPOSE.

configure:3436: $? = 0
configure:3425: gcc -v >&5
Using built-in specs.
COLLECT_GCC=gcc
COLLECT_LTO_WRAPPER=/usr/lib/gcc/x86_64-linux-gnu/4.7/lto-wrapper
Target: x86_64-linux-gnu
Configured with: ../src/configure -v --with-pkgversion='Ubuntu/Linaro 4.7.3-1ubuntu1' --with-bugurl=file:///usr/share/doc/gcc-4.7/README.Bugs --enable-languages=c,c++,go,fortran,objc,obj-c++ --prefix=/usr --program-suffix=-4.7 --enable-shared --enable-linker-build-id --libexecdir=/usr/lib --without-included-gettext --enable-threads=posix --with-gxx-include-dir=/usr/include/c++/4.7 --libdir=/usr/lib --enable-nls --with-sysroot=/ --enable-clocale=gnu --enable-libstdcxx-debug --enable-libstdcxx-time=yes --enable-gnu-unique-object --enable-plugin --with-system-zlib --enable-objc-gc --with-cloog --enable-cloog-backend=ppl --disable-cloog-version-check --disable-ppl-version-check --enable-multiarch --disable-werror --with-arch-32=i686 --with-abi=m64 --with-multilib-list=m32,m64,mx32 --with-tune=generic --enable-checking=release --build=x86_64-linux-gnu --host=x86_64-linux-gnu --target=x86_64-linux-gnu
Thread model: posix
gcc version 4.7.3 (Ubuntu/Linaro 4.7.3-1ubuntu1) 
configure:3436: $? = 0
configure:3425: gcc -V >&5
gcc: error: unrecognized command line option '-V'
gcc: fatal error: no input files
compilation terminated.
configure:3436: $? = 4
configure:3425: gcc -qversion >&5
gcc: error: unrecognized command line option '-qversion'
gcc: fatal error: no input files
compilation terminated.
configure:3436: $? = 4
configure:3456: checking whether the C compiler works
configure:3478: gcc    conftest.c  >&5
configure:3482: $? = 0
configure:3530: result: yes
configure:3533: checking for C compiler default output file name
configure:3535: result: a.out
configure:3541: checking for suffix of executables
configure:3548: gcc -o conftest    conftest.c  >&5
configure:3552: $? = 0
configure:3574: result: 
configure:3596: checking whether we are cross compiling
configure:3634: result: yes
configure:3639: checking for suffix of object files
configure:3661: gcc -c   conftest.c >&5
configure:3665: $? = 0
configure:3686: result: o
configure:3690: checking whether we are using the GNU C compiler
configure:3709: gcc -c   conftest.c >&5
configure:3709: $? = 0
configure:3718: result: yes
configure:3727: checking whether gcc accepts -g
configure:3747: gcc -c -g  conftest.c >&5
configure:3747: $? = 0
configure:3788: result: yes
configure:3805: checking for gcc option to accept ISO C89
configure:3868: gcc  -c -g -O2  conftest.c >&5
configure:3868: $? = 0
configure:3881: result: none needed
configure:3912: checking for style of include used by make
configure:3940: result: GNU
configure:3966: checking dependency style of gcc
configure:4077: result: gcc3
configure:4446: checking how to print strings
configure:4473: result: printf
configure:4494: checking for a sed that does not truncate output
configure:4558: result: /bin/sed
configure:4576: checking for grep that handles long lines and -e
configure:4634: result: /bin/grep
configure:4639: checking for egrep
configure:4701: result: /bin/grep -E
configure:4706: checking for fgrep
configure:4768: result: /bin/grep -F
configure:4803: checking for ld used by gcc
configure:4870: result: /usr/bin/ld
configure:4877: checking if the linker (/usr/bin/ld) is GNU ld
configure:4892: result: yes
configure:4904: checking for BSD- or MS-compatible name lister (nm)
configure:4953: result: no
configure:4967: checking for arm-linux-eabi-dumpbin
configure:4997: result: no
configure:4967: checking for arm-linux-eabi-link
configure:4997: result: no
configure:5011: checking for dumpbin
configure:5041: result: no
configure:5011: checking for link
configure:5027: found /usr/bin/link
configure:5038: result: link -dump
configure:5083: checking the name lister (nm) interface
configure:5090: gcc -c -g -O2  conftest.c >&5
configure:5093: nm "conftest.o"
configure:5096: output
0000000000000000 B some_variable
configure:5103: result: BSD nm
configure:5106: checking whether ln -s works
configure:5110: result: yes
configure:5118: checking the maximum length of command line arguments
configure:5249: result: 1572864
configure:5266: checking whether the shell understands some XSI constructs
configure:5276: result: yes
configure:5280: checking whether the shell understands "+="
configure:5286: result: yes
configure:5321: checking how to convert x86_64-pc-linux-gnu file names to arm-linux-eabi format
configure:5361: result: func_convert_file_noop
configure:5368: checking how to convert x86_64-pc-linux-gnu file names to toolchain format
configure:5388: result: func_convert_file_noop
configure:5395: checking for /usr/bin/ld option to reload object files
configure:5402: result: -r
configure:5436: checking for arm-linux-eabi-objdump
configure:5463: result: objdump
configure:5532: checking how to recognize dependent libraries
configure:5730: result: unknown
configure:5775: checking for arm-linux-eabi-dlltool
configure:5802: result: dlltool
configure:5872: checking how to associate runtime and link libraries
configure:5899: result: printf %s\n
configure:5916: checking for arm-linux-eabi-ar
configure:5946: result: no
configure:5960: checking for ar
configure:5976: found /usr/bin/ar
configure:5987: result: ar
configure:6024: checking for archiver @FILE support
configure:6041: gcc -c -g -O2  conftest.c >&5
configure:6041: $? = 0
configure:6044: ar cru libconftest.a @conftest.lst >&5
configure:6047: $? = 0
configure:6052: ar cru libconftest.a @conftest.lst >&5
ar: conftest.o: No such file or directory
configure:6055: $? = 1
configure:6067: result: @
configure:6085: checking for arm-linux-eabi-strip
configure:6112: result: strip
configure:6184: checking for arm-linux-eabi-ranlib
configure:6214: result: no
configure:6224: checking for ranlib
configure:6240: found /usr/bin/ranlib
configure:6251: result: ranlib
configure:6353: checking command to parse nm output from gcc object
configure:6473: gcc -c -g -O2  conftest.c >&5
configure:6476: $? = 0
configure:6480: nm conftest.o \| sed -n -e 's/^.*[ ]\([ABCDGIRSTW][ABCDGIRSTW]*\)[ ][ ]*\([_A-Za-z][_A-Za-z0-9]*\)$/\1 \2 \2/p' | sed '/ __gnu_lto/d' \> conftest.nm
configure:6483: $? = 0
configure:6549: gcc -o conftest -g -O2   conftest.c conftstm.o >&5
configure:6552: $? = 0
configure:6590: result: ok
configure:6627: checking for sysroot
configure:6657: result: no
configure:6880: checking for arm-linux-eabi-mt
configure:6910: result: no
configure:6920: checking for mt
configure:6936: found /bin/mt
configure:6947: result: mt
configure:6970: checking if mt is a manifest tool
configure:6976: mt '-?'
configure:6984: result: no
configure:7626: checking how to run the C preprocessor
configure:7657: gcc -E  conftest.c
configure:7657: $? = 0
configure:7671: gcc -E  conftest.c
conftest.c:9:28: fatal error: ac_nonexistent.h: No such file or directory
compilation terminated.
configure:7671: $? = 1
configure: failed program was:
| /* confdefs.h */
| #define PACKAGE_NAME ""
| #define PACKAGE_TARNAME ""
| #define PACKAGE_VERSION ""
| #define PACKAGE_STRING ""
| #define PACKAGE_BUGREPORT ""
| #define PACKAGE_URL ""
| /* end confdefs.h.  */
| #include <ac_nonexistent.h>
configure:7696: result: gcc -E
configure:7716: gcc -E  conftest.c
configure:7716: $? = 0
configure:7730: gcc -E  conftest.c
conftest.c:9:28: fatal error: ac_nonexistent.h: No such file or directory
compilation terminated.
configure:7730: $? = 1
configure: failed program was:
| /* confdefs.h */
| #define PACKAGE_NAME ""
| #define PACKAGE_TARNAME ""
| #define PACKAGE_VERSION ""
| #define PACKAGE_STRING ""
| #define PACKAGE_BUGREPORT ""
| #define PACKAGE_URL ""
| /* end confdefs.h.  */
| #include <ac_nonexistent.h>
configure:7759: checking for ANSI C header files
configure:7779: gcc -c -g -O2  conftest.c >&5
configure:7779: $? = 0
configure:7863: result: yes
configure:7876: checking for sys/types.h
configure:7876: gcc -c -g -O2  conftest.c >&5
configure:7876: $? = 0
configure:7876: result: yes
configure:7876: checking for sys/stat.h
configure:7876: gcc -c -g -O2  conftest.c >&5
configure:7876: $? = 0
configure:7876: result: yes
configure:7876: checking for stdlib.h
configure:7876: gcc -c -g -O2  conftest.c >&5
configure:7876: $? = 0
configure:7876: result: yes
configure:7876: checking for string.h
configure:7876: gcc -c -g -O2  conftest.c >&5
configure:7876: $? = 0
configure:7876: result: yes
configure:7876: checking for memory.h
configure:7876: gcc -c -g -O2  conftest.c >&5
configure:7876: $? = 0
configure:7876: result: yes
configure:7876: checking for strings.h
configure:7876: gcc -c -g -O2  conftest.c >&5
configure:7876: $? = 0
configure:7876: result: yes
configure:7876: checking for inttypes.h
configure:7876: gcc -c -g -O2  conftest.c >&5
configure:7876: $? = 0
configure:7876: result: yes
configure:7876: checking for stdint.h
configure:7876: gcc -c -g -O2  conftest.c >&5
configure:7876: $? = 0
configure:7876: result: yes
configure:7876: checking for unistd.h
configure:7876: gcc -c -g -O2  conftest.c >&5
configure:7876: $? = 0
configure:7876: result: yes
configure:7890: checking for dlfcn.h
configure:7890: gcc -c -g -O2  conftest.c >&5
configure:7890: $? = 0
configure:7890: result: yes
configure:8092: checking for objdir
configure:8107: result: .libs
configure:8378: checking if gcc supports -fno-rtti -fno-exceptions
configure:8396: gcc -c -g -O2  -fno-rtti -fno-exceptions conftest.c >&5
cc1: warning: command line option '-fno-rtti' is valid for C++/ObjC++ but not for C [enabled by default]
configure:8400: $? = 0
configure:8413: result: no
configure:8740: checking for gcc option to produce PIC
configure:8747: result: -fPIC -DPIC
configure:8755: checking if gcc PIC flag -fPIC -DPIC works
configure:8773: gcc -c -g -O2  -fPIC -DPIC -DPIC conftest.c >&5
configure:8777: $? = 0
configure:8790: result: yes
configure:8819: checking if gcc static flag -static works
configure:8847: result: yes
configure:8862: checking if gcc supports -c -o file.o
configure:8883: gcc -c -g -O2  -o out/conftest2.o conftest.c >&5
configure:8887: $? = 0
configure:8909: result: yes
configure:8917: checking if gcc supports -c -o file.o
configure:8964: result: yes
configure:8997: checking whether the gcc linker (/usr/bin/ld) supports shared libraries
configure:10154: result: yes
configure:10191: checking whether -lc should be explicitly linked in
configure:10199: gcc -c -g -O2  conftest.c >&5
configure:10202: $? = 0
configure:10217: gcc -shared  -fPIC -DPIC conftest.o  -v -Wl,-soname -Wl,conftest -o conftest 2\>\&1 \| /bin/grep  -lc  \>/dev/null 2\>\&1
configure:10220: $? = 0
configure:10234: result: no
configure:10394: checking dynamic linker characteristics
configure:11128: result: no
configure:11235: checking how to hardcode library paths into programs
configure:11260: result: immediate
configure:11354: checking for shl_load
configure:11354: gcc -o conftest -g -O2   conftest.c  >&5
/tmp/cc74E9VU.o: In function `main':
/home/sevar/workspace/android-spatialite/ndk-modules/geos/geos/conftest.c:55: undefined reference to `shl_load'
collect2: error: ld returned 1 exit status
configure:11354: $? = 1
configure: failed program was:
| /* confdefs.h */
| #define PACKAGE_NAME ""
| #define PACKAGE_TARNAME ""
| #define PACKAGE_VERSION ""
| #define PACKAGE_STRING ""
| #define PACKAGE_BUGREPORT ""
| #define PACKAGE_URL ""
| #define STDC_HEADERS 1
| #define HAVE_SYS_TYPES_H 1
| #define HAVE_SYS_STAT_H 1
| #define HAVE_STDLIB_H 1
| #define HAVE_STRING_H 1
| #define HAVE_MEMORY_H 1
| #define HAVE_STRINGS_H 1
| #define HAVE_INTTYPES_H 1
| #define HAVE_STDINT_H 1
| #define HAVE_UNISTD_H 1
| #define HAVE_DLFCN_H 1
| #define LT_OBJDIR ".libs/"
| /* end confdefs.h.  */
| /* Define shl_load to an innocuous variant, in case <limits.h> declares shl_load.
|    For example, HP-UX 11i <limits.h> declares gettimeofday.  */
| #define shl_load innocuous_shl_load
| 
| /* System header to define __stub macros and hopefully few prototypes,
|     which can conflict with char shl_load (); below.
|     Prefer <limits.h> to <assert.h> if __STDC__ is defined, since
|     <limits.h> exists even on freestanding compilers.  */
| 
| #ifdef __STDC__
| # include <limits.h>
| #else
| # include <assert.h>
| #endif
| 
| #undef shl_load
| 
| /* Override any GCC internal prototype to avoid an error.
|    Use char because int might match the return type of a GCC
|    builtin and then its argument prototype would still apply.  */
| #ifdef __cplusplus
| extern "C"
| #endif
| char shl_load ();
| /* The GNU C library defines this for functions which it implements
|     to always fail with ENOSYS.  Some functions are actually named
|     something starting with __ and the normal name is an alias.  */
| #if defined __stub_shl_load || defined __stub___shl_load
| choke me
| #endif
| 
| int
| main ()
| {
| return shl_load ();
|   ;
|   return 0;
| }
configure:11354: result: no
configure:11358: checking for shl_load in -ldld
configure:11383: gcc -o conftest -g -O2   conftest.c -ldld   >&5
/usr/bin/ld: cannot find -ldld
collect2: error: ld returned 1 exit status
configure:11383: $? = 1
configure: failed program was:
| /* confdefs.h */
| #define PACKAGE_NAME ""
| #define PACKAGE_TARNAME ""
| #define PACKAGE_VERSION ""
| #define PACKAGE_STRING ""
| #define PACKAGE_BUGREPORT ""
| #define PACKAGE_URL ""
| #define STDC_HEADERS 1
| #define HAVE_SYS_TYPES_H 1
| #define HAVE_SYS_STAT_H 1
| #define HAVE_STDLIB_H 1
| #define HAVE_STRING_H 1
| #define HAVE_MEMORY_H 1
| #define HAVE_STRINGS_H 1
| #define HAVE_INTTYPES_H 1
| #define HAVE_STDINT_H 1
| #define HAVE_UNISTD_H 1
| #define HAVE_DLFCN_H 1
| #define LT_OBJDIR ".libs/"
| /* end confdefs.h.  */
| 
| /* Override any GCC internal prototype to avoid an error.
|    Use char because int might match the return type of a GCC
|    builtin and then its argument prototype would still apply.  */
| #ifdef __cplusplus
| extern "C"
| #endif
| char shl_load ();
| int
| main ()
| {
| return shl_load ();
|   ;
|   return 0;
| }
configure:11392: result: no
configure:11397: checking for dlopen
configure:11397: gcc -o conftest -g -O2   conftest.c  >&5
/tmp/ccxUvCYY.o: In function `main':
/home/sevar/workspace/android-spatialite/ndk-modules/geos/geos/conftest.c:55: undefined reference to `dlopen'
collect2: error: ld returned 1 exit status
configure:11397: $? = 1
configure: failed program was:
| /* confdefs.h */
| #define PACKAGE_NAME ""
| #define PACKAGE_TARNAME ""
| #define PACKAGE_VERSION ""
| #define PACKAGE_STRING ""
| #define PACKAGE_BUGREPORT ""
| #define PACKAGE_URL ""
| #define STDC_HEADERS 1
| #define HAVE_SYS_TYPES_H 1
| #define HAVE_SYS_STAT_H 1
| #define HAVE_STDLIB_H 1
| #define HAVE_STRING_H 1
| #define HAVE_MEMORY_H 1
| #define HAVE_STRINGS_H 1
| #define HAVE_INTTYPES_H 1
| #define HAVE_STDINT_H 1
| #define HAVE_UNISTD_H 1
| #define HAVE_DLFCN_H 1
| #define LT_OBJDIR ".libs/"
| /* end confdefs.h.  */
| /* Define dlopen to an innocuous variant, in case <limits.h> declares dlopen.
|    For example, HP-UX 11i <limits.h> declares gettimeofday.  */
| #define dlopen innocuous_dlopen
| 
| /* System header to define __stub macros and hopefully few prototypes,
|     which can conflict with char dlopen (); below.
|     Prefer <limits.h> to <assert.h> if __STDC__ is defined, since
|     <limits.h> exists even on freestanding compilers.  */
| 
| #ifdef __STDC__
| # include <limits.h>
| #else
| # include <assert.h>
| #endif
| 
| #undef dlopen
| 
| /* Override any GCC internal prototype to avoid an error.
|    Use char because int might match the return type of a GCC
|    builtin and then its argument prototype would still apply.  */
| #ifdef __cplusplus
| extern "C"
| #endif
| char dlopen ();
| /* The GNU C library defines this for functions which it implements
|     to always fail with ENOSYS.  Some functions are actually named
|     something starting with __ and the normal name is an alias.  */
| #if defined __stub_dlopen || defined __stub___dlopen
| choke me
| #endif
| 
| int
| main ()
| {
| return dlopen ();
|   ;
|   return 0;
| }
configure:11397: result: no
configure:11401: checking for dlopen in -ldl
configure:11426: gcc -o conftest -g -O2   conftest.c -ldl   >&5
configure:11426: $? = 0
configure:11435: result: yes
configure:11554: checking whether a program can dlopen itself
configure:11655: result: cross
configure:11800: checking whether stripping libraries is possible
configure:11805: result: yes
configure:11840: checking if libtool supports shared libraries
configure:11842: result: no
configure:11845: checking whether to build shared libraries
configure:11866: result: no
configure:11869: checking whether to build static libraries
configure:11873: result: yes
configure:11925: checking for arm-linux-eabi-g++
configure:11955: result: no
configure:11925: checking for arm-linux-eabi-c++
configure:11955: result: no
configure:11925: checking for arm-linux-eabi-gpp
configure:11955: result: no
configure:11925: checking for arm-linux-eabi-aCC
configure:11955: result: no
configure:11925: checking for arm-linux-eabi-CC
configure:11955: result: no
configure:11925: checking for arm-linux-eabi-cxx
configure:11955: result: no
configure:11925: checking for arm-linux-eabi-cc++
configure:11955: result: no
configure:11925: checking for arm-linux-eabi-cl.exe
configure:11955: result: no
configure:11925: checking for arm-linux-eabi-FCC
configure:11955: result: no
configure:11925: checking for arm-linux-eabi-KCC
configure:11955: result: no
configure:11925: checking for arm-linux-eabi-RCC
configure:11955: result: no
configure:11925: checking for arm-linux-eabi-xlC_r
configure:11955: result: no
configure:11925: checking for arm-linux-eabi-xlC
configure:11955: result: no
configure:11969: checking for g++
configure:11999: result: no
configure:11969: checking for c++
configure:11999: result: no
configure:11969: checking for gpp
configure:11999: result: no
configure:11969: checking for aCC
configure:11999: result: no
configure:11969: checking for CC
configure:11999: result: no
configure:11969: checking for cxx
configure:11999: result: no
configure:11969: checking for cc++
configure:11999: result: no
configure:11969: checking for cl.exe
configure:11999: result: no
configure:11969: checking for FCC
configure:11999: result: no
configure:11969: checking for KCC
configure:11999: result: no
configure:11969: checking for RCC
configure:11999: result: no
configure:11969: checking for xlC_r
configure:11999: result: no
configure:11969: checking for xlC
configure:11999: result: no
configure:12023: checking for C++ compiler version
configure:12032: g++ --version >&5
./configure: line 12034: g++: command not found
configure:12043: $? = 127
configure:12032: g++ -v >&5
./configure: line 12034: g++: command not found
configure:12043: $? = 127
configure:12032: g++ -V >&5
./configure: line 12034: g++: command not found
configure:12043: $? = 127
configure:12032: g++ -qversion >&5
./configure: line 12034: g++: command not found
configure:12043: $? = 127
configure:12047: checking whether we are using the GNU C++ compiler
configure:12066: g++ -c   conftest.cpp >&5
./configure: line 1860: g++: command not found
configure:12066: $? = 127
configure: failed program was:
| /* confdefs.h */
| #define PACKAGE_NAME ""
| #define PACKAGE_TARNAME ""
| #define PACKAGE_VERSION ""
| #define PACKAGE_STRING ""
| #define PACKAGE_BUGREPORT ""
| #define PACKAGE_URL ""
| #define STDC_HEADERS 1
| #define HAVE_SYS_TYPES_H 1
| #define HAVE_SYS_STAT_H 1
| #define HAVE_STDLIB_H 1
| #define HAVE_STRING_H 1
| #define HAVE_MEMORY_H 1
| #define HAVE_STRINGS_H 1
| #define HAVE_INTTYPES_H 1
| #define HAVE_STDINT_H 1
| #define HAVE_UNISTD_H 1
| #define HAVE_DLFCN_H 1
| #define LT_OBJDIR ".libs/"
| /* end confdefs.h.  */
| 
| int
| main ()
| {
| #ifndef __GNUC__
|        choke me
| #endif
| 
|   ;
|   return 0;
| }
configure:12075: result: no
configure:12084: checking whether g++ accepts -g
configure:12104: g++ -c -g  conftest.cpp >&5
./configure: line 1860: g++: command not found
configure:12104: $? = 127
configure: failed program was:
| /* confdefs.h */
| #define PACKAGE_NAME ""
| #define PACKAGE_TARNAME ""
| #define PACKAGE_VERSION ""
| #define PACKAGE_STRING ""
| #define PACKAGE_BUGREPORT ""
| #define PACKAGE_URL ""
| #define STDC_HEADERS 1
| #define HAVE_SYS_TYPES_H 1
| #define HAVE_SYS_STAT_H 1
| #define HAVE_STDLIB_H 1
| #define HAVE_STRING_H 1
| #define HAVE_MEMORY_H 1
| #define HAVE_STRINGS_H 1
| #define HAVE_INTTYPES_H 1
| #define HAVE_STDINT_H 1
| #define HAVE_UNISTD_H 1
| #define HAVE_DLFCN_H 1
| #define LT_OBJDIR ".libs/"
| /* end confdefs.h.  */
| 
| int
| main ()
| {
| 
|   ;
|   return 0;
| }
configure:12119: g++ -c   conftest.cpp >&5
./configure: line 1860: g++: command not found
configure:12119: $? = 127
configure: failed program was:
| /* confdefs.h */
| #define PACKAGE_NAME ""
| #define PACKAGE_TARNAME ""
| #define PACKAGE_VERSION ""
| #define PACKAGE_STRING ""
| #define PACKAGE_BUGREPORT ""
| #define PACKAGE_URL ""
| #define STDC_HEADERS 1
| #define HAVE_SYS_TYPES_H 1
| #define HAVE_SYS_STAT_H 1
| #define HAVE_STDLIB_H 1
| #define HAVE_STRING_H 1
| #define HAVE_MEMORY_H 1
| #define HAVE_STRINGS_H 1
| #define HAVE_INTTYPES_H 1
| #define HAVE_STDINT_H 1
| #define HAVE_UNISTD_H 1
| #define HAVE_DLFCN_H 1
| #define LT_OBJDIR ".libs/"
| /* end confdefs.h.  */
| 
| int
| main ()
| {
| 
|   ;
|   return 0;
| }
configure:12135: g++ -c -g  conftest.cpp >&5
./configure: line 1860: g++: command not found
configure:12135: $? = 127
configure: failed program was:
| /* confdefs.h */
| #define PACKAGE_NAME ""
| #define PACKAGE_TARNAME ""
| #define PACKAGE_VERSION ""
| #define PACKAGE_STRING ""
| #define PACKAGE_BUGREPORT ""
| #define PACKAGE_URL ""
| #define STDC_HEADERS 1
| #define HAVE_SYS_TYPES_H 1
| #define HAVE_SYS_STAT_H 1
| #define HAVE_STDLIB_H 1
| #define HAVE_STRING_H 1
| #define HAVE_MEMORY_H 1
| #define HAVE_STRINGS_H 1
| #define HAVE_INTTYPES_H 1
| #define HAVE_STDINT_H 1
| #define HAVE_UNISTD_H 1
| #define HAVE_DLFCN_H 1
| #define LT_OBJDIR ".libs/"
| /* end confdefs.h.  */
| 
| int
| main ()
| {
| 
|   ;
|   return 0;
| }
configure:12145: result: no
configure:12170: checking dependency style of g++
configure:12281: result: none
configure:15496: checking for library containing strerror
configure:15527: gcc -o conftest -g -O2   conftest.c  >&5
configure:15527: $? = 0
configure:15544: result: none required
configure:15553: checking whether make sets $(MAKE)
configure:15575: result: yes
configure:15588: checking for dirent.h that defines DIR
configure:15607: gcc -c -g -O2  conftest.c >&5
configure:15607: $? = 0
configure:15615: result: yes
configure:15628: checking for library containing opendir
configure:15659: gcc -o conftest -g -O2   conftest.c  >&5
configure:15659: $? = 0
configure:15676: result: none required
configure:15743: checking whether closedir returns void
configure:15777: result: yes
configure:15785: checking for working memcmp
configure:15838: result: no
configure:15849: checking for strftime
configure:15849: gcc -o conftest -g -O2   conftest.c  >&5
conftest.c:46:6: warning: conflicting types for built-in function 'strftime' [enabled by default]
configure:15849: $? = 0
configure:15849: result: yes
configure:15904: checking for vprintf
configure:15904: gcc -o conftest -g -O2   conftest.c  >&5
conftest.c:47:6: warning: conflicting types for built-in function 'vprintf' [enabled by default]
configure:15904: $? = 0
configure:15904: result: yes
configure:15910: checking for _doprnt
configure:15910: gcc -o conftest -g -O2   conftest.c  >&5
/tmp/ccAys6EI.o: In function `main':
/home/sevar/workspace/android-spatialite/ndk-modules/geos/geos/conftest.c:59: undefined reference to `_doprnt'
collect2: error: ld returned 1 exit status
configure:15910: $? = 1
configure: failed program was:
| /* confdefs.h */
| #define PACKAGE_NAME ""
| #define PACKAGE_TARNAME ""
| #define PACKAGE_VERSION ""
| #define PACKAGE_STRING ""
| #define PACKAGE_BUGREPORT ""
| #define PACKAGE_URL ""
| #define STDC_HEADERS 1
| #define HAVE_SYS_TYPES_H 1
| #define HAVE_SYS_STAT_H 1
| #define HAVE_STDLIB_H 1
| #define HAVE_STRING_H 1
| #define HAVE_MEMORY_H 1
| #define HAVE_STRINGS_H 1
| #define HAVE_INTTYPES_H 1
| #define HAVE_STDINT_H 1
| #define HAVE_UNISTD_H 1
| #define HAVE_DLFCN_H 1
| #define LT_OBJDIR ".libs/"
| #define HAVE_DIRENT_H 1
| #define CLOSEDIR_VOID 1
| #define HAVE_STRFTIME 1
| #define HAVE_VPRINTF 1
| /* end confdefs.h.  */
| /* Define _doprnt to an innocuous variant, in case <limits.h> declares _doprnt.
|    For example, HP-UX 11i <limits.h> declares gettimeofday.  */
| #define _doprnt innocuous__doprnt
| 
| /* System header to define __stub macros and hopefully few prototypes,
|     which can conflict with char _doprnt (); below.
|     Prefer <limits.h> to <assert.h> if __STDC__ is defined, since
|     <limits.h> exists even on freestanding compilers.  */
| 
| #ifdef __STDC__
| # include <limits.h>
| #else
| # include <assert.h>
| #endif
| 
| #undef _doprnt
| 
| /* Override any GCC internal prototype to avoid an error.
|    Use char because int might match the return type of a GCC
|    builtin and then its argument prototype would still apply.  */
| #ifdef __cplusplus
| extern "C"
| #endif
| char _doprnt ();
| /* The GNU C library defines this for functions which it implements
|     to always fail with ENOSYS.  Some functions are actually named
|     something starting with __ and the normal name is an alias.  */
| #if defined __stub__doprnt || defined __stub____doprnt
| choke me
| #endif
| 
| int
| main ()
| {
| return _doprnt ();
|   ;
|   return 0;
| }
configure:15910: result: no
configure:15921: checking for size_t
configure:15921: gcc -c -g -O2  conftest.c >&5
configure:15921: $? = 0
configure:15921: gcc -c -g -O2  conftest.c >&5
conftest.c: In function 'main':
conftest.c:61:21: error: expected expression before ')' token
configure:15921: $? = 1
configure: failed program was:
| /* confdefs.h */
| #define PACKAGE_NAME ""
| #define PACKAGE_TARNAME ""
| #define PACKAGE_VERSION ""
| #define PACKAGE_STRING ""
| #define PACKAGE_BUGREPORT ""
| #define PACKAGE_URL ""
| #define STDC_HEADERS 1
| #define HAVE_SYS_TYPES_H 1
| #define HAVE_SYS_STAT_H 1
| #define HAVE_STDLIB_H 1
| #define HAVE_STRING_H 1
| #define HAVE_MEMORY_H 1
| #define HAVE_STRINGS_H 1
| #define HAVE_INTTYPES_H 1
| #define HAVE_STDINT_H 1
| #define HAVE_UNISTD_H 1
| #define HAVE_DLFCN_H 1
| #define LT_OBJDIR ".libs/"
| #define HAVE_DIRENT_H 1
| #define CLOSEDIR_VOID 1
| #define HAVE_STRFTIME 1
| #define HAVE_VPRINTF 1
| /* end confdefs.h.  */
| #include <stdio.h>
| #ifdef HAVE_SYS_TYPES_H
| # include <sys/types.h>
| #endif
| #ifdef HAVE_SYS_STAT_H
| # include <sys/stat.h>
| #endif
| #ifdef STDC_HEADERS
| # include <stdlib.h>
| # include <stddef.h>
| #else
| # ifdef HAVE_STDLIB_H
| #  include <stdlib.h>
| # endif
| #endif
| #ifdef HAVE_STRING_H
| # if !defined STDC_HEADERS && defined HAVE_MEMORY_H
| #  include <memory.h>
| # endif
| # include <string.h>
| #endif
| #ifdef HAVE_STRINGS_H
| # include <strings.h>
| #endif
| #ifdef HAVE_INTTYPES_H
| # include <inttypes.h>
| #endif
| #ifdef HAVE_STDINT_H
| # include <stdint.h>
| #endif
| #ifdef HAVE_UNISTD_H
| # include <unistd.h>
| #endif
| int
| main ()
| {
| if (sizeof ((size_t)))
| 	    return 0;
|   ;
|   return 0;
| }
configure:15921: result: yes
configure:15934: checking for working alloca.h
configure:15951: gcc -o conftest -g -O2   conftest.c  >&5
configure:15951: $? = 0
configure:15959: result: yes
configure:15967: checking for alloca
configure:16004: gcc -o conftest -g -O2   conftest.c  >&5
configure:16004: $? = 0
configure:16012: result: yes
configure:16121: checking for dirent.h that defines DIR
configure:16148: result: yes
configure:16161: checking for library containing opendir
configure:16209: result: none required
configure:16276: checking for ANSI C header files
configure:16380: result: yes
configure:16390: checking for memory.h
configure:16390: result: yes
configure:16402: checking for unistd.h
configure:16402: result: yes
configure:16414: checking ieeefp.h usability
configure:16414: gcc -c -g -O2  conftest.c >&5
conftest.c:64:20: fatal error: ieeefp.h: No such file or directory
compilation terminated.
configure:16414: $? = 1
configure: failed program was:
| /* confdefs.h */
| #define PACKAGE_NAME ""
| #define PACKAGE_TARNAME ""
| #define PACKAGE_VERSION ""
| #define PACKAGE_STRING ""
| #define PACKAGE_BUGREPORT ""
| #define PACKAGE_URL ""
| #define STDC_HEADERS 1
| #define HAVE_SYS_TYPES_H 1
| #define HAVE_SYS_STAT_H 1
| #define HAVE_STDLIB_H 1
| #define HAVE_STRING_H 1
| #define HAVE_MEMORY_H 1
| #define HAVE_STRINGS_H 1
| #define HAVE_INTTYPES_H 1
| #define HAVE_STDINT_H 1
| #define HAVE_UNISTD_H 1
| #define HAVE_DLFCN_H 1
| #define LT_OBJDIR ".libs/"
| #define HAVE_DIRENT_H 1
| #define CLOSEDIR_VOID 1
| #define HAVE_STRFTIME 1
| #define HAVE_VPRINTF 1
| #define HAVE_ALLOCA_H 1
| #define HAVE_ALLOCA 1
| #define HAVE_DIRENT_H 1
| #define STDC_HEADERS 1
| #define HAVE_MEMORY_H 1
| #define HAVE_UNISTD_H 1
| /* end confdefs.h.  */
| #include <stdio.h>
| #ifdef HAVE_SYS_TYPES_H
| # include <sys/types.h>
| #endif
| #ifdef HAVE_SYS_STAT_H
| # include <sys/stat.h>
| #endif
| #ifdef STDC_HEADERS
| # include <stdlib.h>
| # include <stddef.h>
| #else
| # ifdef HAVE_STDLIB_H
| #  include <stdlib.h>
| # endif
| #endif
| #ifdef HAVE_STRING_H
| # if !defined STDC_HEADERS && defined HAVE_MEMORY_H
| #  include <memory.h>
| # endif
| # include <string.h>
| #endif
| #ifdef HAVE_STRINGS_H
| # include <strings.h>
| #endif
| #ifdef HAVE_INTTYPES_H
| # include <inttypes.h>
| #endif
| #ifdef HAVE_STDINT_H
| # include <stdint.h>
| #endif
| #ifdef HAVE_UNISTD_H
| # include <unistd.h>
| #endif
| #include <ieeefp.h>
configure:16414: result: no
configure:16414: checking ieeefp.h presence
configure:16414: gcc -E  conftest.c
conftest.c:31:20: fatal error: ieeefp.h: No such file or directory
compilation terminated.
configure:16414: $? = 1
configure: failed program was:
| /* confdefs.h */
| #define PACKAGE_NAME ""
| #define PACKAGE_TARNAME ""
| #define PACKAGE_VERSION ""
| #define PACKAGE_STRING ""
| #define PACKAGE_BUGREPORT ""
| #define PACKAGE_URL ""
| #define STDC_HEADERS 1
| #define HAVE_SYS_TYPES_H 1
| #define HAVE_SYS_STAT_H 1
| #define HAVE_STDLIB_H 1
| #define HAVE_STRING_H 1
| #define HAVE_MEMORY_H 1
| #define HAVE_STRINGS_H 1
| #define HAVE_INTTYPES_H 1
| #define HAVE_STDINT_H 1
| #define HAVE_UNISTD_H 1
| #define HAVE_DLFCN_H 1
| #define LT_OBJDIR ".libs/"
| #define HAVE_DIRENT_H 1
| #define CLOSEDIR_VOID 1
| #define HAVE_STRFTIME 1
| #define HAVE_VPRINTF 1
| #define HAVE_ALLOCA_H 1
| #define HAVE_ALLOCA 1
| #define HAVE_DIRENT_H 1
| #define STDC_HEADERS 1
| #define HAVE_MEMORY_H 1
| #define HAVE_UNISTD_H 1
| /* end confdefs.h.  */
| #include <ieeefp.h>
configure:16414: result: no
configure:16414: checking for ieeefp.h
configure:16414: result: no
configure:16426: checking sys/file.h usability
configure:16426: gcc -c -g -O2  conftest.c >&5
configure:16426: $? = 0
configure:16426: result: yes
configure:16426: checking sys/file.h presence
configure:16426: gcc -E  conftest.c
configure:16426: $? = 0
configure:16426: result: yes
configure:16426: checking for sys/file.h
configure:16426: result: yes
configure:16438: checking sys/time.h usability
configure:16438: gcc -c -g -O2  conftest.c >&5
configure:16438: $? = 0
configure:16438: result: yes
configure:16438: checking sys/time.h presence
configure:16438: gcc -E  conftest.c
configure:16438: $? = 0
configure:16438: result: yes
configure:16438: checking for sys/time.h
configure:16438: result: yes
configure:16451: checking for strchr
configure:16451: gcc -o conftest -g -O2   conftest.c  >&5
conftest.c:56:6: warning: conflicting types for built-in function 'strchr' [enabled by default]
configure:16451: $? = 0
configure:16451: result: yes
configure:16451: checking for memcpy
configure:16451: gcc -o conftest -g -O2   conftest.c  >&5
conftest.c:57:6: warning: conflicting types for built-in function 'memcpy' [enabled by default]
configure:16451: $? = 0
configure:16451: result: yes
configure:16451: checking for gettimeofday
configure:16451: gcc -o conftest -g -O2   conftest.c  >&5
configure:16451: $? = 0
configure:16451: result: yes
configure:16460: checking whether stat file-mode macros are broken
configure:16487: gcc -c -g -O2  conftest.c >&5
configure:16487: $? = 0
configure:16494: result: no
configure:16502: checking whether struct tm is in sys/time.h or time.h
configure:16522: gcc -c -g -O2  conftest.c >&5
configure:16522: $? = 0
configure:16529: result: time.h
configure:16537: checking for size_t
configure:16537: result: yes
configure:16548: checking for an ANSI C-conforming const
configure:16614: gcc -c -g -O2  conftest.c >&5
configure:16614: $? = 0
configure:16621: result: yes
configure:16672: checking if requested to force inline functions
configure:16679: result: yes
configure:16686: checking if requested to enable assert macros
configure:16693: result: yes
configure:16697: checking if requested libstdc++ debug mode
configure:16704: result: no
configure:16715: checking if gcc supports -pedantic
configure:16733: gcc -c -g -O2  -pedantic conftest.c >&5
configure:16737: $? = 0
configure:16750: result: yes
configure:16759: checking if gcc supports -Wall
configure:16777: gcc -c -g -O2  -Wall conftest.c >&5
configure:16781: $? = 0
configure:16794: result: yes
configure:16803: checking if gcc supports -ansi
configure:16821: gcc -c -g -O2  -ansi conftest.c >&5
configure:16825: $? = 0
configure:16838: result: yes
configure:16847: checking if gcc supports -Wno-long-long
configure:16865: gcc -c -g -O2  -Wno-long-long conftest.c >&5
configure:16869: $? = 0
configure:16882: result: yes
configure:16894: checking if gcc supports -ffloat-store
configure:16912: gcc -c -g -O2  -ffloat-store conftest.c >&5
configure:16916: $? = 0
configure:16929: result: yes
configure:16949: checking for finite
configure:16965: gcc -o conftest -g -O2   conftest.c  -lm >&5
configure:16965: $? = 0
configure:16974: result: yes
configure:16982: checking for isfinite
configure:16998: gcc -o conftest -g -O2   conftest.c  -lm >&5
configure:16998: $? = 0
configure:17007: result: yes
configure:17022: checking for isnan
configure:17038: g++ -o conftest    conftest.cpp  -lm >&5
./configure: line 1935: g++: command not found
configure:17038: $? = 127
configure: failed program was:
| /* confdefs.h */
| #define PACKAGE_NAME ""
| #define PACKAGE_TARNAME ""
| #define PACKAGE_VERSION ""
| #define PACKAGE_STRING ""
| #define PACKAGE_BUGREPORT ""
| #define PACKAGE_URL ""
| #define STDC_HEADERS 1
| #define HAVE_SYS_TYPES_H 1
| #define HAVE_SYS_STAT_H 1
| #define HAVE_STDLIB_H 1
| #define HAVE_STRING_H 1
| #define HAVE_MEMORY_H 1
| #define HAVE_STRINGS_H 1
| #define HAVE_INTTYPES_H 1
| #define HAVE_STDINT_H 1
| #define HAVE_UNISTD_H 1
| #define HAVE_DLFCN_H 1
| #define LT_OBJDIR ".libs/"
| #define HAVE_DIRENT_H 1
| #define CLOSEDIR_VOID 1
| #define HAVE_STRFTIME 1
| #define HAVE_VPRINTF 1
| #define HAVE_ALLOCA_H 1
| #define HAVE_ALLOCA 1
| #define HAVE_DIRENT_H 1
| #define STDC_HEADERS 1
| #define HAVE_MEMORY_H 1
| #define HAVE_UNISTD_H 1
| #define HAVE_SYS_FILE_H 1
| #define HAVE_SYS_TIME_H 1
| #define HAVE_STRCHR 1
| #define HAVE_MEMCPY 1
| #define HAVE_GETTIMEOFDAY 1
| #define HAVE_FINITE 1
| #define HAVE_ISFINITE 1
| /* end confdefs.h.  */
| #include <cmath>
| int
| main ()
| {
| double x; int y; y = isnan(x);
|   ;
|   return 0;
| }
configure:17047: result: no
configure:17065: checking whether int64_t is 64 bits
configure:17087: gcc -c -g -O2  conftest.c >&5
conftest.c: In function 'main':
conftest.c:42:41: error: 'int64_t' undeclared (first use in this function)
conftest.c:42:41: note: each undeclared identifier is reported only once for each function it appears in
configure:17087: $? = 1
configure: failed program was:
| /* confdefs.h */
| #define PACKAGE_NAME ""
| #define PACKAGE_TARNAME ""
| #define PACKAGE_VERSION ""
| #define PACKAGE_STRING ""
| #define PACKAGE_BUGREPORT ""
| #define PACKAGE_URL ""
| #define STDC_HEADERS 1
| #define HAVE_SYS_TYPES_H 1
| #define HAVE_SYS_STAT_H 1
| #define HAVE_STDLIB_H 1
| #define HAVE_STRING_H 1
| #define HAVE_MEMORY_H 1
| #define HAVE_STRINGS_H 1
| #define HAVE_INTTYPES_H 1
| #define HAVE_STDINT_H 1
| #define HAVE_UNISTD_H 1
| #define HAVE_DLFCN_H 1
| #define LT_OBJDIR ".libs/"
| #define HAVE_DIRENT_H 1
| #define CLOSEDIR_VOID 1
| #define HAVE_STRFTIME 1
| #define HAVE_VPRINTF 1
| #define HAVE_ALLOCA_H 1
| #define HAVE_ALLOCA 1
| #define HAVE_DIRENT_H 1
| #define STDC_HEADERS 1
| #define HAVE_MEMORY_H 1
| #define HAVE_UNISTD_H 1
| #define HAVE_SYS_FILE_H 1
| #define HAVE_SYS_TIME_H 1
| #define HAVE_STRCHR 1
| #define HAVE_MEMCPY 1
| #define HAVE_GETTIMEOFDAY 1
| #define HAVE_FINITE 1
| #define HAVE_ISFINITE 1
| /* end confdefs.h.  */
| 
| int
| main ()
| {
| static int test_array [1 - 2 * !(sizeof(int64_t) == 8)];
| test_array [0] = 0;
| return test_array [0];
| 
|   ;
|   return 0;
| }
configure:17135: result: no
configure:17146: checking whether long int is 64 bits
configure:17168: gcc -c -g -O2  conftest.c >&5
configure:17168: $? = 0
configure:17216: result: yes
configure:18003: checking OS-specific settings
configure:18220: creating ./config.status

## ---------------------- ##
## Running config.status. ##
## ---------------------- ##

This file was extended by config.status, which was
generated by GNU Autoconf 2.69.  Invocation command line was

  CONFIG_FILES    = 
  CONFIG_HEADERS  = 
  CONFIG_LINKS    = 
  CONFIG_COMMANDS = 
  $ ./config.status 

on HAF

config.status:1325: creating Makefile
config.status:1325: creating capi/Makefile
config.status:1325: creating capi/geos_c.h
config.status:1325: creating doc/Doxyfile
config.status:1325: creating doc/Makefile
config.status:1325: creating macros/Makefile
config.status:1325: creating src/Makefile
config.status:1325: creating src/algorithm/Makefile
config.status:1325: creating src/algorithm/locate/Makefile
config.status:1325: creating src/algorithm/distance/Makefile
config.status:1325: creating src/geom/Makefile
config.status:1325: creating src/geom/prep/Makefile
config.status:1325: creating src/geom/util/Makefile
config.status:1325: creating src/geomgraph/Makefile
config.status:1325: creating src/geomgraph/index/Makefile
config.status:1325: creating include/Makefile
config.status:1325: creating include/geos/Makefile
config.status:1325: creating include/geos/algorithm/Makefile
config.status:1325: creating include/geos/algorithm/locate/Makefile
config.status:1325: creating include/geos/algorithm/distance/Makefile
config.status:1325: creating include/geos/geom/Makefile
config.status:1325: creating include/geos/geom/prep/Makefile
config.status:1325: creating include/geos/geom/util/Makefile
config.status:1325: creating include/geos/geomgraph/Makefile
config.status:1325: creating include/geos/geomgraph/index/Makefile
config.status:1325: creating include/geos/index/Makefile
config.status:1325: creating include/geos/index/bintree/Makefile
config.status:1325: creating include/geos/index/chain/Makefile
config.status:1325: creating include/geos/index/intervalrtree/Makefile
config.status:1325: creating include/geos/index/quadtree/Makefile
config.status:1325: creating include/geos/index/strtree/Makefile
config.status:1325: creating include/geos/index/sweepline/Makefile
config.status:1325: creating include/geos/io/Makefile
config.status:1325: creating include/geos/linearref/Makefile
config.status:1325: creating include/geos/noding/Makefile
config.status:1325: creating include/geos/noding/snapround/Makefile
config.status:1325: creating include/geos/operation/Makefile
config.status:1325: creating include/geos/operation/buffer/Makefile
config.status:1325: creating include/geos/operation/distance/Makefile
config.status:1325: creating include/geos/operation/linemerge/Makefile
config.status:1325: creating include/geos/operation/overlay/Makefile
config.status:1325: creating include/geos/operation/overlay/snap/Makefile
config.status:1325: creating include/geos/operation/polygonize/Makefile
config.status:1325: creating include/geos/operation/predicate/Makefile
config.status:1325: creating include/geos/operation/relate/Makefile
config.status:1325: creating include/geos/operation/sharedpaths/Makefile
config.status:1325: creating include/geos/operation/union/Makefile
config.status:1325: creating include/geos/operation/valid/Makefile
config.status:1325: creating include/geos/planargraph/Makefile
config.status:1325: creating include/geos/planargraph/algorithm/Makefile
config.status:1325: creating include/geos/precision/Makefile
config.status:1325: creating include/geos/simplify/Makefile
config.status:1325: creating include/geos/triangulate/Makefile
config.status:1325: creating include/geos/triangulate/quadedge/Makefile
config.status:1325: creating include/geos/util/Makefile
config.status:1325: creating include/geos/version.h
config.status:1325: creating src/index/Makefile
config.status:1325: creating src/index/bintree/Makefile
config.status:1325: creating src/index/chain/Makefile
config.status:1325: creating src/index/intervalrtree/Makefile
config.status:1325: creating src/index/quadtree/Makefile
config.status:1325: creating src/index/strtree/Makefile
config.status:1325: creating src/index/sweepline/Makefile
config.status:1325: creating src/io/Makefile
config.status:1325: creating src/linearref/Makefile
config.status:1325: creating src/noding/Makefile
config.status:1325: creating src/noding/snapround/Makefile
config.status:1325: creating src/operation/Makefile
config.status:1325: creating src/operation/buffer/Makefile
config.status:1325: creating src/operation/distance/Makefile
config.status:1325: creating src/operation/linemerge/Makefile
config.status:1325: creating src/operation/overlay/Makefile
config.status:1325: creating src/operation/polygonize/Makefile
config.status:1325: creating src/operation/predicate/Makefile
config.status:1325: creating src/operation/relate/Makefile
config.status:1325: creating src/operation/sharedpaths/Makefile
config.status:1325: creating src/operation/union/Makefile
config.status:1325: creating src/operation/valid/Makefile
config.status:1325: creating src/planargraph/Makefile
config.status:1325: creating src/precision/Makefile
config.status:1325: creating src/simplify/Makefile
config.status:1325: creating src/triangulate/Makefile
config.status:1325: creating src/triangulate/quadedge/Makefile
config.status:1325: creating src/util/Makefile
config.status:1325: creating swig/geos.i
config.status:1325: creating swig/Makefile
config.status:1325: creating swig/python/Makefile
config.status:1325: creating swig/python/tests/Makefile
config.status:1325: creating swig/ruby/Makefile
config.status:1325: creating swig/ruby/test/Makefile
config.status:1325: creating php/Makefile
config.status:1325: creating php/test/Makefile
config.status:1325: creating tests/Makefile
config.status:1325: creating tests/bigtest/Makefile
config.status:1325: creating tests/unit/Makefile
config.status:1325: creating tests/perf/Makefile
config.status:1325: creating tests/perf/operation/Makefile
config.status:1325: creating tests/perf/operation/buffer/Makefile
config.status:1325: creating tests/perf/operation/predicate/Makefile
config.status:1325: creating tests/perf/capi/Makefile
config.status:1325: creating tests/xmltester/Makefile
config.status:1325: creating tests/geostest/Makefile
config.status:1325: creating tests/thread/Makefile
config.status:1325: creating tools/Makefile
config.status:1325: creating tools/geos-config
config.status:1325: creating include/config.h
config.status:1325: creating include/geos/platform.h
config.status:1506: include/geos/platform.h is unchanged
config.status:1554: executing depfiles commands
config.status:1554: executing libtool commands

## ---------------- ##
## Cache variables. ##
## ---------------- ##

ac_cv_build=x86_64-pc-linux-gnu
ac_cv_c_compiler_gnu=yes
ac_cv_c_const=yes
ac_cv_cxx_compiler_gnu=no
ac_cv_env_CCC_set=
ac_cv_env_CCC_value=
ac_cv_env_CC_set=
ac_cv_env_CC_value=
ac_cv_env_CFLAGS_set=
ac_cv_env_CFLAGS_value=
ac_cv_env_CPPFLAGS_set=
ac_cv_env_CPPFLAGS_value=
ac_cv_env_CPP_set=
ac_cv_env_CPP_value=
ac_cv_env_CXXCPP_set=
ac_cv_env_CXXCPP_value=
ac_cv_env_CXXFLAGS_set=
ac_cv_env_CXXFLAGS_value=
ac_cv_env_CXX_set=
ac_cv_env_CXX_value=
ac_cv_env_LDFLAGS_set=
ac_cv_env_LDFLAGS_value=
ac_cv_env_LIBS_set=
ac_cv_env_LIBS_value=
ac_cv_env_build_alias_set=set
ac_cv_env_build_alias_value=x86_64-pc-linux-gnu
ac_cv_env_host_alias_set=set
ac_cv_env_host_alias_value=arm-linux-eabi
ac_cv_env_target_alias_set=
ac_cv_env_target_alias_value=
ac_cv_finite=yes
ac_cv_func__doprnt=no
ac_cv_func_alloca_works=yes
ac_cv_func_closedir_void=yes
ac_cv_func_dlopen=no
ac_cv_func_gettimeofday=yes
ac_cv_func_memcmp_working=no
ac_cv_func_memcpy=yes
ac_cv_func_shl_load=no
ac_cv_func_strchr=yes
ac_cv_func_strftime=yes
ac_cv_func_vprintf=yes
ac_cv_header_dirent_dirent_h=yes
ac_cv_header_dlfcn_h=yes
ac_cv_header_ieeefp_h=no
ac_cv_header_inttypes_h=yes
ac_cv_header_memory_h=yes
ac_cv_header_stat_broken=no
ac_cv_header_stdc=yes
ac_cv_header_stdint_h=yes
ac_cv_header_stdlib_h=yes
ac_cv_header_string_h=yes
ac_cv_header_strings_h=yes
ac_cv_header_sys_file_h=yes
ac_cv_header_sys_stat_h=yes
ac_cv_header_sys_time_h=yes
ac_cv_header_sys_types_h=yes
ac_cv_header_unistd_h=yes
ac_cv_host=arm-linux-eabi
ac_cv_isfinite=yes
ac_cv_isnan=no
ac_cv_lib_dl_dlopen=yes
ac_cv_lib_dld_shl_load=no
ac_cv_objext=o
ac_cv_path_EGREP='/bin/grep -E'
ac_cv_path_FGREP='/bin/grep -F'
ac_cv_path_GREP=/bin/grep
ac_cv_path_SED=/bin/sed
ac_cv_path_install='/usr/bin/install -c'
ac_cv_path_mkdir=/bin/mkdir
ac_cv_prog_AWK=mawk
ac_cv_prog_CPP='gcc -E'
ac_cv_prog_DLLTOOL=dlltool
ac_cv_prog_OBJDUMP=objdump
ac_cv_prog_STRIP=strip
ac_cv_prog_ac_ct_AR=ar
ac_cv_prog_ac_ct_CC=gcc
ac_cv_prog_ac_ct_DUMPBIN='link -dump'
ac_cv_prog_ac_ct_MANIFEST_TOOL=mt
ac_cv_prog_ac_ct_RANLIB=ranlib
ac_cv_prog_ac_ct_STRIP=strip
ac_cv_prog_cc_c89=
ac_cv_prog_cc_g=yes
ac_cv_prog_cxx_g=no
ac_cv_prog_make_make_set=yes
ac_cv_search_opendir='none required'
ac_cv_search_strerror='none required'
ac_cv_struct_tm=time.h
ac_cv_target=arm-linux-eabi
ac_cv_type_size_t=yes
ac_cv_working_alloca_h=yes
am_cv_CC_dependencies_compiler_type=gcc3
am_cv_CXX_dependencies_compiler_type=none
dummy_cv_ansi=yes
dummy_cv_ffloat_store=yes
dummy_cv_no_long_long=yes
dummy_cv_pedantic=yes
dummy_cv_wall=yes
lt_cv_ar_at_file=@
lt_cv_archive_cmds_need_lc=no
lt_cv_deplibs_check_method=unknown
lt_cv_dlopen=dlopen
lt_cv_dlopen_libs=-ldl
lt_cv_dlopen_self=cross
lt_cv_file_magic_cmd='$MAGIC_CMD'
lt_cv_file_magic_test_file=
lt_cv_ld_reload_flag=-r
lt_cv_nm_interface='BSD nm'
lt_cv_objdir=.libs
lt_cv_path_LD=/usr/bin/ld
lt_cv_path_NM=no
lt_cv_path_mainfest_tool=no
lt_cv_prog_compiler_c_o=yes
lt_cv_prog_compiler_pic='-fPIC -DPIC'
lt_cv_prog_compiler_pic_works=yes
lt_cv_prog_compiler_rtti_exceptions=no
lt_cv_prog_compiler_static_works=yes
lt_cv_prog_gnu_ld=yes
lt_cv_sharedlib_from_linklib_cmd='printf %s\n'
lt_cv_sys_global_symbol_pipe='sed -n -e '\''s/^.*[	 ]\([ABCDGIRSTW][ABCDGIRSTW]*\)[	 ][	 ]*\([_A-Za-z][_A-Za-z0-9]*\)$/\1 \2 \2/p'\'' | sed '\''/ __gnu_lto/d'\'''
lt_cv_sys_global_symbol_to_c_name_address='sed -n -e '\''s/^: \([^ ]*\)[ ]*$/  {\"\1\", (void *) 0},/p'\'' -e '\''s/^[ABCDGIRSTW]* \([^ ]*\) \([^ ]*\)$/  {"\2", (void *) \&\2},/p'\'''
lt_cv_sys_global_symbol_to_c_name_address_lib_prefix='sed -n -e '\''s/^: \([^ ]*\)[ ]*$/  {\"\1\", (void *) 0},/p'\'' -e '\''s/^[ABCDGIRSTW]* \([^ ]*\) \(lib[^ ]*\)$/  {"\2", (void *) \&\2},/p'\'' -e '\''s/^[ABCDGIRSTW]* \([^ ]*\) \([^ ]*\)$/  {"lib\2", (void *) \&\2},/p'\'''
lt_cv_sys_global_symbol_to_cdecl='sed -n -e '\''s/^T .* \(.*\)$/extern int \1();/p'\'' -e '\''s/^[ABCDGIRSTW]* .* \(.*\)$/extern char \1;/p'\'''
lt_cv_sys_max_cmd_len=1572864
lt_cv_to_host_file_cmd=func_convert_file_noop
lt_cv_to_tool_file_cmd=func_convert_file_noop
pgac_cv_type_int64_t_64=no
pgac_cv_type_long_int_64=yes

## ----------------- ##
## Output variables. ##
## ----------------- ##

ACLOCAL='${SHELL} /home/sevar/workspace/android-spatialite/ndk-modules/geos/geos/missing --run aclocal-1.11'
ALLOCA=''
AMDEPBACKSLASH='\'
AMDEP_FALSE='#'
AMDEP_TRUE=''
AMTAR='$${TAR-tar}'
AM_CFLAGS='  -pedantic -Wall -ansi -Wno-long-long  -ffloat-store'
AM_CXXFLAGS=' -DGEOS_INLINE  -pedantic -Wall -ansi -Wno-long-long  -ffloat-store'
AR='ar'
AS='as'
AUTOCONF='${SHELL} /home/sevar/workspace/android-spatialite/ndk-modules/geos/geos/missing --run autoconf'
AUTOHEADER='${SHELL} /home/sevar/workspace/android-spatialite/ndk-modules/geos/geos/missing --run autoheader'
AUTOMAKE='${SHELL} /home/sevar/workspace/android-spatialite/ndk-modules/geos/geos/missing --run automake-1.11'
AWK='mawk'
CAPI_INTERFACE_AGE='8'
CAPI_INTERFACE_CURRENT='9'
CAPI_INTERFACE_REVISION='2'
CAPI_VERSION='1.8.2'
CAPI_VERSION_MAJOR='1'
CAPI_VERSION_MINOR='8'
CAPI_VERSION_PATCH='2'
CC='gcc'
CCDEPMODE='depmode=gcc3'
CFLAGS='-g -O2'
CPP='gcc -E'
CPPFLAGS=''
CXX='g++'
CXXCPP=''
CXXDEPMODE='depmode=none'
CXXFLAGS=''
CYGPATH_W='echo'
DEFS='-DHAVE_CONFIG_H'
DEPDIR='.deps'
DLLTOOL='dlltool'
DSYMUTIL=''
DUMPBIN=':'
ECHO_C=''
ECHO_N='-n'
ECHO_T=''
EGREP='/bin/grep -E'
ENABLE_PHP_FALSE=''
ENABLE_PHP_TRUE='#'
ENABLE_PYTHON_FALSE=''
ENABLE_PYTHON_TRUE='#'
ENABLE_RUBY_FALSE=''
ENABLE_RUBY_TRUE='#'
ENABLE_SWIG_FALSE=''
ENABLE_SWIG_TRUE='#'
EXEEXT=''
FGREP='/bin/grep -F'
GREP='/bin/grep'
HAVE_PHP_FALSE=''
HAVE_PHP_TRUE='#'
HAVE_PHP_UNIT_FALSE=''
HAVE_PHP_UNIT_TRUE='#'
INLINE_FLAGS='-DGEOS_INLINE'
INSTALL_DATA='${INSTALL} -m 644'
INSTALL_PROGRAM='${INSTALL}'
INSTALL_SCRIPT='${INSTALL}'
INSTALL_STRIP_PROGRAM='$(install_sh) -c -s'
INTERFACE_AGE=''
INTERFACE_CURRENT=''
INTERFACE_REVISION=''
JTS_PORT='1.12.0'
LD='/usr/bin/ld'
LDFLAGS=''
LIBOBJS=' ${LIBOBJDIR}memcmp$U.o'
LIBS=''
LIBTOOL='$(SHELL) $(top_builddir)/libtool'
LIPO=''
LN_S='ln -s'
LTLIBOBJS=' ${LIBOBJDIR}memcmp$U.lo'
MAINT='#'
MAINTAINER_MODE_FALSE=''
MAINTAINER_MODE_TRUE='#'
MAKEINFO='${SHELL} /home/sevar/workspace/android-spatialite/ndk-modules/geos/geos/missing --run makeinfo'
MANIFEST_TOOL=':'
MKDIR_P='/bin/mkdir -p'
NM='nm'
NMEDIT=''
OBJDUMP='objdump'
OBJEXT='o'
OTOOL64=''
OTOOL=''
PACKAGE='geos'
PACKAGE_BUGREPORT=''
PACKAGE_NAME=''
PACKAGE_STRING=''
PACKAGE_TARNAME=''
PACKAGE_URL=''
PACKAGE_VERSION=''
PATH_SEPARATOR=':'
PHP=''
PHPUNIT=''
PHP_CONFIG=''
PYTHON=''
PYTHON_CPPFLAGS=''
PYTHON_EXEC_PREFIX=''
PYTHON_EXTRA_LIBS=''
PYTHON_LDFLAGS=''
PYTHON_PLATFORM=''
PYTHON_PREFIX=''
PYTHON_SITE_PKG=''
PYTHON_VERSION=''
RANLIB='ranlib'
RUBY=''
RUBY_BIN_DIR=''
RUBY_EXTENSION_DIR=''
RUBY_INCLUDE_DIR=''
RUBY_LIB_DIR=''
RUBY_SHARED_LIB=''
RUBY_SITE_ARCH=''
RUBY_SO_NAME=''
RUBY_VERSION=''
SED='/bin/sed'
SET_MAKE=''
SHELL='/bin/bash'
STRIP='strip'
SWIG=''
SWIG_LIB=''
SWIG_PYTHON_CPPFLAGS=''
SWIG_PYTHON_OPT=''
VERSION='3.4.2'
VERSION_MAJOR='3'
VERSION_MINOR='4'
VERSION_PATCH='2'
ac_ct_AR='ar'
ac_ct_CC='gcc'
ac_ct_CXX=''
ac_ct_DUMPBIN='link -dump'
am__EXEEXT_FALSE=''
am__EXEEXT_TRUE='#'
am__fastdepCC_FALSE='#'
am__fastdepCC_TRUE=''
am__fastdepCXX_FALSE=''
am__fastdepCXX_TRUE='#'
am__include='include'
am__isrc=''
am__leading_dot='.'
am__nodep='_no'
am__quote=''
am__tar='$${TAR-tar} chof - "$$tardir"'
am__untar='$${TAR-tar} xf -'
bindir='${exec_prefix}/bin'
build='x86_64-pc-linux-gnu'
build_alias='x86_64-pc-linux-gnu'
build_cpu='x86_64'
build_os='linux-gnu'
build_vendor='pc'
datadir='${datarootdir}'
datarootdir='${prefix}/share'
docdir='${datarootdir}/doc/${PACKAGE}'
dvidir='${docdir}'
exec_prefix='${prefix}'
host='arm-linux-eabi'
host_alias='arm-linux-eabi'
host_cpu='arm'
host_os='eabi'
host_vendor='linux'
htmldir='${docdir}'
includedir='${prefix}/include'
infodir='${datarootdir}/info'
install_sh='${SHELL} /home/sevar/workspace/android-spatialite/ndk-modules/geos/geos/install-sh'
libdir='${exec_prefix}/lib'
libexecdir='${exec_prefix}/libexec'
localedir='${datarootdir}/locale'
localstatedir='${prefix}/var'
mandir='${datarootdir}/man'
mkdir_p='/bin/mkdir -p'
oldincludedir='/usr/include'
pdfdir='${docdir}'
pkgpyexecdir=''
pkgpythondir=''
prefix='/usr/local'
program_transform_name='s,x,x,'
psdir='${docdir}'
pyexecdir=''
pythondir=''
sbindir='${exec_prefix}/sbin'
sharedstatedir='${prefix}/com'
sysconfdir='${prefix}/etc'
target='arm-linux-eabi'
target_alias=''
target_cpu='arm'
target_os='eabi'
target_vendor='linux'

## ----------- ##
## confdefs.h. ##
## ----------- ##

/* confdefs.h */
#define PACKAGE_NAME ""
#define PACKAGE_TARNAME ""
#define PACKAGE_VERSION ""
#define PACKAGE_STRING ""
#define PACKAGE_BUGREPORT ""
#define PACKAGE_URL ""
#define STDC_HEADERS 1
#define HAVE_SYS_TYPES_H 1
#define HAVE_SYS_STAT_H 1
#define HAVE_STDLIB_H 1
#define HAVE_STRING_H 1
#define HAVE_MEMORY_H 1
#define HAVE_STRINGS_H 1
#define HAVE_INTTYPES_H 1
#define HAVE_STDINT_H 1
#define HAVE_UNISTD_H 1
#define HAVE_DLFCN_H 1
#define LT_OBJDIR ".libs/"
#define HAVE_DIRENT_H 1
#define CLOSEDIR_VOID 1
#define HAVE_STRFTIME 1
#define HAVE_VPRINTF 1
#define HAVE_ALLOCA_H 1
#define HAVE_ALLOCA 1
#define HAVE_DIRENT_H 1
#define STDC_HEADERS 1
#define HAVE_MEMORY_H 1
#define HAVE_UNISTD_H 1
#define HAVE_SYS_FILE_H 1
#define HAVE_SYS_TIME_H 1
#define HAVE_STRCHR 1
#define HAVE_MEMCPY 1
#define HAVE_GETTIMEOFDAY 1
#define HAVE_FINITE 1
#define HAVE_ISFINITE 1
#define HAVE_LONG_INT_64 1

configure: exit 0
